{"numTotalTestSuites":170,"numPassedTestSuites":168,"numFailedTestSuites":2,"numPendingTestSuites":0,"numTotalTests":300,"numPassedTests":298,"numFailedTests":2,"numPendingTests":0,"numTodoTests":0,"snapshot":{"added":0,"failure":false,"filesAdded":0,"filesRemoved":0,"filesRemovedList":[],"filesUnmatched":0,"filesUpdated":0,"matched":0,"total":0,"unchecked":0,"uncheckedKeysByFile":[],"unmatched":0,"updated":0,"didUpdate":false},"startTime":1774546493467,"success":false,"testResults":[{"assertionResults":[{"ancestorTitles":["askLocalGuide"],"fullName":"askLocalGuide returns AI response on success","status":"passed","title":"returns AI response on success","duration":2.4819589999999607,"failureMessages":[],"meta":{}},{"ancestorTitles":["askLocalGuide"],"fullName":"askLocalGuide handles property context","status":"passed","title":"handles property context","duration":0.7958340000000135,"failureMessages":[],"meta":{}},{"ancestorTitles":["askLocalGuide"],"fullName":"askLocalGuide returns rate limit message","status":"passed","title":"returns rate limit message","duration":2.016791000000012,"failureMessages":[],"meta":{}},{"ancestorTitles":["askLocalGuide"],"fullName":"askLocalGuide returns error message if edge function fails","status":"passed","title":"returns error message if edge function fails","duration":3.374041000000034,"failureMessages":[],"meta":{}}],"startTime":1774546500415,"endTime":1774546500424.374,"status":"passed","message":"","name":"/Users/kachevn1k/Projects/alanya-holidays/api-services/aiService.test.ts"},{"assertionResults":[{"ancestorTitles":["AuthContext"],"fullName":"AuthContext initializes as unauthenticated when no session exists","status":"passed","title":"initializes as unauthenticated when no session exists","duration":63.011167,"failureMessages":[],"meta":{}},{"ancestorTitles":["AuthContext"],"fullName":"AuthContext loads user profile if session exists on mount","status":"passed","title":"loads user profile if session exists on mount","duration":52.79712500000005,"failureMessages":[],"meta":{}},{"ancestorTitles":["AuthContext"],"fullName":"AuthContext updates state on auth state change","status":"passed","title":"updates state on auth state change","duration":64.83862500000009,"failureMessages":[],"meta":{}},{"ancestorTitles":["AuthContext"],"fullName":"AuthContext handles login success","status":"passed","title":"handles login success","duration":55.093208000000004,"failureMessages":[],"meta":{}},{"ancestorTitles":["AuthContext"],"fullName":"AuthContext handles register success and triggers welcome email","status":"passed","title":"handles register success and triggers welcome email","duration":63.79037500000004,"failureMessages":[],"meta":{}},{"ancestorTitles":["AuthContext"],"fullName":"AuthContext handles logout","status":"passed","title":"handles logout","duration":57.80408300000022,"failureMessages":[],"meta":{}},{"ancestorTitles":["AuthContext"],"fullName":"AuthContext updates user profile","status":"passed","title":"updates user profile","duration":55.793916999999965,"failureMessages":[],"meta":{}}],"startTime":1774546494376,"endTime":1774546494788.794,"status":"passed","message":"","name":"/Users/kachevn1k/Projects/alanya-holidays/context/AuthContext.test.tsx"},{"assertionResults":[{"ancestorTitles":["CurrencyContext"],"fullName":"CurrencyContext provides default currency EUR","status":"passed","title":"provides default currency EUR","duration":18.987459000000058,"failureMessages":[],"meta":{}},{"ancestorTitles":["CurrencyContext"],"fullName":"CurrencyContext loads currency from localStorage","status":"passed","title":"loads currency from localStorage","duration":3.9304160000000365,"failureMessages":[],"meta":{}},{"ancestorTitles":["CurrencyContext"],"fullName":"CurrencyContext updates currency and saves to localStorage","status":"passed","title":"updates currency and saves to localStorage","duration":7.529667000000018,"failureMessages":[],"meta":{}},{"ancestorTitles":["CurrencyContext"],"fullName":"CurrencyContext calls utils.convertPrice correctly","status":"passed","title":"calls utils.convertPrice correctly","duration":2.876957999999945,"failureMessages":[],"meta":{}},{"ancestorTitles":["CurrencyContext"],"fullName":"CurrencyContext uses current currency for conversion target","status":"passed","title":"uses current currency for conversion target","duration":3.657208999999966,"failureMessages":[],"meta":{}},{"ancestorTitles":["CurrencyContext"],"fullName":"CurrencyContext calls utils.formatPrice correctly","status":"passed","title":"calls utils.formatPrice correctly","duration":1.195583000000056,"failureMessages":[],"meta":{}},{"ancestorTitles":["CurrencyContext"],"fullName":"CurrencyContext throws error if used outside provider","status":"passed","title":"throws error if used outside provider","duration":3.0607500000000982,"failureMessages":[],"meta":{}}],"startTime":1774546498304,"endTime":1774546498345.0608,"status":"passed","message":"","name":"/Users/kachevn1k/Projects/alanya-holidays/context/CurrencyContext.test.tsx"},{"assertionResults":[{"ancestorTitles":["LanguageContext"],"fullName":"LanguageContext provides default language \"en\"","status":"passed","title":"provides default language \"en\"","duration":22.523374999999987,"failureMessages":[],"meta":{}},{"ancestorTitles":["LanguageContext"],"fullName":"LanguageContext updates language and document attributes","status":"passed","title":"updates language and document attributes","duration":8.992208000000005,"failureMessages":[],"meta":{}},{"ancestorTitles":["LanguageContext"],"fullName":"LanguageContext handles RTL for Arabic","status":"passed","title":"handles RTL for Arabic","duration":1.487875000000031,"failureMessages":[],"meta":{}},{"ancestorTitles":["LanguageContext"],"fullName":"LanguageContext translates keys correctly","status":"passed","title":"translates keys correctly","duration":2.088124999999991,"failureMessages":[],"meta":{}},{"ancestorTitles":["LanguageContext"],"fullName":"LanguageContext interpolates parameters","status":"passed","title":"interpolates parameters","duration":1.3345419999999422,"failureMessages":[],"meta":{}},{"ancestorTitles":["LanguageContext"],"fullName":"LanguageContext returns key if translation missing","status":"passed","title":"returns key if translation missing","duration":0.8353329999999914,"failureMessages":[],"meta":{}},{"ancestorTitles":["LanguageContext"],"fullName":"LanguageContext throws error if used outside provider","status":"passed","title":"throws error if used outside provider","duration":3.2426659999999856,"failureMessages":[],"meta":{}}],"startTime":1774546498917,"endTime":1774546498958.2427,"status":"passed","message":"","name":"/Users/kachevn1k/Projects/alanya-holidays/context/LanguageContext.test.tsx"},{"assertionResults":[{"ancestorTitles":["ThemeContext"],"fullName":"ThemeContext provides default theme","status":"passed","title":"provides default theme","duration":14.803583000000003,"failureMessages":[],"meta":{}},{"ancestorTitles":["ThemeContext"],"fullName":"ThemeContext toggles theme","status":"passed","title":"toggles theme","duration":9.684540999999967,"failureMessages":[],"meta":{}}],"startTime":1774546498998,"endTime":1774546499022.6846,"status":"passed","message":"","name":"/Users/kachevn1k/Projects/alanya-holidays/context/ThemeContext.test.tsx"},{"assertionResults":[{"ancestorTitles":["Footer"],"fullName":"Footer renders all sections","status":"passed","title":"renders all sections","duration":36.56162500000005,"failureMessages":[],"meta":{}},{"ancestorTitles":["Footer"],"fullName":"Footer renders social links","status":"passed","title":"renders social links","duration":9.930042000000071,"failureMessages":[],"meta":{}},{"ancestorTitles":["Footer"],"fullName":"Footer handles newsletter subscription","status":"passed","title":"handles newsletter subscription","duration":21.19266700000003,"failureMessages":[],"meta":{}}],"startTime":1774546497138,"endTime":1774546497206.1926,"status":"passed","message":"","name":"/Users/kachevn1k/Projects/alanya-holidays/components/Footer.test.tsx"},{"assertionResults":[{"ancestorTitles":["Navbar"],"fullName":"Navbar renders logo and navigation links","status":"passed","title":"renders logo and navigation links","duration":34.49787500000002,"failureMessages":[],"meta":{}},{"ancestorTitles":["Navbar"],"fullName":"Navbar opens login modal when guest clicks profile -> login","status":"passed","title":"opens login modal when guest clicks profile -> login","duration":18.542040999999926,"failureMessages":[],"meta":{}},{"ancestorTitles":["Navbar"],"fullName":"Navbar displays user info when authenticated","status":"passed","title":"displays user info when authenticated","duration":21.34066699999994,"failureMessages":[],"meta":{}},{"ancestorTitles":["Navbar"],"fullName":"Navbar toggles currency dropdown","status":"passed","title":"toggles currency dropdown","duration":13.257292000000007,"failureMessages":[],"meta":{}},{"ancestorTitles":["Navbar"],"fullName":"Navbar toggles language dropdown","status":"passed","title":"toggles language dropdown","duration":10.250541000000112,"failureMessages":[],"meta":{}}],"startTime":1774546496193,"endTime":1774546496291.2505,"status":"passed","message":"","name":"/Users/kachevn1k/Projects/alanya-holidays/components/Navbar.test.tsx"},{"assertionResults":[{"ancestorTitles":["useCarAggregation"],"fullName":"useCarAggregation returns empty array for empty input","status":"passed","title":"returns empty array for empty input","duration":8.23295900000005,"failureMessages":[],"meta":{}},{"ancestorTitles":["useCarAggregation"],"fullName":"useCarAggregation aggregates cars by brand and model","status":"passed","title":"aggregates cars by brand and model","duration":2.218499999999949,"failureMessages":[],"meta":{}}],"startTime":1774546500414,"endTime":1774546500424.2185,"status":"passed","message":"","name":"/Users/kachevn1k/Projects/alanya-holidays/hooks/useCarAggregation.test.ts"},{"assertionResults":[{"ancestorTitles":["useCars"],"fullName":"useCars fetches cars successfully","status":"passed","title":"fetches cars successfully","duration":63.173374999999965,"failureMessages":[],"meta":{}},{"ancestorTitles":["useCars"],"fullName":"useCars handles fetch error","status":"passed","title":"handles fetch error","duration":55.85591600000009,"failureMessages":[],"meta":{}}],"startTime":1774546495741,"endTime":1774546495859.856,"status":"passed","message":"","name":"/Users/kachevn1k/Projects/alanya-holidays/hooks/useCars.test.ts"},{"assertionResults":[{"ancestorTitles":["useClickOutside"],"fullName":"useClickOutside calls handler when clicking outside","status":"passed","title":"calls handler when clicking outside","duration":9.468334000000027,"failureMessages":[],"meta":{}},{"ancestorTitles":["useClickOutside"],"fullName":"useClickOutside does not call handler when clicking inside","status":"passed","title":"does not call handler when clicking inside","duration":1.5059999999999718,"failureMessages":[],"meta":{}}],"startTime":1774546500086,"endTime":1774546500097.506,"status":"passed","message":"","name":"/Users/kachevn1k/Projects/alanya-holidays/hooks/useClickOutside.test.ts"},{"assertionResults":[{"ancestorTitles":["usePropertyFilters"],"fullName":"usePropertyFilters filters by dates (availability)","status":"passed","title":"filters by dates (availability)","duration":66.06691599999999,"failureMessages":[],"meta":{}},{"ancestorTitles":["usePropertyFilters"],"fullName":"usePropertyFilters handles sorting changes","status":"passed","title":"handles sorting changes","duration":58.17837499999996,"failureMessages":[],"meta":{}},{"ancestorTitles":["usePropertyFilters"],"fullName":"usePropertyFilters calculates activeFilterCount correctly","status":"passed","title":"calculates activeFilterCount correctly","duration":58.06958399999996,"failureMessages":[],"meta":{}},{"ancestorTitles":["usePropertyFilters"],"fullName":"usePropertyFilters handles service errors","status":"passed","title":"handles service errors","duration":53.85204199999998,"failureMessages":[],"meta":{}},{"ancestorTitles":["usePropertyFilters"],"fullName":"usePropertyFilters resets page when filters change","status":"passed","title":"resets page when filters change","duration":59.579792,"failureMessages":[],"meta":{}}],"startTime":1774546494386,"endTime":1774546494681.5798,"status":"passed","message":"","name":"/Users/kachevn1k/Projects/alanya-holidays/hooks/usePropertyFilters.test.tsx"},{"assertionResults":[{"ancestorTitles":["useSaveShortcut"],"fullName":"useSaveShortcut calls callback on Meta+S","status":"passed","title":"calls callback on Meta+S","duration":8.520250000000033,"failureMessages":[],"meta":{}},{"ancestorTitles":["useSaveShortcut"],"fullName":"useSaveShortcut calls callback on Ctrl+S","status":"passed","title":"calls callback on Ctrl+S","duration":1.34862499999997,"failureMessages":[],"meta":{}},{"ancestorTitles":["useSaveShortcut"],"fullName":"useSaveShortcut does not call callback when disabled","status":"passed","title":"does not call callback when disabled","duration":1.5497500000000173,"failureMessages":[],"meta":{}}],"startTime":1774546499724,"endTime":1774546499735.5498,"status":"passed","message":"","name":"/Users/kachevn1k/Projects/alanya-holidays/hooks/useSaveShortcut.test.ts"},{"assertionResults":[{"ancestorTitles":["useServicePrices"],"fullName":"useServicePrices fetches and calculates min prices","status":"passed","title":"fetches and calculates min prices","duration":66.42533300000002,"failureMessages":[],"meta":{}},{"ancestorTitles":["useServicePrices"],"fullName":"useServicePrices handles error gracefully","status":"passed","title":"handles error gracefully","duration":54.00354200000004,"failureMessages":[],"meta":{}}],"startTime":1774546496246,"endTime":1774546496366.0037,"status":"passed","message":"","name":"/Users/kachevn1k/Projects/alanya-holidays/hooks/useServicePrices.test.ts"},{"assertionResults":[{"ancestorTitles":["useSaveShortcut"],"fullName":"useSaveShortcut calls callback on Cmd+S","status":"passed","title":"calls callback on Cmd+S","duration":9.340832999999975,"failureMessages":[],"meta":{}},{"ancestorTitles":["useSaveShortcut"],"fullName":"useSaveShortcut calls callback on Ctrl+S","status":"passed","title":"calls callback on Ctrl+S","duration":2.9075840000000426,"failureMessages":[],"meta":{}},{"ancestorTitles":["useSaveShortcut"],"fullName":"useSaveShortcut does not call callback if disabled","status":"passed","title":"does not call callback if disabled","duration":1.66375000000005,"failureMessages":[],"meta":{}},{"ancestorTitles":["useSaveShortcut"],"fullName":"useSaveShortcut does not call callback on wrong key","status":"passed","title":"does not call callback on wrong key","duration":1.108208999999988,"failureMessages":[],"meta":{}},{"ancestorTitles":["useSubmitShortcut"],"fullName":"useSubmitShortcut calls callback on Cmd+Enter","status":"passed","title":"calls callback on Cmd+Enter","duration":1.8738749999999982,"failureMessages":[],"meta":{}},{"ancestorTitles":["useSubmitShortcut"],"fullName":"useSubmitShortcut calls callback on Ctrl+Enter","status":"passed","title":"calls callback on Ctrl+Enter","duration":0.6432079999999587,"failureMessages":[],"meta":{}},{"ancestorTitles":["useSubmitShortcut"],"fullName":"useSubmitShortcut does not call callback if disabled","status":"passed","title":"does not call callback if disabled","duration":0.8187080000000151,"failureMessages":[],"meta":{}}],"startTime":1774546499330,"endTime":1774546499348.8186,"status":"passed","message":"","name":"/Users/kachevn1k/Projects/alanya-holidays/hooks/useShortcuts.test.ts"},{"assertionResults":[{"ancestorTitles":["useSubmitShortcut"],"fullName":"useSubmitShortcut calls callback on Meta+Enter","status":"passed","title":"calls callback on Meta+Enter","duration":13.492791000000011,"failureMessages":[],"meta":{}},{"ancestorTitles":["useSubmitShortcut"],"fullName":"useSubmitShortcut calls callback on Ctrl+Enter","status":"passed","title":"calls callback on Ctrl+Enter","duration":1.3970420000000559,"failureMessages":[],"meta":{}},{"ancestorTitles":["useSubmitShortcut"],"fullName":"useSubmitShortcut does not call callback when disabled","status":"passed","title":"does not call callback when disabled","duration":1.6609589999999343,"failureMessages":[],"meta":{}}],"startTime":1774546499928,"endTime":1774546499944.661,"status":"passed","message":"","name":"/Users/kachevn1k/Projects/alanya-holidays/hooks/useSubmitShortcut.test.ts"},{"assertionResults":[{"ancestorTitles":["Checkout"],"fullName":"Checkout renders empty cart state","status":"passed","title":"renders empty cart state","duration":29.068499999999972,"failureMessages":[],"meta":{}},{"ancestorTitles":["Checkout"],"fullName":"Checkout renders cart items","status":"passed","title":"renders cart items","duration":6.598374999999919,"failureMessages":[],"meta":{}},{"ancestorTitles":["Checkout"],"fullName":"Checkout adds Welcome Pack to cart","status":"passed","title":"adds Welcome Pack to cart","duration":15.850750000000062,"failureMessages":[],"meta":{}},{"ancestorTitles":["Checkout"],"fullName":"Checkout switches payment methods","status":"passed","title":"switches payment methods","duration":16.928457999999978,"failureMessages":[],"meta":{}},{"ancestorTitles":["Checkout"],"fullName":"Checkout handles checkout redirect","status":"passed","title":"handles checkout redirect","duration":20.009208000000058,"failureMessages":[],"meta":{}}],"startTime":1774546496582,"endTime":1774546496671.0093,"status":"passed","message":"","name":"/Users/kachevn1k/Projects/alanya-holidays/pages/Checkout.test.tsx"},{"assertionResults":[{"ancestorTitles":["Contact Page"],"fullName":"Contact Page renders contact form and info","status":"passed","title":"renders contact form and info","duration":45.62037500000008,"failureMessages":[],"meta":{}},{"ancestorTitles":["Contact Page"],"fullName":"Contact Page pre-fills user data when logged in","status":"passed","title":"pre-fills user data when logged in","duration":7.575833999999986,"failureMessages":[],"meta":{}},{"ancestorTitles":["Contact Page"],"fullName":"Contact Page submits form successfully","status":"passed","title":"submits form successfully","duration":20.330917,"failureMessages":[],"meta":{}},{"ancestorTitles":["Contact Page"],"fullName":"Contact Page handles submission error","status":"passed","title":"handles submission error","duration":17.119707999999946,"failureMessages":[],"meta":{}}],"startTime":1774546496535,"endTime":1774546496626.1196,"status":"passed","message":"","name":"/Users/kachevn1k/Projects/alanya-holidays/pages/Contact.test.tsx"},{"assertionResults":[{"ancestorTitles":["InboxPage"],"fullName":"InboxPage renders conversation list","status":"passed","title":"renders conversation list","duration":46.082582999999886,"failureMessages":[],"meta":{}},{"ancestorTitles":["InboxPage"],"fullName":"InboxPage handles deep linking for conversationId","status":"passed","title":"handles deep linking for conversationId","duration":4.463999999999942,"failureMessages":[],"meta":{}},{"ancestorTitles":["InboxPage"],"fullName":"InboxPage renders chat window when conversation is active","status":"passed","title":"renders chat window when conversation is active","duration":3.946457999999893,"failureMessages":[],"meta":{}}],"startTime":1774546499379,"endTime":1774546499433.9465,"status":"passed","message":"","name":"/Users/kachevn1k/Projects/alanya-holidays/pages/InboxPage.test.tsx"},{"assertionResults":[{"ancestorTitles":["SearchResultsPage"],"fullName":"SearchResultsPage renders loading state initially","status":"passed","title":"renders loading state initially","duration":24.14783299999999,"failureMessages":[],"meta":{}},{"ancestorTitles":["SearchResultsPage"],"fullName":"SearchResultsPage renders loading spinner when filtering with existing properties","status":"passed","title":"renders loading spinner when filtering with existing properties","duration":7.230499999999893,"failureMessages":[],"meta":{}},{"ancestorTitles":["SearchResultsPage"],"fullName":"SearchResultsPage renders properties when loaded","status":"passed","title":"renders properties when loaded","duration":5.498459000000139,"failureMessages":[],"meta":{}},{"ancestorTitles":["SearchResultsPage"],"fullName":"SearchResultsPage renders empty state when no properties found and can clear filters","status":"passed","title":"renders empty state when no properties found and can clear filters","duration":9.858334000000013,"failureMessages":[],"meta":{}},{"ancestorTitles":["SearchResultsPage"],"fullName":"SearchResultsPage handles sorting menu interactions","status":"passed","title":"handles sorting menu interactions","duration":26.486583999999993,"failureMessages":[],"meta":{}},{"ancestorTitles":["SearchResultsPage"],"fullName":"SearchResultsPage toggles map view correctly (desktop and mobile)","status":"passed","title":"toggles map view correctly (desktop and mobile)","duration":150.82033300000012,"failureMessages":[],"meta":{}},{"ancestorTitles":["SearchResultsPage"],"fullName":"SearchResultsPage toggles filters correctly","status":"passed","title":"toggles filters correctly","duration":7.859375,"failureMessages":[],"meta":{}},{"ancestorTitles":["SearchResultsPage"],"fullName":"SearchResultsPage handles pagination","status":"passed","title":"handles pagination","duration":4.773166000000174,"failureMessages":[],"meta":{}}],"startTime":1774546494513,"endTime":1774546494749.7732,"status":"passed","message":"","name":"/Users/kachevn1k/Projects/alanya-holidays/pages/SearchResultsPage.test.tsx"},{"assertionResults":[{"ancestorTitles":["ServicesPage"],"fullName":"ServicesPage renders services page","status":"passed","title":"renders services page","duration":27.79716700000006,"failureMessages":[],"meta":{}},{"ancestorTitles":["ServicesPage"],"fullName":"ServicesPage shows all transport services by default","status":"passed","title":"shows all transport services by default","duration":4.660457999999949,"failureMessages":[],"meta":{}},{"ancestorTitles":["ServicesPage"],"fullName":"ServicesPage filters by rental subcategory","status":"passed","title":"filters by rental subcategory","duration":20.022084000000063,"failureMessages":[],"meta":{}},{"ancestorTitles":["ServicesPage"],"fullName":"ServicesPage filters by transfer subcategory","status":"passed","title":"filters by transfer subcategory","duration":9.40154199999995,"failureMessages":[],"meta":{}},{"ancestorTitles":["ServicesPage"],"fullName":"ServicesPage does not show transport filters for other categories","status":"passed","title":"does not show transport filters for other categories","duration":3.5423339999999826,"failureMessages":[],"meta":{}}],"startTime":1774546497507,"endTime":1774546497572.5422,"status":"passed","message":"","name":"/Users/kachevn1k/Projects/alanya-holidays/pages/ServicesPage.test.tsx"},{"assertionResults":[{"ancestorTitles":["getCarImage"],"fullName":"getCarImage returns correct image for known car model","status":"passed","title":"returns correct image for known car model","duration":0.652499999999975,"failureMessages":[],"meta":{}},{"ancestorTitles":["getCarImage"],"fullName":"getCarImage returns default image for unknown car model","status":"passed","title":"returns default image for unknown car model","duration":0.2699590000000285,"failureMessages":[],"meta":{}},{"ancestorTitles":["getCarImage"],"fullName":"getCarImage handles case insensitivity","status":"passed","title":"handles case insensitivity","duration":0.14841699999999491,"failureMessages":[],"meta":{}},{"ancestorTitles":["getCarImage"],"fullName":"getCarImage handles empty input","status":"passed","title":"handles empty input","duration":0.24466599999999517,"failureMessages":[],"meta":{}}],"startTime":1774546501014,"endTime":1774546501016.2446,"status":"passed","message":"","name":"/Users/kachevn1k/Projects/alanya-holidays/utils/carImages.test.ts"},{"assertionResults":[{"ancestorTitles":["cn utility"],"fullName":"cn utility merges class names correctly","status":"passed","title":"merges class names correctly","duration":3.438458999999966,"failureMessages":[],"meta":{}},{"ancestorTitles":["cn utility"],"fullName":"cn utility handles conditional classes","status":"passed","title":"handles conditional classes","duration":0.23525000000006457,"failureMessages":[],"meta":{}},{"ancestorTitles":["cn utility"],"fullName":"cn utility merges tailwind classes using tailwind-merge","status":"passed","title":"merges tailwind classes using tailwind-merge","duration":0.27091699999994034,"failureMessages":[],"meta":{}},{"ancestorTitles":["cn utility"],"fullName":"cn utility handles undefined and null inputs","status":"passed","title":"handles undefined and null inputs","duration":0.25612499999999727,"failureMessages":[],"meta":{}}],"startTime":1774546500633,"endTime":1774546500637.271,"status":"passed","message":"","name":"/Users/kachevn1k/Projects/alanya-holidays/utils/cn.test.ts"},{"assertionResults":[{"ancestorTitles":["Currency Utils","convertPrice"],"fullName":"Currency Utils convertPrice should return the same amount if currencies are the same","status":"passed","title":"should return the same amount if currencies are the same","duration":0.7500830000000178,"failureMessages":[],"meta":{}},{"ancestorTitles":["Currency Utils","convertPrice"],"fullName":"Currency Utils convertPrice should correctly convert EUR to USD","status":"passed","title":"should correctly convert EUR to USD","duration":0.17674999999997,"failureMessages":[],"meta":{}},{"ancestorTitles":["Currency Utils","convertPrice"],"fullName":"Currency Utils convertPrice should correctly convert EUR to TRY","status":"passed","title":"should correctly convert EUR to TRY","duration":0.19012499999996635,"failureMessages":[],"meta":{}},{"ancestorTitles":["Currency Utils","convertPrice"],"fullName":"Currency Utils convertPrice should correctly convert USD to EUR","status":"passed","title":"should correctly convert USD to EUR","duration":0.23041599999999107,"failureMessages":[],"meta":{}},{"ancestorTitles":["Currency Utils","convertPrice"],"fullName":"Currency Utils convertPrice should handle cross pairs (USD to TRY)","status":"passed","title":"should handle cross pairs (USD to TRY)","duration":0.07587499999999636,"failureMessages":[],"meta":{}},{"ancestorTitles":["Currency Utils","formatPrice"],"fullName":"Currency Utils formatPrice should format EUR correctly","status":"passed","title":"should format EUR correctly","duration":14.413416999999981,"failureMessages":[],"meta":{}},{"ancestorTitles":["Currency Utils","formatPrice"],"fullName":"Currency Utils formatPrice should format USD correctly","status":"passed","title":"should format USD correctly","duration":0.11445900000001075,"failureMessages":[],"meta":{}},{"ancestorTitles":["Currency Utils","formatPrice"],"fullName":"Currency Utils formatPrice should format TRY correctly","status":"passed","title":"should format TRY correctly","duration":0.15658300000006875,"failureMessages":[],"meta":{}},{"ancestorTitles":["Currency Utils","formatPrice"],"fullName":"Currency Utils formatPrice should round decimal values","status":"passed","title":"should round decimal values","duration":0.24033399999996163,"failureMessages":[],"meta":{}},{"ancestorTitles":["Currency Utils","formatPrice"],"fullName":"Currency Utils formatPrice should handle large numbers with commas","status":"passed","title":"should handle large numbers with commas","duration":0.08412500000008549,"failureMessages":[],"meta":{}}],"startTime":1774546499132,"endTime":1774546499148.2402,"status":"passed","message":"","name":"/Users/kachevn1k/Projects/alanya-holidays/utils/currency.test.ts"},{"assertionResults":[{"ancestorTitles":["bookingsService","createBooking"],"fullName":"bookingsService createBooking calls create_booking RPC with correct params","status":"passed","title":"calls create_booking RPC with correct params","duration":2.5926660000000084,"failureMessages":[],"meta":{}},{"ancestorTitles":["bookingsService","createBooking"],"fullName":"bookingsService createBooking throws error if RPC fails","status":"passed","title":"throws error if RPC fails","duration":0.5735409999999774,"failureMessages":[],"meta":{}},{"ancestorTitles":["bookingsService","getBookings"],"fullName":"bookingsService getBookings fetches and enriches bookings (with data)","status":"passed","title":"fetches and enriches bookings (with data)","duration":0.7729160000000093,"failureMessages":[],"meta":{}},{"ancestorTitles":["bookingsService","getAdminBookings"],"fullName":"bookingsService getAdminBookings fetches all bookings for admin","status":"passed","title":"fetches all bookings for admin","duration":0.28966700000000856,"failureMessages":[],"meta":{}},{"ancestorTitles":["bookingsService","getBookingsForHost"],"fullName":"bookingsService getBookingsForHost fetches bookings related to host properties","status":"passed","title":"fetches bookings related to host properties","duration":0.25654199999996763,"failureMessages":[],"meta":{}},{"ancestorTitles":["bookingsService","updateBookingStatus"],"fullName":"bookingsService updateBookingStatus updates status and triggers notifications","status":"passed","title":"updates status and triggers notifications","duration":0.6257500000000391,"failureMessages":[],"meta":{}},{"ancestorTitles":["bookingsService","cancelBooking"],"fullName":"bookingsService cancelBooking checks 48h policy and cancels","status":"passed","title":"checks 48h policy and cancels","duration":0.40237500000000637,"failureMessages":[],"meta":{}}],"startTime":1774546499818,"endTime":1774546499824.4023,"status":"passed","message":"","name":"/Users/kachevn1k/Projects/alanya-holidays/api-services/api/bookings.test.ts"},{"assertionResults":[{"ancestorTitles":["chatService","getConversations"],"fullName":"chatService getConversations throws if not authenticated","status":"passed","title":"throws if not authenticated","duration":1.3090419999999767,"failureMessages":[],"meta":{}},{"ancestorTitles":["chatService","getConversations"],"fullName":"chatService getConversations fetches and enriches conversations","status":"passed","title":"fetches and enriches conversations","duration":1.3712920000000395,"failureMessages":[],"meta":{}},{"ancestorTitles":["chatService","getConversations"],"fullName":"chatService getConversations throws on db error","status":"passed","title":"throws on db error","duration":0.2805829999999787,"failureMessages":[],"meta":{}},{"ancestorTitles":["chatService","getMessages"],"fullName":"chatService getMessages fetches messages for conversation","status":"passed","title":"fetches messages for conversation","duration":0.29987500000004275,"failureMessages":[],"meta":{}},{"ancestorTitles":["chatService","getMessages"],"fullName":"chatService getMessages throws on db error","status":"passed","title":"throws on db error","duration":0.17616700000007768,"failureMessages":[],"meta":{}},{"ancestorTitles":["chatService","sendMessage"],"fullName":"chatService sendMessage throws if not authenticated","status":"passed","title":"throws if not authenticated","duration":0.16379199999994398,"failureMessages":[],"meta":{}},{"ancestorTitles":["chatService","sendMessage"],"fullName":"chatService sendMessage inserts message correctly and updates conversation","status":"passed","title":"inserts message correctly and updates conversation","duration":2.1032500000000027,"failureMessages":[],"meta":{}},{"ancestorTitles":["chatService","sendMessage"],"fullName":"chatService sendMessage throws on db error","status":"passed","title":"throws on db error","duration":0.3347919999999931,"failureMessages":[],"meta":{}},{"ancestorTitles":["chatService","createConversation"],"fullName":"chatService createConversation throws if not auth","status":"passed","title":"throws if not auth","duration":0.366916999999944,"failureMessages":[],"meta":{}},{"ancestorTitles":["chatService","createConversation"],"fullName":"chatService createConversation returns existing","status":"passed","title":"returns existing","duration":0.1522499999999809,"failureMessages":[],"meta":{}},{"ancestorTitles":["chatService","createConversation"],"fullName":"chatService createConversation creates new if not exists","status":"passed","title":"creates new if not exists","duration":0.18600000000003547,"failureMessages":[],"meta":{}},{"ancestorTitles":["chatService","createConversation"],"fullName":"chatService createConversation handles duplicate error condition","status":"passed","title":"handles duplicate error condition","duration":0.18399999999996908,"failureMessages":[],"meta":{}},{"ancestorTitles":["chatService","markAsRead"],"fullName":"chatService markAsRead updates messages","status":"passed","title":"updates messages","duration":0.4560840000000326,"failureMessages":[],"meta":{}},{"ancestorTitles":["chatService","markAsRead"],"fullName":"chatService markAsRead does nothing if no user","status":"passed","title":"does nothing if no user","duration":0.16708300000004783,"failureMessages":[],"meta":{}},{"ancestorTitles":["chatService","markAsRead"],"fullName":"chatService markAsRead throws on db error","status":"passed","title":"throws on db error","duration":0.28558299999997416,"failureMessages":[],"meta":{}},{"ancestorTitles":["chatService","clearHistory"],"fullName":"chatService clearHistory deletes messages","status":"passed","title":"deletes messages","duration":0.1294589999999971,"failureMessages":[],"meta":{}},{"ancestorTitles":["chatService","clearHistory"],"fullName":"chatService clearHistory throws if no user","status":"passed","title":"throws if no user","duration":0.10908299999994142,"failureMessages":[],"meta":{}},{"ancestorTitles":["chatService","submitReport"],"fullName":"chatService submitReport inserts report","status":"passed","title":"inserts report","duration":0.11883299999999508,"failureMessages":[],"meta":{}},{"ancestorTitles":["chatService","subscribeToMessages"],"fullName":"chatService subscribeToMessages calls channel subscribe","status":"passed","title":"calls channel subscribe","duration":0.22699999999997544,"failureMessages":[],"meta":{}}],"startTime":1774546500120,"endTime":1774546500129.227,"status":"passed","message":"","name":"/Users/kachevn1k/Projects/alanya-holidays/api-services/api/chat.test.ts"},{"assertionResults":[{"ancestorTitles":["misc services","favoritesService.toggleFavorite"],"fullName":"misc services favoritesService.toggleFavorite removes favorite if it exists","status":"passed","title":"removes favorite if it exists","duration":1.2168330000000651,"failureMessages":[],"meta":{}},{"ancestorTitles":["misc services","favoritesService.toggleFavorite"],"fullName":"misc services favoritesService.toggleFavorite adds favorite if it does not exist","status":"passed","title":"adds favorite if it does not exist","duration":0.4481670000000122,"failureMessages":[],"meta":{}},{"ancestorTitles":["misc services","messagesService.sendMessage"],"fullName":"misc services messagesService.sendMessage inserts message","status":"passed","title":"inserts message","duration":0.20916599999998198,"failureMessages":[],"meta":{}}],"startTime":1774546500976,"endTime":1774546500978.2092,"status":"passed","message":"","name":"/Users/kachevn1k/Projects/alanya-holidays/api-services/api/misc.test.ts"},{"assertionResults":[{"ancestorTitles":["notificationsService","getNotifications"],"fullName":"notificationsService getNotifications fetches notifications for a user","status":"passed","title":"fetches notifications for a user","duration":1.7576249999999618,"failureMessages":[],"meta":{}},{"ancestorTitles":["notificationsService","getNotifications"],"fullName":"notificationsService getNotifications throws error when fetch fails","status":"passed","title":"throws error when fetch fails","duration":0.5766250000000355,"failureMessages":[],"meta":{}},{"ancestorTitles":["notificationsService","markNotificationAsRead"],"fullName":"notificationsService markNotificationAsRead updates notification status","status":"passed","title":"updates notification status","duration":1.4299160000000484,"failureMessages":[],"meta":{}},{"ancestorTitles":["notificationsService","createNotification"],"fullName":"notificationsService createNotification inserts a new notification","status":"passed","title":"inserts a new notification","duration":1.1880409999999983,"failureMessages":[],"meta":{}}],"startTime":1774546500742,"endTime":1774546500747.188,"status":"passed","message":"","name":"/Users/kachevn1k/Projects/alanya-holidays/api-services/api/notifications.test.ts"},{"assertionResults":[{"ancestorTitles":["productsService","getProducts"],"fullName":"productsService getProducts fetches products without category","status":"passed","title":"fetches products without category","duration":1.9716660000000275,"failureMessages":[],"meta":{}},{"ancestorTitles":["productsService","getProducts"],"fullName":"productsService getProducts fetches products with category filter","status":"passed","title":"fetches products with category filter","duration":0.5213750000000346,"failureMessages":[],"meta":{}},{"ancestorTitles":["productsService","getProducts"],"fullName":"productsService getProducts throws error when fetch fails","status":"passed","title":"throws error when fetch fails","duration":0.8864169999999376,"failureMessages":[],"meta":{}},{"ancestorTitles":["productsService","getProduct"],"fullName":"productsService getProduct fetches a single product","status":"passed","title":"fetches a single product","duration":0.37725000000000364,"failureMessages":[],"meta":{}},{"ancestorTitles":["productsService","getProduct"],"fullName":"productsService getProduct throws on db error","status":"passed","title":"throws on db error","duration":0.17174999999997453,"failureMessages":[],"meta":{}},{"ancestorTitles":["productsService","createProduct"],"fullName":"productsService createProduct inserts product","status":"passed","title":"inserts product","duration":0.32225000000005366,"failureMessages":[],"meta":{}},{"ancestorTitles":["productsService","createProduct"],"fullName":"productsService createProduct throws on db error","status":"passed","title":"throws on db error","duration":0.1804580000000442,"failureMessages":[],"meta":{}},{"ancestorTitles":["productsService","updateProduct"],"fullName":"productsService updateProduct updates product","status":"passed","title":"updates product","duration":0.29045800000005784,"failureMessages":[],"meta":{}},{"ancestorTitles":["productsService","updateProduct"],"fullName":"productsService updateProduct throws on db error","status":"passed","title":"throws on db error","duration":0.31883300000004056,"failureMessages":[],"meta":{}},{"ancestorTitles":["productsService","deleteProduct"],"fullName":"productsService deleteProduct deletes product","status":"passed","title":"deletes product","duration":0.23308400000007623,"failureMessages":[],"meta":{}},{"ancestorTitles":["productsService","deleteProduct"],"fullName":"productsService deleteProduct throws on db error","status":"passed","title":"throws on db error","duration":0.14191700000003493,"failureMessages":[],"meta":{}}],"startTime":1774546500506,"endTime":1774546500512.1418,"status":"passed","message":"","name":"/Users/kachevn1k/Projects/alanya-holidays/api-services/api/products.test.ts"},{"assertionResults":[{"ancestorTitles":["propertiesService","getPropertiesByIds"],"fullName":"propertiesService getPropertiesByIds fetches properties correctly","status":"passed","title":"fetches properties correctly","duration":1.2722079999999778,"failureMessages":[],"meta":{}},{"ancestorTitles":["propertiesService","createProperty"],"fullName":"propertiesService createProperty successfully creates a property with valid data","status":"passed","title":"successfully creates a property with valid data","duration":1.5015000000000782,"failureMessages":[],"meta":{}},{"ancestorTitles":["propertiesService","getProperty"],"fullName":"propertiesService getProperty fetches by UUID and applies Nar Villa override","status":"passed","title":"fetches by UUID and applies Nar Villa override","duration":0.38362500000005184,"failureMessages":[],"meta":{}},{"ancestorTitles":["propertiesService","getProperty"],"fullName":"propertiesService getProperty fetches by ref_id using RPC","status":"passed","title":"fetches by ref_id using RPC","duration":0.39716599999997015,"failureMessages":[],"meta":{}},{"ancestorTitles":["propertiesService","updatePropertyStatus"],"fullName":"propertiesService updatePropertyStatus updates status and triggers email","status":"passed","title":"updates status and triggers email","duration":0.9615419999998949,"failureMessages":[],"meta":{}},{"ancestorTitles":["propertiesService","deleteProperty"],"fullName":"propertiesService deleteProperty performs soft delete if hard delete fails","status":"passed","title":"performs soft delete if hard delete fails","duration":3.78875000000005,"failureMessages":[],"meta":{}},{"ancestorTitles":["propertiesService","reviews"],"fullName":"propertiesService reviews fetches and adds reviews","status":"passed","title":"fetches and adds reviews","duration":0.7016250000000355,"failureMessages":[],"meta":{}},{"ancestorTitles":["propertiesService","reviews"],"fullName":"propertiesService reviews gets review count","status":"passed","title":"gets review count","duration":0.3530000000000655,"failureMessages":[],"meta":{}},{"ancestorTitles":["propertiesService","reviews"],"fullName":"propertiesService reviews deletes review if authorized","status":"passed","title":"deletes review if authorized","duration":0.4964580000000751,"failureMessages":[],"meta":{}},{"ancestorTitles":["propertiesService","reviews"],"fullName":"propertiesService reviews throws if not authorized to delete review","status":"passed","title":"throws if not authorized to delete review","duration":2.7470839999999725,"failureMessages":[],"meta":{}},{"ancestorTitles":["propertiesService","getProperties"],"fullName":"propertiesService getProperties fetches properties with default pagination","status":"passed","title":"fetches properties with default pagination","duration":1.7868330000000014,"failureMessages":[],"meta":{}},{"ancestorTitles":["propertiesService","getProperties"],"fullName":"propertiesService getProperties applies filters and sorts correctly","status":"passed","title":"applies filters and sorts correctly","duration":0.8752919999999449,"failureMessages":[],"meta":{}},{"ancestorTitles":["propertiesService","getAvailableProperties"],"fullName":"propertiesService getAvailableProperties calls RPC correctly","status":"passed","title":"calls RPC correctly","duration":0.2568340000000262,"failureMessages":[],"meta":{}},{"ancestorTitles":["propertiesService","Property Lists (Host/Admin/Location)"],"fullName":"propertiesService Property Lists (Host/Admin/Location) getPropertiesByHost","status":"passed","title":"getPropertiesByHost","duration":0.14416700000003857,"failureMessages":[],"meta":{}},{"ancestorTitles":["propertiesService","Property Lists (Host/Admin/Location)"],"fullName":"propertiesService Property Lists (Host/Admin/Location) getAdminProperties","status":"passed","title":"getAdminProperties","duration":0.1748330000000351,"failureMessages":[],"meta":{}},{"ancestorTitles":["propertiesService","Property Lists (Host/Admin/Location)"],"fullName":"propertiesService Property Lists (Host/Admin/Location) getPropertiesByLocation","status":"passed","title":"getPropertiesByLocation","duration":0.1677909999999656,"failureMessages":[],"meta":{}},{"ancestorTitles":["propertiesService","updateProperty"],"fullName":"propertiesService updateProperty updates property and creates notification","status":"passed","title":"updates property and creates notification","duration":0.4030840000000353,"failureMessages":[],"meta":{}},{"ancestorTitles":["propertiesService","Lookups"],"fullName":"propertiesService Lookups getPropertyTypes","status":"passed","title":"getPropertyTypes","duration":0.19329199999992852,"failureMessages":[],"meta":{}},{"ancestorTitles":["propertiesService","Lookups"],"fullName":"propertiesService Lookups getPropertyLocations","status":"passed","title":"getPropertyLocations","duration":0.16249999999990905,"failureMessages":[],"meta":{}},{"ancestorTitles":["propertiesService","Availability & Calendar"],"fullName":"propertiesService Availability & Calendar getPropertyAvailability","status":"passed","title":"getPropertyAvailability","duration":0.17166599999995924,"failureMessages":[],"meta":{}},{"ancestorTitles":["propertiesService","Availability & Calendar"],"fullName":"propertiesService Availability & Calendar updatePropertyAvailability clears dates when status is available without price","status":"passed","title":"updatePropertyAvailability clears dates when status is available without price","duration":0.1947499999999991,"failureMessages":[],"meta":{}},{"ancestorTitles":["propertiesService","Availability & Calendar"],"fullName":"propertiesService Availability & Calendar updatePropertyAvailability inserts dates when status is blocked","status":"passed","title":"updatePropertyAvailability inserts dates when status is blocked","duration":0.21333400000003166,"failureMessages":[],"meta":{}},{"ancestorTitles":["propertiesService","Availability & Calendar"],"fullName":"propertiesService Availability & Calendar syncPropertyCalendar","status":"passed","title":"syncPropertyCalendar","duration":0.14637500000003456,"failureMessages":[],"meta":{}},{"ancestorTitles":["propertiesService","Availability & Calendar"],"fullName":"propertiesService Availability & Calendar getUnavailableDates","status":"passed","title":"getUnavailableDates","duration":0.36770799999999326,"failureMessages":[],"meta":{}},{"ancestorTitles":["propertiesService","ICal Feeds"],"fullName":"propertiesService ICal Feeds getICalFeeds","status":"passed","title":"getICalFeeds","duration":0.15695800000003146,"failureMessages":[],"meta":{}},{"ancestorTitles":["propertiesService","ICal Feeds"],"fullName":"propertiesService ICal Feeds addICalFeed","status":"passed","title":"addICalFeed","duration":0.1857909999999947,"failureMessages":[],"meta":{}},{"ancestorTitles":["propertiesService","ICal Feeds"],"fullName":"propertiesService ICal Feeds removeICalFeed","status":"passed","title":"removeICalFeed","duration":0.13075000000003456,"failureMessages":[],"meta":{}},{"ancestorTitles":["propertiesService","Error Handling"],"fullName":"propertiesService Error Handling throws error in getPropertiesByIds","status":"passed","title":"throws error in getPropertiesByIds","duration":0.22395899999992253,"failureMessages":[],"meta":{}},{"ancestorTitles":["propertiesService","Error Handling"],"fullName":"propertiesService Error Handling throws error in createProperty","status":"passed","title":"throws error in createProperty","duration":0.6360419999999749,"failureMessages":[],"meta":{}},{"ancestorTitles":["propertiesService","Error Handling"],"fullName":"propertiesService Error Handling throws error in updateProperty","status":"passed","title":"throws error in updateProperty","duration":0.21245799999996962,"failureMessages":[],"meta":{}},{"ancestorTitles":["propertiesService","Error Handling"],"fullName":"propertiesService Error Handling soft delete fallback throws if soft delete fails","status":"passed","title":"soft delete fallback throws if soft delete fails","duration":1.19662500000004,"failureMessages":[],"meta":{}}],"startTime":1774546499247,"endTime":1774546499269.1965,"status":"passed","message":"","name":"/Users/kachevn1k/Projects/alanya-holidays/api-services/api/properties.test.ts"},{"assertionResults":[{"ancestorTitles":["Validation Schemas","propertySchema"],"fullName":"Validation Schemas propertySchema validates a correct property","status":"passed","title":"validates a correct property","duration":2.572125000000028,"failureMessages":[],"meta":{}},{"ancestorTitles":["Validation Schemas","propertySchema"],"fullName":"Validation Schemas propertySchema accepts optional cleaning_fee","status":"passed","title":"accepts optional cleaning_fee","duration":0.31179199999996854,"failureMessages":[],"meta":{}},{"ancestorTitles":["Validation Schemas","propertySchema"],"fullName":"Validation Schemas propertySchema rejects negative cleaning_fee","status":"passed","title":"rejects negative cleaning_fee","duration":0.5156660000000102,"failureMessages":[],"meta":{}},{"ancestorTitles":["Validation Schemas","serviceSchema"],"fullName":"Validation Schemas serviceSchema accepts wellness type","status":"passed","title":"accepts wellness type","duration":0.4612090000000535,"failureMessages":[],"meta":{}},{"ancestorTitles":["Validation Schemas","serviceSchema"],"fullName":"Validation Schemas serviceSchema rejects invalid types","status":"passed","title":"rejects invalid types","duration":0.21920799999998053,"failureMessages":[],"meta":{}}],"startTime":1774546500772,"endTime":1774546500776.2192,"status":"passed","message":"","name":"/Users/kachevn1k/Projects/alanya-holidays/api-services/api/schemas.test.ts"},{"assertionResults":[{"ancestorTitles":["servicesService","Core CRUD"],"fullName":"servicesService Core CRUD createService","status":"passed","title":"createService","duration":2.2269999999999754,"failureMessages":[],"meta":{}},{"ancestorTitles":["servicesService","Core CRUD"],"fullName":"servicesService Core CRUD updateService","status":"passed","title":"updateService","duration":0.8477920000000267,"failureMessages":[],"meta":{}},{"ancestorTitles":["servicesService","Core CRUD"],"fullName":"servicesService Core CRUD deleteService","status":"passed","title":"deleteService","duration":0.302791999999954,"failureMessages":[],"meta":{}},{"ancestorTitles":["servicesService","Core CRUD"],"fullName":"servicesService Core CRUD getService (UUID)","status":"passed","title":"getService (UUID)","duration":0.7717920000000049,"failureMessages":[],"meta":{}},{"ancestorTitles":["servicesService","Core CRUD"],"fullName":"servicesService Core CRUD getService (service_ref fallback)","status":"passed","title":"getService (service_ref fallback)","duration":0.46783400000003894,"failureMessages":[],"meta":{}},{"ancestorTitles":["servicesService","Lists & Filters"],"fullName":"servicesService Lists & Filters getServices","status":"passed","title":"getServices","duration":0.5232499999999618,"failureMessages":[],"meta":{}},{"ancestorTitles":["servicesService","Lists & Filters"],"fullName":"servicesService Lists & Filters getServicesByProvider","status":"passed","title":"getServicesByProvider","duration":0.18008400000007896,"failureMessages":[],"meta":{}},{"ancestorTitles":["servicesService","Lists & Filters"],"fullName":"servicesService Lists & Filters getAdminServices","status":"passed","title":"getAdminServices","duration":0.47024999999996453,"failureMessages":[],"meta":{}},{"ancestorTitles":["servicesService","Status Management"],"fullName":"servicesService Status Management updateServiceStatus - approved","status":"passed","title":"updateServiceStatus - approved","duration":0.8892909999999574,"failureMessages":[],"meta":{}},{"ancestorTitles":["servicesService","Status Management"],"fullName":"servicesService Status Management approveService","status":"passed","title":"approveService","duration":3.0827500000000327,"failureMessages":[],"meta":{}},{"ancestorTitles":["servicesService","Service Models"],"fullName":"servicesService Service Models getServiceTypes","status":"passed","title":"getServiceTypes","duration":0.6209580000000869,"failureMessages":[],"meta":{}},{"ancestorTitles":["servicesService","Service Models"],"fullName":"servicesService Service Models getServiceBrands","status":"passed","title":"getServiceBrands","duration":0.3827089999999771,"failureMessages":[],"meta":{}},{"ancestorTitles":["servicesService","Service Models"],"fullName":"servicesService Service Models getServiceModels","status":"passed","title":"getServiceModels","duration":0.31129199999998036,"failureMessages":[],"meta":{}},{"ancestorTitles":["servicesService","Service Models"],"fullName":"servicesService Service Models getServiceModel","status":"passed","title":"getServiceModel","duration":0.26412500000003547,"failureMessages":[],"meta":{}},{"ancestorTitles":["servicesService","Service Models"],"fullName":"servicesService Service Models updateServiceModel","status":"passed","title":"updateServiceModel","duration":0.25329199999998764,"failureMessages":[],"meta":{}},{"ancestorTitles":["servicesService","Service Models"],"fullName":"servicesService Service Models getServicesByModel","status":"passed","title":"getServicesByModel","duration":1.6551659999998947,"failureMessages":[],"meta":{}},{"ancestorTitles":["servicesService","Service Edits Workflow"],"fullName":"servicesService Service Edits Workflow requestServiceUpdate","status":"passed","title":"requestServiceUpdate","duration":0.3350830000000542,"failureMessages":[],"meta":{}},{"ancestorTitles":["servicesService","Service Edits Workflow"],"fullName":"servicesService Service Edits Workflow getPendingServiceEdits","status":"passed","title":"getPendingServiceEdits","duration":0.3025000000000091,"failureMessages":[],"meta":{}},{"ancestorTitles":["servicesService","Service Edits Workflow"],"fullName":"servicesService Service Edits Workflow getServiceEditsByService","status":"passed","title":"getServiceEditsByService","duration":0.18574999999998454,"failureMessages":[],"meta":{}},{"ancestorTitles":["servicesService","Service Edits Workflow"],"fullName":"servicesService Service Edits Workflow getMyPendingEdits","status":"passed","title":"getMyPendingEdits","duration":0.30545900000004167,"failureMessages":[],"meta":{}},{"ancestorTitles":["servicesService","Service Edits Workflow"],"fullName":"servicesService Service Edits Workflow getServiceEdit & deleteServiceEdit","status":"passed","title":"getServiceEdit & deleteServiceEdit","duration":5.431416999999897,"failureMessages":[],"meta":{}},{"ancestorTitles":["servicesService","Service Edits Workflow"],"fullName":"servicesService Service Edits Workflow approveServiceEdit","status":"passed","title":"approveServiceEdit","duration":2.4072499999999764,"failureMessages":[],"meta":{}},{"ancestorTitles":["servicesService","Service Edits Workflow"],"fullName":"servicesService Service Edits Workflow rejectServiceEdit","status":"passed","title":"rejectServiceEdit","duration":0.9219170000000076,"failureMessages":[],"meta":{}},{"ancestorTitles":["servicesService","Error Handling"],"fullName":"servicesService Error Handling throws error in getServices","status":"passed","title":"throws error in getServices","duration":0.9515420000000177,"failureMessages":[],"meta":{}},{"ancestorTitles":["servicesService","Error Handling"],"fullName":"servicesService Error Handling throws error in createService","status":"passed","title":"throws error in createService","duration":0.5700830000000678,"failureMessages":[],"meta":{}},{"ancestorTitles":["servicesService","Error Handling"],"fullName":"servicesService Error Handling throws error in getService","status":"passed","title":"throws error in getService","duration":0.4905830000000151,"failureMessages":[],"meta":{}},{"ancestorTitles":["servicesService","Error Handling"],"fullName":"servicesService Error Handling returns null on getServiceModel error","status":"passed","title":"returns null on getServiceModel error","duration":1.2060829999999214,"failureMessages":[],"meta":{}}],"startTime":1774546499673,"endTime":1774546499700.206,"status":"passed","message":"","name":"/Users/kachevn1k/Projects/alanya-holidays/api-services/api/services.test.ts"},{"assertionResults":[{"ancestorTitles":["storageService","uploadPropertyImage"],"fullName":"storageService uploadPropertyImage uploads image and returns public URL","status":"passed","title":"uploads image and returns public URL","duration":1.6549999999999727,"failureMessages":[],"meta":{}},{"ancestorTitles":["storageService","uploadPropertyImage"],"fullName":"storageService uploadPropertyImage throws error if upload fails","status":"passed","title":"throws error if upload fails","duration":0.8160419999999249,"failureMessages":[],"meta":{}}],"startTime":1774546500794,"endTime":1774546500795.8162,"status":"passed","message":"","name":"/Users/kachevn1k/Projects/alanya-holidays/api-services/api/storage.test.ts"},{"assertionResults":[{"ancestorTitles":["usersService","getUserProfile"],"fullName":"usersService getUserProfile fetches single user profile","status":"passed","title":"fetches single user profile","duration":1.499749999999949,"failureMessages":[],"meta":{}},{"ancestorTitles":["usersService","updateUserProfile"],"fullName":"usersService updateUserProfile updates user profile successfully","status":"passed","title":"updates user profile successfully","duration":0.4505829999999378,"failureMessages":[],"meta":{}},{"ancestorTitles":["usersService","getAllUsers"],"fullName":"usersService getAllUsers fetches all users ordered by creation date","status":"passed","title":"fetches all users ordered by creation date","duration":0.3539579999999205,"failureMessages":[],"meta":{}}],"startTime":1774546500961,"endTime":1774546500963.354,"status":"passed","message":"","name":"/Users/kachevn1k/Projects/alanya-holidays/api-services/api/users.test.ts"},{"assertionResults":[{"ancestorTitles":["yesimService","getPlans"],"fullName":"yesimService getPlans returns demo data if token is missing","status":"passed","title":"returns demo data if token is missing","duration":3.0432499999999436,"failureMessages":[],"meta":{}},{"ancestorTitles":["yesimService","getPlans"],"fullName":"yesimService getPlans calls API if token exists","status":"passed","title":"calls API if token exists","duration":1.4633330000000342,"failureMessages":[],"meta":{}},{"ancestorTitles":["yesimService","getPlans"],"fullName":"yesimService getPlans handles API error","status":"passed","title":"handles API error","duration":2.412875000000099,"failureMessages":[],"meta":{}},{"ancestorTitles":["yesimService","createOrder"],"fullName":"yesimService createOrder completes the full order flow","status":"passed","title":"completes the full order flow","duration":0.5314170000000331,"failureMessages":[],"meta":{}},{"ancestorTitles":["yesimService","createOrder"],"fullName":"yesimService createOrder throws error if SIM creation fails","status":"passed","title":"throws error if SIM creation fails","duration":0.6069169999999531,"failureMessages":[],"meta":{}},{"ancestorTitles":["yesimService","createOrder"],"fullName":"yesimService createOrder throws error if activation fails","status":"passed","title":"throws error if activation fails","duration":0.3422499999999218,"failureMessages":[],"meta":{}}],"startTime":1774546500064,"endTime":1774546500072.607,"status":"passed","message":"","name":"/Users/kachevn1k/Projects/alanya-holidays/api-services/api/yesim.test.ts"},{"assertionResults":[{"ancestorTitles":["ChatWindow"],"fullName":"ChatWindow returns null if no active conversation","status":"passed","title":"returns null if no active conversation","duration":7.926500000000033,"failureMessages":[],"meta":{}},{"ancestorTitles":["ChatWindow"],"fullName":"ChatWindow loads and renders messages","status":"passed","title":"loads and renders messages","duration":98.46312499999999,"failureMessages":[],"meta":{}},{"ancestorTitles":["ChatWindow"],"fullName":"ChatWindow sends a message optimistically","status":"passed","title":"sends a message optimistically","duration":49.5954999999999,"failureMessages":[],"meta":{}},{"ancestorTitles":["ChatWindow"],"fullName":"ChatWindow handles message send failure by reverting optimistic message","status":"passed","title":"handles message send failure by reverting optimistic message","duration":21.45612499999993,"failureMessages":[],"meta":{}},{"ancestorTitles":["ChatWindow"],"fullName":"ChatWindow handles real-time incoming messages","status":"passed","title":"handles real-time incoming messages","duration":9.365166000000045,"failureMessages":[],"meta":{}},{"ancestorTitles":["ChatWindow"],"fullName":"ChatWindow unsubscribes on unmount","status":"passed","title":"unsubscribes on unmount","duration":11.113875000000007,"failureMessages":[],"meta":{}},{"ancestorTitles":["ChatWindow"],"fullName":"ChatWindow clears history via header menu","status":"passed","title":"clears history via header menu","duration":16.573583999999983,"failureMessages":[],"meta":{}},{"ancestorTitles":["ChatWindow"],"fullName":"ChatWindow sets active conversation to null when closing chat","status":"passed","title":"sets active conversation to null when closing chat","duration":6.451958000000104,"failureMessages":[],"meta":{}},{"ancestorTitles":["ChatWindow"],"fullName":"ChatWindow opens report modal and submits report","status":"passed","title":"opens report modal and submits report","duration":25.914375000000064,"failureMessages":[],"meta":{}}],"startTime":1774546495515,"endTime":1774546495761.9143,"status":"passed","message":"","name":"/Users/kachevn1k/Projects/alanya-holidays/components/chat/ChatWindow.test.tsx"},{"assertionResults":[{"ancestorTitles":["AvailabilityCalendar"],"fullName":"AvailabilityCalendar loads data on mount","status":"passed","title":"loads data on mount","duration":37.19762499999979,"failureMessages":[],"meta":{}},{"ancestorTitles":["AvailabilityCalendar"],"fullName":"AvailabilityCalendar shows error toast if loading fails","status":"passed","title":"shows error toast if loading fails","duration":21.806249999999864,"failureMessages":[],"meta":{}},{"ancestorTitles":["AvailabilityCalendar"],"fullName":"AvailabilityCalendar can refresh data with button","status":"passed","title":"can refresh data with button","duration":15.318958000000066,"failureMessages":[],"meta":{}},{"ancestorTitles":["AvailabilityCalendar"],"fullName":"AvailabilityCalendar selects a date, opens panel, and saves availability","status":"passed","title":"selects a date, opens panel, and saves availability","duration":23.288959000000204,"failureMessages":[],"meta":{}},{"ancestorTitles":["AvailabilityCalendar"],"fullName":"AvailabilityCalendar can set a custom price for available dates","status":"passed","title":"can set a custom price for available dates","duration":39.890750000000025,"failureMessages":[],"meta":{}},{"ancestorTitles":["AvailabilityCalendar"],"fullName":"AvailabilityCalendar deselects a date when clicked twice","status":"passed","title":"deselects a date when clicked twice","duration":16.31383299999993,"failureMessages":[],"meta":{}},{"ancestorTitles":["AvailabilityCalendar"],"fullName":"AvailabilityCalendar handles null date safely","status":"passed","title":"handles null date safely","duration":12.826291999999967,"failureMessages":[],"meta":{}},{"ancestorTitles":["AvailabilityCalendar"],"fullName":"AvailabilityCalendar shows error if saving fails","status":"passed","title":"shows error if saving fails","duration":12.695166999999856,"failureMessages":[],"meta":{}},{"ancestorTitles":["AvailabilityCalendar","Panel Summaries & Render Classes based on Availability"],"fullName":"AvailabilityCalendar Panel Summaries & Render Classes based on Availability renders blocked manual date and shows correct panel","status":"passed","title":"renders blocked manual date and shows correct panel","duration":19.30316700000003,"failureMessages":[],"meta":{}},{"ancestorTitles":["AvailabilityCalendar","Panel Summaries & Render Classes based on Availability"],"fullName":"AvailabilityCalendar Panel Summaries & Render Classes based on Availability renders blocked external date and prevents editing","status":"passed","title":"renders blocked external date and prevents editing","duration":12.679000000000087,"failureMessages":[],"meta":{}},{"ancestorTitles":["AvailabilityCalendar","Panel Summaries & Render Classes based on Availability"],"fullName":"AvailabilityCalendar Panel Summaries & Render Classes based on Availability renders custom price date and booked date","status":"passed","title":"renders custom price date and booked date","duration":11.181332999999995,"failureMessages":[],"meta":{}},{"ancestorTitles":["AvailabilityCalendar","Panel Summaries & Render Classes based on Availability"],"fullName":"AvailabilityCalendar Panel Summaries & Render Classes based on Availability renders booked date","status":"passed","title":"renders booked date","duration":18.83695899999998,"failureMessages":[],"meta":{}},{"ancestorTitles":["AvailabilityCalendar","Panel Summaries & Render Classes based on Availability"],"fullName":"AvailabilityCalendar Panel Summaries & Render Classes based on Availability can close the edit panel","status":"passed","title":"can close the edit panel","duration":115.34624999999983,"failureMessages":[],"meta":{}}],"startTime":1774546494687,"endTime":1774546495044.3462,"status":"passed","message":"","name":"/Users/kachevn1k/Projects/alanya-holidays/components/host/AvailabilityCalendar.test.tsx"},{"assertionResults":[{"ancestorTitles":["ServiceCard"],"fullName":"ServiceCard renders service details","status":"passed","title":"renders service details","duration":30.11516699999993,"failureMessages":[],"meta":{}},{"ancestorTitles":["ServiceCard"],"fullName":"ServiceCard renders image with lazy loading","status":"passed","title":"renders image with lazy loading","duration":105.04995800000006,"failureMessages":[],"meta":{}},{"ancestorTitles":["ServiceCard"],"fullName":"ServiceCard does NOT render price","status":"passed","title":"does NOT render price","duration":2.622792000000004,"failureMessages":[],"meta":{}}],"startTime":1774546495560,"endTime":1774546495697.6228,"status":"passed","message":"","name":"/Users/kachevn1k/Projects/alanya-holidays/components/services/ServiceCard.test.tsx"},{"assertionResults":[{"ancestorTitles":["Button"],"fullName":"Button renders children correctly","status":"passed","title":"renders children correctly","duration":18.410959000000048,"failureMessages":[],"meta":{}},{"ancestorTitles":["Button"],"fullName":"Button handles onClick events","status":"passed","title":"handles onClick events","duration":4.638041999999928,"failureMessages":[],"meta":{}},{"ancestorTitles":["Button"],"fullName":"Button renders disabled state","status":"passed","title":"renders disabled state","duration":5.5775000000001,"failureMessages":[],"meta":{}},{"ancestorTitles":["Button"],"fullName":"Button renders loading state","status":"passed","title":"renders loading state","duration":91.41554199999996,"failureMessages":[],"meta":{}},{"ancestorTitles":["Button"],"fullName":"Button renders variants correctly","status":"passed","title":"renders variants correctly","duration":3.9750000000000227,"failureMessages":[],"meta":{}}],"startTime":1774546495633,"endTime":1774546495756.975,"status":"passed","message":"","name":"/Users/kachevn1k/Projects/alanya-holidays/components/ui/Button.test.tsx"},{"assertionResults":[{"ancestorTitles":["CartDrawer"],"fullName":"CartDrawer renders nothing if not mounted (handled by component internal state but usually fast in test)","status":"passed","title":"renders nothing if not mounted (handled by component internal state but usually fast in test)","duration":0.5455829999999651,"failureMessages":[],"meta":{}},{"ancestorTitles":["CartDrawer"],"fullName":"CartDrawer is hidden when isCartOpen is false","status":"passed","title":"is hidden when isCartOpen is false","duration":19.78604100000007,"failureMessages":[],"meta":{}},{"ancestorTitles":["CartDrawer"],"fullName":"CartDrawer renders empty state correctly","status":"passed","title":"renders empty state correctly","duration":11.058167000000026,"failureMessages":[],"meta":{}},{"ancestorTitles":["CartDrawer"],"fullName":"CartDrawer renders items and total correctly","status":"passed","title":"renders items and total correctly","duration":7.4557909999999765,"failureMessages":[],"meta":{}},{"ancestorTitles":["CartDrawer"],"fullName":"CartDrawer calls removeFromCart when trash icon clicked","status":"passed","title":"calls removeFromCart when trash icon clicked","duration":97.77366699999993,"failureMessages":[],"meta":{}},{"ancestorTitles":["CartDrawer"],"fullName":"CartDrawer navigates to checkout","status":"passed","title":"navigates to checkout","duration":13.181457999999793,"failureMessages":[],"meta":{}}],"startTime":1774546494491,"endTime":1774546494641.1814,"status":"passed","message":"","name":"/Users/kachevn1k/Projects/alanya-holidays/components/ui/CartDrawer.test.tsx"},{"assertionResults":[{"ancestorTitles":["ConfirmationModal"],"fullName":"ConfirmationModal renders correctly when open","status":"passed","title":"renders correctly when open","duration":44.31945799999994,"failureMessages":[],"meta":{}},{"ancestorTitles":["ConfirmationModal"],"fullName":"ConfirmationModal calls onConfirm when confirmed","status":"passed","title":"calls onConfirm when confirmed","duration":8.75208299999997,"failureMessages":[],"meta":{}},{"ancestorTitles":["ConfirmationModal"],"fullName":"ConfirmationModal calls onClose when cancelled","status":"passed","title":"calls onClose when cancelled","duration":6.904540999999995,"failureMessages":[],"meta":{}}],"startTime":1774546497547,"endTime":1774546497606.9045,"status":"passed","message":"","name":"/Users/kachevn1k/Projects/alanya-holidays/components/ui/ConfirmationModal.test.tsx"},{"assertionResults":[{"ancestorTitles":["Counter"],"fullName":"Counter renders initial value","status":"passed","title":"renders initial value","duration":20.216542000000004,"failureMessages":[],"meta":{}},{"ancestorTitles":["Counter"],"fullName":"Counter calls onChange with incremented value","status":"passed","title":"calls onChange with incremented value","duration":102.22116599999993,"failureMessages":[],"meta":{}},{"ancestorTitles":["Counter"],"fullName":"Counter calls onChange with decremented value","status":"passed","title":"calls onChange with decremented value","duration":8.879958999999985,"failureMessages":[],"meta":{}},{"ancestorTitles":["Counter"],"fullName":"Counter does not go below min","status":"passed","title":"does not go below min","duration":22.460292000000095,"failureMessages":[],"meta":{}}],"startTime":1774546495443,"endTime":1774546495596.4602,"status":"passed","message":"","name":"/Users/kachevn1k/Projects/alanya-holidays/components/ui/Counter.test.tsx"},{"assertionResults":[{"ancestorTitles":["Pagination Component"],"fullName":"Pagination Component should not render if totalPages is 1","status":"passed","title":"should not render if totalPages is 1","duration":8.883417000000009,"failureMessages":[],"meta":{}},{"ancestorTitles":["Pagination Component"],"fullName":"Pagination Component should render correct page numbers for small range","status":"passed","title":"should render correct page numbers for small range","duration":27.396749999999997,"failureMessages":[],"meta":{}},{"ancestorTitles":["Pagination Component"],"fullName":"Pagination Component should call onPageChange when clicking a page number","status":"passed","title":"should call onPageChange when clicking a page number","duration":5.761457999999948,"failureMessages":[],"meta":{}},{"ancestorTitles":["Pagination Component"],"fullName":"Pagination Component should handle Next/Previous buttons","status":"passed","title":"should handle Next/Previous buttons","duration":3.651207999999997,"failureMessages":[],"meta":{}},{"ancestorTitles":["Pagination Component"],"fullName":"Pagination Component should disable Previous button on first page","status":"passed","title":"should disable Previous button on first page","duration":5.5806669999999485,"failureMessages":[],"meta":{}},{"ancestorTitles":["Pagination Component"],"fullName":"Pagination Component should disable Next button on last page","status":"passed","title":"should disable Next button on last page","duration":5.773625000000038,"failureMessages":[],"meta":{}},{"ancestorTitles":["Pagination Component"],"fullName":"Pagination Component should render ellipses for complex ranges","status":"passed","title":"should render ellipses for complex ranges","duration":2.6998330000000124,"failureMessages":[],"meta":{}}],"startTime":1774546498665,"endTime":1774546498725.7,"status":"passed","message":"","name":"/Users/kachevn1k/Projects/alanya-holidays/components/ui/Pagination.test.tsx"},{"assertionResults":[{"ancestorTitles":["PropertyFilters"],"fullName":"PropertyFilters is hidden when not open","status":"passed","title":"is hidden when not open","duration":34.372084000000086,"failureMessages":[],"meta":{}},{"ancestorTitles":["PropertyFilters"],"fullName":"PropertyFilters renders filters when open","status":"passed","title":"renders filters when open","duration":21.96004099999982,"failureMessages":[],"meta":{}},{"ancestorTitles":["PropertyFilters"],"fullName":"PropertyFilters updates price range","status":"passed","title":"updates price range","duration":12.206667000000152,"failureMessages":[],"meta":{}},{"ancestorTitles":["PropertyFilters"],"fullName":"PropertyFilters toggles amenities","status":"passed","title":"toggles amenities","duration":180.87204199999996,"failureMessages":[],"meta":{}},{"ancestorTitles":["PropertyFilters"],"fullName":"PropertyFilters resets filters","status":"passed","title":"resets filters","duration":15.116207999999915,"failureMessages":[],"meta":{}}],"startTime":1774546494520,"endTime":1774546494785.1162,"status":"passed","message":"","name":"/Users/kachevn1k/Projects/alanya-holidays/components/ui/PropertyFilters.test.tsx"},{"assertionResults":[{"ancestorTitles":["HostBookingsPage"],"fullName":"HostBookingsPage renders and fetches bookings","status":"failed","title":"renders and fetches bookings","duration":34.740749999999935,"failureMessages":["Error: useCurrency must be used within a CurrencyProvider\n    at useCurrency (/Users/kachevn1k/Projects/alanya-holidays/context/CurrencyContext.tsx:50:15)\n    at HostBookingTable (/Users/kachevn1k/Projects/alanya-holidays/components/host/bookings/HostBookingTable.tsx:15:43)\n    at Object.react_stack_bottom_frame (/Users/kachevn1k/Projects/alanya-holidays/node_modules/react-dom/cjs/react-dom-client.development.js:25904:20)\n    at renderWithHooks (/Users/kachevn1k/Projects/alanya-holidays/node_modules/react-dom/cjs/react-dom-client.development.js:7662:22)\n    at updateFunctionComponent (/Users/kachevn1k/Projects/alanya-holidays/node_modules/react-dom/cjs/react-dom-client.development.js:10166:19)\n    at beginWork (/Users/kachevn1k/Projects/alanya-holidays/node_modules/react-dom/cjs/react-dom-client.development.js:11778:18)\n    at runWithFiberInDEV (/Users/kachevn1k/Projects/alanya-holidays/node_modules/react-dom/cjs/react-dom-client.development.js:874:13)\n    at performUnitOfWork (/Users/kachevn1k/Projects/alanya-holidays/node_modules/react-dom/cjs/react-dom-client.development.js:17641:22)\n    at workLoopSync (/Users/kachevn1k/Projects/alanya-holidays/node_modules/react-dom/cjs/react-dom-client.development.js:17469:41)\n    at renderRootSync (/Users/kachevn1k/Projects/alanya-holidays/node_modules/react-dom/cjs/react-dom-client.development.js:17450:11)"],"meta":{}},{"ancestorTitles":["HostBookingsPage"],"fullName":"HostBookingsPage shows empty state when no bookings","status":"failed","title":"shows empty state when no bookings","duration":3.763541000000032,"failureMessages":["Error: useCurrency must be used within a CurrencyProvider\n    at useCurrency (/Users/kachevn1k/Projects/alanya-holidays/context/CurrencyContext.tsx:50:15)\n    at HostBookingTable (/Users/kachevn1k/Projects/alanya-holidays/components/host/bookings/HostBookingTable.tsx:15:43)\n    at Object.react_stack_bottom_frame (/Users/kachevn1k/Projects/alanya-holidays/node_modules/react-dom/cjs/react-dom-client.development.js:25904:20)\n    at renderWithHooks (/Users/kachevn1k/Projects/alanya-holidays/node_modules/react-dom/cjs/react-dom-client.development.js:7662:22)\n    at updateFunctionComponent (/Users/kachevn1k/Projects/alanya-holidays/node_modules/react-dom/cjs/react-dom-client.development.js:10166:19)\n    at beginWork (/Users/kachevn1k/Projects/alanya-holidays/node_modules/react-dom/cjs/react-dom-client.development.js:11778:18)\n    at runWithFiberInDEV (/Users/kachevn1k/Projects/alanya-holidays/node_modules/react-dom/cjs/react-dom-client.development.js:874:13)\n    at performUnitOfWork (/Users/kachevn1k/Projects/alanya-holidays/node_modules/react-dom/cjs/react-dom-client.development.js:17641:22)\n    at workLoopSync (/Users/kachevn1k/Projects/alanya-holidays/node_modules/react-dom/cjs/react-dom-client.development.js:17469:41)\n    at renderRootSync (/Users/kachevn1k/Projects/alanya-holidays/node_modules/react-dom/cjs/react-dom-client.development.js:17450:11)"],"meta":{}}],"startTime":1774546494533,"endTime":1774546494570.7634,"status":"failed","message":"","name":"/Users/kachevn1k/Projects/alanya-holidays/pages/host/HostBookingsPage.test.tsx"},{"assertionResults":[{"ancestorTitles":["HostDashboard"],"fullName":"HostDashboard renders and fetches stats","status":"passed","title":"renders and fetches stats","duration":84.39150000000006,"failureMessages":[],"meta":{}}],"startTime":1774546497716,"endTime":1774546497800.3916,"status":"passed","message":"","name":"/Users/kachevn1k/Projects/alanya-holidays/pages/host/HostDashboard.test.tsx"},{"assertionResults":[{"ancestorTitles":["HostEditServicePage"],"fullName":"HostEditServicePage renders service details after loading","status":"passed","title":"renders service details after loading","duration":43.14241700000002,"failureMessages":[],"meta":{}}],"startTime":1774546497494,"endTime":1774546497537.1423,"status":"passed","message":"","name":"/Users/kachevn1k/Projects/alanya-holidays/pages/host/HostEditServicePage.test.tsx"},{"assertionResults":[{"ancestorTitles":["HostServicesPage"],"fullName":"HostServicesPage renders services list","status":"passed","title":"renders services list","duration":53.88416599999994,"failureMessages":[],"meta":{}},{"ancestorTitles":["HostServicesPage"],"fullName":"HostServicesPage allows bulk selection and deletion","status":"passed","title":"allows bulk selection and deletion","duration":186.35791600000005,"failureMessages":[],"meta":{}}],"startTime":1774546495493,"endTime":1774546495733.358,"status":"passed","message":"","name":"/Users/kachevn1k/Projects/alanya-holidays/pages/host/HostServicesPage.test.tsx"},{"assertionResults":[{"ancestorTitles":["AdminEditDirectoryPage"],"fullName":"AdminEditDirectoryPage renders new listing form correctly","status":"passed","title":"renders new listing form correctly","duration":36.88454200000001,"failureMessages":[],"meta":{}},{"ancestorTitles":["AdminEditDirectoryPage"],"fullName":"AdminEditDirectoryPage adds array items correctly for languages","status":"passed","title":"adds array items correctly for languages","duration":32.73741699999994,"failureMessages":[],"meta":{}}],"startTime":1774546497540,"endTime":1774546497609.7373,"status":"passed","message":"","name":"/Users/kachevn1k/Projects/alanya-holidays/pages/admin/AdminEditDirectoryPage.test.tsx"},{"assertionResults":[{"ancestorTitles":["AdminEditProductPage"],"fullName":"AdminEditProductPage renders the product editor form","status":"passed","title":"renders the product editor form","duration":29.955083999999943,"failureMessages":[],"meta":{}}],"startTime":1774546499326,"endTime":1774546499355.955,"status":"passed","message":"","name":"/Users/kachevn1k/Projects/alanya-holidays/pages/admin/AdminEditProductPage.test.tsx"},{"assertionResults":[{"ancestorTitles":["AdminEditPropertyPage"],"fullName":"AdminEditPropertyPage renders new property form and tabs","status":"passed","title":"renders new property form and tabs","duration":70.46062500000005,"failureMessages":[],"meta":{}},{"ancestorTitles":["AdminEditPropertyPage"],"fullName":"AdminEditPropertyPage switches to calendar tab","status":"passed","title":"switches to calendar tab","duration":25.852792000000022,"failureMessages":[],"meta":{}}],"startTime":1774546496741,"endTime":1774546496836.8528,"status":"passed","message":"","name":"/Users/kachevn1k/Projects/alanya-holidays/pages/admin/AdminEditPropertyPage.test.tsx"},{"assertionResults":[{"ancestorTitles":["AdminEditServicePage"],"fullName":"AdminEditServicePage renders service editor form fields","status":"passed","title":"renders service editor form fields","duration":68.99587499999996,"failureMessages":[],"meta":{}}],"startTime":1774546498433,"endTime":1774546498501.9958,"status":"passed","message":"","name":"/Users/kachevn1k/Projects/alanya-holidays/pages/admin/AdminEditServicePage.test.tsx"},{"assertionResults":[{"ancestorTitles":["BookingsPage"],"fullName":"BookingsPage renders the admin bookings list with toolbar components","status":"passed","title":"renders the admin bookings list with toolbar components","duration":39.40187500000002,"failureMessages":[],"meta":{}}],"startTime":1774546498415,"endTime":1774546498454.4019,"status":"passed","message":"","name":"/Users/kachevn1k/Projects/alanya-holidays/pages/admin/BookingsPage.test.tsx"},{"assertionResults":[{"ancestorTitles":["Admin Dashboard"],"fullName":"Admin Dashboard renders dashboard stats","status":"passed","title":"renders dashboard stats","duration":59.496083,"failureMessages":[],"meta":{}},{"ancestorTitles":["Admin Dashboard"],"fullName":"Admin Dashboard renders charts","status":"passed","title":"renders charts","duration":24.38975000000005,"failureMessages":[],"meta":{}}],"startTime":1774546496582,"endTime":1774546496666.3896,"status":"passed","message":"","name":"/Users/kachevn1k/Projects/alanya-holidays/pages/admin/Dashboard.test.tsx"},{"assertionResults":[{"ancestorTitles":["DirectoryAdminPage"],"fullName":"DirectoryAdminPage renders the admin page and loads listings","status":"passed","title":"renders the admin page and loads listings","duration":39.54179199999999,"failureMessages":[],"meta":{}},{"ancestorTitles":["DirectoryAdminPage"],"fullName":"DirectoryAdminPage filters listings by search query","status":"passed","title":"filters listings by search query","duration":22.74141700000007,"failureMessages":[],"meta":{}},{"ancestorTitles":["DirectoryAdminPage"],"fullName":"DirectoryAdminPage navigates to add new listing","status":"passed","title":"navigates to add new listing","duration":17.952332999999953,"failureMessages":[],"meta":{}}],"startTime":1774546496632,"endTime":1774546496712.9524,"status":"passed","message":"","name":"/Users/kachevn1k/Projects/alanya-holidays/pages/admin/DirectoryAdminPage.test.tsx"},{"assertionResults":[{"ancestorTitles":["ProductsPage"],"fullName":"ProductsPage renders the product list with toolbar components","status":"passed","title":"renders the product list with toolbar components","duration":32.85783399999991,"failureMessages":[],"meta":{}}],"startTime":1774546497945,"endTime":1774546497977.858,"status":"passed","message":"","name":"/Users/kachevn1k/Projects/alanya-holidays/pages/admin/ProductsPage.test.tsx"},{"assertionResults":[{"ancestorTitles":["PropertiesPage"],"fullName":"PropertiesPage renders properties and filters them by search query","status":"passed","title":"renders properties and filters them by search query","duration":56.256624999999985,"failureMessages":[],"meta":{}}],"startTime":1774546498441,"endTime":1774546498497.2566,"status":"passed","message":"","name":"/Users/kachevn1k/Projects/alanya-holidays/pages/admin/PropertiesPage.test.tsx"},{"assertionResults":[{"ancestorTitles":["ReportsPage"],"fullName":"ReportsPage renders reports list","status":"passed","title":"renders reports list","duration":36.641624999999976,"failureMessages":[],"meta":{}},{"ancestorTitles":["ReportsPage"],"fullName":"ReportsPage opens action menu on clicking three dots","status":"passed","title":"opens action menu on clicking three dots","duration":30.638625000000047,"failureMessages":[],"meta":{}},{"ancestorTitles":["ReportsPage"],"fullName":"ReportsPage navigates to conversation on \"View Chat Context\"","status":"passed","title":"navigates to conversation on \"View Chat Context\"","duration":32.72133400000007,"failureMessages":[],"meta":{}}],"startTime":1774546498087,"endTime":1774546498191.7214,"status":"passed","message":"","name":"/Users/kachevn1k/Projects/alanya-holidays/pages/admin/ReportsPage.test.tsx"}]}
