{"/Users/kachevn1k/Projects/alanya-holidays/components/Footer.tsx": {"path":"/Users/kachevn1k/Projects/alanya-holidays/components/Footer.tsx","statementMap":{"0":{"start":{"line":6,"column":32},"end":{"line":158,"column":null}},"1":{"start":{"line":7,"column":14},"end":{"line":7,"column":null}},"2":{"start":{"line":9,"column":30},"end":{"line":9,"column":null}},"3":{"start":{"line":10,"column":40},"end":{"line":10,"column":null}},"4":{"start":{"line":12,"column":28},"end":{"line":20,"column":null}},"5":{"start":{"line":13,"column":8},"end":{"line":13,"column":null}},"6":{"start":{"line":14,"column":8},"end":{"line":19,"column":null}},"7":{"start":{"line":15,"column":12},"end":{"line":15,"column":null}},"8":{"start":{"line":16,"column":12},"end":{"line":16,"column":null}},"9":{"start":{"line":18,"column":12},"end":{"line":18,"column":null}},"10":{"start":{"line":18,"column":29},"end":{"line":18,"column":51}},"11":{"start":{"line":22,"column":4},"end":{"line":156,"column":null}},"12":{"start":{"line":55,"column":57},"end":{"line":55,"column":null}}},"fnMap":{"0":{"name":"(anonymous_0)","decl":{"start":{"line":6,"column":32},"end":{"line":6,"column":38}},"loc":{"start":{"line":6,"column":38},"end":{"line":158,"column":null}},"line":6},"1":{"name":"(anonymous_1)","decl":{"start":{"line":12,"column":28},"end":{"line":12,"column":29}},"loc":{"start":{"line":12,"column":52},"end":{"line":20,"column":null}},"line":12},"2":{"name":"(anonymous_2)","decl":{"start":{"line":18,"column":23},"end":{"line":18,"column":29}},"loc":{"start":{"line":18,"column":29},"end":{"line":18,"column":51}},"line":18},"3":{"name":"(anonymous_3)","decl":{"start":{"line":55,"column":50},"end":{"line":55,"column":51}},"loc":{"start":{"line":55,"column":57},"end":{"line":55,"column":null}},"line":55}},"branchMap":{"0":{"loc":{"start":{"line":14,"column":8},"end":{"line":19,"column":null}},"type":"if","locations":[{"start":{"line":14,"column":8},"end":{"line":19,"column":null}},{"start":{},"end":{}}],"line":14},"1":{"loc":{"start":{"line":43,"column":29},"end":{"line":63,"column":null}},"type":"cond-expr","locations":[{"start":{"line":44,"column":32},"end":{"line":46,"column":null}},{"start":{"line":48,"column":32},"end":{"line":63,"column":null}}],"line":43}},"s":{"0":1,"1":6,"2":6,"3":6,"4":6,"5":1,"6":1,"7":1,"8":1,"9":1,"10":1,"11":6,"12":1},"f":{"0":6,"1":1,"2":1,"3":1},"b":{"0":[1,0],"1":[1,5]},"meta":{"lastBranch":2,"lastFunction":4,"lastStatement":13,"seen":{"s:6:32:158:Infinity":0,"f:6:32:6:38":0,"s:7:14:7:Infinity":1,"s:9:30:9:Infinity":2,"s:10:40:10:Infinity":3,"s:12:28:20:Infinity":4,"f:12:28:12:29":1,"s:13:8:13:Infinity":5,"b:14:8:19:Infinity:undefined:undefined:undefined:undefined":0,"s:14:8:19:Infinity":6,"s:15:12:15:Infinity":7,"s:16:12:16:Infinity":8,"s:18:12:18:Infinity":9,"f:18:23:18:29":2,"s:18:29:18:51":10,"s:22:4:156:Infinity":11,"b:44:32:46:Infinity:48:32:63:Infinity":1,"f:55:50:55:51":3,"s:55:57:55:Infinity":12}}}
,"/Users/kachevn1k/Projects/alanya-holidays/components/Navbar.tsx": {"path":"/Users/kachevn1k/Projects/alanya-holidays/components/Navbar.tsx","statementMap":{"0":{"start":{"line":16,"column":32},"end":{"line":361,"column":null}},"1":{"start":{"line":17,"column":31},"end":{"line":17,"column":null}},"2":{"start":{"line":18,"column":20},"end":{"line":18,"column":null}},"3":{"start":{"line":19,"column":8},"end":{"line":19,"column":null}},"4":{"start":{"line":20,"column":35},"end":{"line":20,"column":null}},"5":{"start":{"line":21,"column":32},"end":{"line":21,"column":null}},"6":{"start":{"line":22,"column":29},"end":{"line":22,"column":null}},"7":{"start":{"line":23,"column":40},"end":{"line":23,"column":null}},"8":{"start":{"line":24,"column":34},"end":{"line":24,"column":null}},"9":{"start":{"line":26,"column":46},"end":{"line":26,"column":null}},"10":{"start":{"line":27,"column":34},"end":{"line":27,"column":null}},"11":{"start":{"line":28,"column":42},"end":{"line":28,"column":null}},"12":{"start":{"line":29,"column":40},"end":{"line":29,"column":null}},"13":{"start":{"line":30,"column":42},"end":{"line":30,"column":null}},"14":{"start":{"line":32,"column":8},"end":{"line":32,"column":null}},"15":{"start":{"line":33,"column":8},"end":{"line":33,"column":null}},"16":{"start":{"line":34,"column":8},"end":{"line":34,"column":null}},"17":{"start":{"line":35,"column":8},"end":{"line":35,"column":null}},"18":{"start":{"line":37,"column":2},"end":{"line":70,"column":null}},"19":{"start":{"line":38,"column":31},"end":{"line":51,"column":null}},"20":{"start":{"line":39,"column":6},"end":{"line":41,"column":null}},"21":{"start":{"line":40,"column":8},"end":{"line":40,"column":null}},"22":{"start":{"line":42,"column":6},"end":{"line":44,"column":null}},"23":{"start":{"line":43,"column":8},"end":{"line":43,"column":null}},"24":{"start":{"line":45,"column":6},"end":{"line":47,"column":null}},"25":{"start":{"line":46,"column":8},"end":{"line":46,"column":null}},"26":{"start":{"line":48,"column":6},"end":{"line":50,"column":null}},"27":{"start":{"line":49,"column":8},"end":{"line":49,"column":null}},"28":{"start":{"line":53,"column":22},"end":{"line":61,"column":null}},"29":{"start":{"line":54,"column":6},"end":{"line":60,"column":null}},"30":{"start":{"line":55,"column":8},"end":{"line":55,"column":null}},"31":{"start":{"line":56,"column":8},"end":{"line":56,"column":null}},"32":{"start":{"line":57,"column":8},"end":{"line":57,"column":null}},"33":{"start":{"line":58,"column":8},"end":{"line":58,"column":null}},"34":{"start":{"line":59,"column":8},"end":{"line":59,"column":null}},"35":{"start":{"line":63,"column":4},"end":{"line":63,"column":null}},"36":{"start":{"line":64,"column":4},"end":{"line":64,"column":null}},"37":{"start":{"line":66,"column":4},"end":{"line":69,"column":null}},"38":{"start":{"line":67,"column":6},"end":{"line":67,"column":null}},"39":{"start":{"line":68,"column":6},"end":{"line":68,"column":null}},"40":{"start":{"line":72,"column":31},"end":{"line":75,"column":null}},"41":{"start":{"line":73,"column":4},"end":{"line":73,"column":null}},"42":{"start":{"line":74,"column":4},"end":{"line":74,"column":null}},"43":{"start":{"line":77,"column":31},"end":{"line":80,"column":null}},"44":{"start":{"line":78,"column":4},"end":{"line":78,"column":null}},"45":{"start":{"line":79,"column":4},"end":{"line":79,"column":null}},"46":{"start":{"line":82,"column":2},"end":{"line":359,"column":null}},"47":{"start":{"line":124,"column":33},"end":{"line":124,"column":null}},"48":{"start":{"line":135,"column":24},"end":{"line":142,"column":null}},"49":{"start":{"line":137,"column":41},"end":{"line":137,"column":null}},"50":{"start":{"line":152,"column":33},"end":{"line":152,"column":null}},"51":{"start":{"line":168,"column":24},"end":{"line":175,"column":null}},"52":{"start":{"line":170,"column":41},"end":{"line":170,"column":null}},"53":{"start":{"line":186,"column":31},"end":{"line":186,"column":null}},"54":{"start":{"line":196,"column":61},"end":{"line":196,"column":87}},"55":{"start":{"line":205,"column":59},"end":{"line":205,"column":85}},"56":{"start":{"line":230,"column":31},"end":{"line":230,"column":null}},"57":{"start":{"line":244,"column":20},"end":{"line":248,"column":null}},"58":{"start":{"line":245,"column":22},"end":{"line":245,"column":null}},"59":{"start":{"line":247,"column":22},"end":{"line":247,"column":null}},"60":{"start":{"line":288,"column":43},"end":{"line":288,"column":56}},"61":{"start":{"line":288,"column":56},"end":{"line":288,"column":81}},"62":{"start":{"line":294,"column":43},"end":{"line":294,"column":59}},"63":{"start":{"line":294,"column":59},"end":{"line":294,"column":84}},"64":{"start":{"line":307,"column":59},"end":{"line":307,"column":84}},"65":{"start":{"line":316,"column":61},"end":{"line":316,"column":86}},"66":{"start":{"line":321,"column":61},"end":{"line":321,"column":86}},"67":{"start":{"line":327,"column":70},"end":{"line":327,"column":95}},"68":{"start":{"line":333,"column":51},"end":{"line":333,"column":61}},"69":{"start":{"line":333,"column":61},"end":{"line":333,"column":86}},"70":{"start":{"line":343,"column":51},"end":{"line":343,"column":64}},"71":{"start":{"line":343,"column":64},"end":{"line":343,"column":89}},"72":{"start":{"line":344,"column":51},"end":{"line":344,"column":67}},"73":{"start":{"line":344,"column":67},"end":{"line":344,"column":92}},"74":{"start":{"line":358,"column":59},"end":{"line":358,"column":87}}},"fnMap":{"0":{"name":"(anonymous_0)","decl":{"start":{"line":16,"column":32},"end":{"line":16,"column":38}},"loc":{"start":{"line":16,"column":38},"end":{"line":361,"column":null}},"line":16},"1":{"name":"(anonymous_1)","decl":{"start":{"line":37,"column":12},"end":{"line":37,"column":18}},"loc":{"start":{"line":37,"column":18},"end":{"line":70,"column":5}},"line":37},"2":{"name":"(anonymous_2)","decl":{"start":{"line":38,"column":31},"end":{"line":38,"column":32}},"loc":{"start":{"line":38,"column":54},"end":{"line":51,"column":null}},"line":38},"3":{"name":"(anonymous_3)","decl":{"start":{"line":53,"column":22},"end":{"line":53,"column":23}},"loc":{"start":{"line":53,"column":48},"end":{"line":61,"column":null}},"line":53},"4":{"name":"(anonymous_4)","decl":{"start":{"line":66,"column":11},"end":{"line":66,"column":17}},"loc":{"start":{"line":66,"column":17},"end":{"line":69,"column":null}},"line":66},"5":{"name":"(anonymous_5)","decl":{"start":{"line":72,"column":31},"end":{"line":72,"column":32}},"loc":{"start":{"line":72,"column":51},"end":{"line":75,"column":null}},"line":72},"6":{"name":"(anonymous_6)","decl":{"start":{"line":77,"column":31},"end":{"line":77,"column":32}},"loc":{"start":{"line":77,"column":51},"end":{"line":80,"column":null}},"line":77},"7":{"name":"(anonymous_7)","decl":{"start":{"line":124,"column":27},"end":{"line":124,"column":33}},"loc":{"start":{"line":124,"column":33},"end":{"line":124,"column":null}},"line":124},"8":{"name":"(anonymous_8)","decl":{"start":{"line":134,"column":65},"end":{"line":134,"column":66}},"loc":{"start":{"line":135,"column":24},"end":{"line":142,"column":null}},"line":135},"9":{"name":"(anonymous_9)","decl":{"start":{"line":137,"column":35},"end":{"line":137,"column":41}},"loc":{"start":{"line":137,"column":41},"end":{"line":137,"column":null}},"line":137},"10":{"name":"(anonymous_10)","decl":{"start":{"line":152,"column":27},"end":{"line":152,"column":33}},"loc":{"start":{"line":152,"column":33},"end":{"line":152,"column":null}},"line":152},"11":{"name":"(anonymous_11)","decl":{"start":{"line":167,"column":28},"end":{"line":167,"column":29}},"loc":{"start":{"line":168,"column":24},"end":{"line":175,"column":null}},"line":168},"12":{"name":"(anonymous_12)","decl":{"start":{"line":170,"column":35},"end":{"line":170,"column":41}},"loc":{"start":{"line":170,"column":41},"end":{"line":170,"column":null}},"line":170},"13":{"name":"(anonymous_13)","decl":{"start":{"line":186,"column":25},"end":{"line":186,"column":31}},"loc":{"start":{"line":186,"column":31},"end":{"line":186,"column":null}},"line":186},"14":{"name":"(anonymous_14)","decl":{"start":{"line":196,"column":55},"end":{"line":196,"column":61}},"loc":{"start":{"line":196,"column":61},"end":{"line":196,"column":87}},"line":196},"15":{"name":"(anonymous_15)","decl":{"start":{"line":205,"column":53},"end":{"line":205,"column":59}},"loc":{"start":{"line":205,"column":59},"end":{"line":205,"column":85}},"line":205},"16":{"name":"(anonymous_16)","decl":{"start":{"line":230,"column":25},"end":{"line":230,"column":31}},"loc":{"start":{"line":230,"column":31},"end":{"line":230,"column":null}},"line":230},"17":{"name":"(anonymous_17)","decl":{"start":{"line":240,"column":27},"end":{"line":240,"column":33}},"loc":{"start":{"line":240,"column":33},"end":{"line":249,"column":null}},"line":240},"18":{"name":"(anonymous_18)","decl":{"start":{"line":288,"column":35},"end":{"line":288,"column":41}},"loc":{"start":{"line":288,"column":41},"end":{"line":288,"column":null}},"line":288},"19":{"name":"(anonymous_19)","decl":{"start":{"line":294,"column":35},"end":{"line":294,"column":41}},"loc":{"start":{"line":294,"column":41},"end":{"line":294,"column":null}},"line":294},"20":{"name":"(anonymous_20)","decl":{"start":{"line":307,"column":53},"end":{"line":307,"column":59}},"loc":{"start":{"line":307,"column":59},"end":{"line":307,"column":84}},"line":307},"21":{"name":"(anonymous_21)","decl":{"start":{"line":316,"column":55},"end":{"line":316,"column":61}},"loc":{"start":{"line":316,"column":61},"end":{"line":316,"column":86}},"line":316},"22":{"name":"(anonymous_22)","decl":{"start":{"line":321,"column":55},"end":{"line":321,"column":61}},"loc":{"start":{"line":321,"column":61},"end":{"line":321,"column":86}},"line":321},"23":{"name":"(anonymous_23)","decl":{"start":{"line":327,"column":64},"end":{"line":327,"column":70}},"loc":{"start":{"line":327,"column":70},"end":{"line":327,"column":95}},"line":327},"24":{"name":"(anonymous_24)","decl":{"start":{"line":333,"column":43},"end":{"line":333,"column":49}},"loc":{"start":{"line":333,"column":49},"end":{"line":333,"column":89}},"line":333},"25":{"name":"(anonymous_25)","decl":{"start":{"line":343,"column":43},"end":{"line":343,"column":49}},"loc":{"start":{"line":343,"column":49},"end":{"line":343,"column":92}},"line":343},"26":{"name":"(anonymous_26)","decl":{"start":{"line":344,"column":43},"end":{"line":344,"column":49}},"loc":{"start":{"line":344,"column":49},"end":{"line":344,"column":95}},"line":344},"27":{"name":"(anonymous_27)","decl":{"start":{"line":358,"column":53},"end":{"line":358,"column":59}},"loc":{"start":{"line":358,"column":59},"end":{"line":358,"column":87}},"line":358}},"branchMap":{"0":{"loc":{"start":{"line":39,"column":6},"end":{"line":41,"column":null}},"type":"if","locations":[{"start":{"line":39,"column":6},"end":{"line":41,"column":null}},{"start":{},"end":{}}],"line":39},"1":{"loc":{"start":{"line":39,"column":10},"end":{"line":39,"column":78}},"type":"binary-expr","locations":[{"start":{"line":39,"column":10},"end":{"line":39,"column":29}},{"start":{"line":39,"column":29},"end":{"line":39,"column":78}}],"line":39},"2":{"loc":{"start":{"line":42,"column":6},"end":{"line":44,"column":null}},"type":"if","locations":[{"start":{"line":42,"column":6},"end":{"line":44,"column":null}},{"start":{},"end":{}}],"line":42},"3":{"loc":{"start":{"line":42,"column":10},"end":{"line":42,"column":86}},"type":"binary-expr","locations":[{"start":{"line":42,"column":10},"end":{"line":42,"column":33}},{"start":{"line":42,"column":33},"end":{"line":42,"column":86}}],"line":42},"4":{"loc":{"start":{"line":45,"column":6},"end":{"line":47,"column":null}},"type":"if","locations":[{"start":{"line":45,"column":6},"end":{"line":47,"column":null}},{"start":{},"end":{}}],"line":45},"5":{"loc":{"start":{"line":45,"column":10},"end":{"line":45,"column":84}},"type":"binary-expr","locations":[{"start":{"line":45,"column":10},"end":{"line":45,"column":32}},{"start":{"line":45,"column":32},"end":{"line":45,"column":84}}],"line":45},"6":{"loc":{"start":{"line":48,"column":6},"end":{"line":50,"column":null}},"type":"if","locations":[{"start":{"line":48,"column":6},"end":{"line":50,"column":null}},{"start":{},"end":{}}],"line":48},"7":{"loc":{"start":{"line":48,"column":10},"end":{"line":48,"column":86}},"type":"binary-expr","locations":[{"start":{"line":48,"column":10},"end":{"line":48,"column":33}},{"start":{"line":48,"column":33},"end":{"line":48,"column":86}}],"line":48},"8":{"loc":{"start":{"line":54,"column":6},"end":{"line":60,"column":null}},"type":"if","locations":[{"start":{"line":54,"column":6},"end":{"line":60,"column":null}},{"start":{},"end":{}}],"line":54},"9":{"loc":{"start":{"line":116,"column":17},"end":{"line":116,"column":null}},"type":"cond-expr","locations":[{"start":{"line":116,"column":36},"end":{"line":116,"column":56}},{"start":{"line":116,"column":56},"end":{"line":116,"column":null}}],"line":116},"10":{"loc":{"start":{"line":128,"column":87},"end":{"line":128,"column":121}},"type":"cond-expr","locations":[{"start":{"line":128,"column":104},"end":{"line":128,"column":119}},{"start":{"line":128,"column":119},"end":{"line":128,"column":121}}],"line":128},"11":{"loc":{"start":{"line":131,"column":17},"end":{"line":145,"column":null}},"type":"binary-expr","locations":[{"start":{"line":131,"column":17},"end":{"line":131,"column":null}},{"start":{"line":132,"column":18},"end":{"line":145,"column":null}}],"line":131},"12":{"loc":{"start":{"line":138,"column":181},"end":{"line":138,"column":286}},"type":"cond-expr","locations":[{"start":{"line":138,"column":201},"end":{"line":138,"column":250}},{"start":{"line":138,"column":250},"end":{"line":138,"column":286}}],"line":138},"13":{"loc":{"start":{"line":141,"column":27},"end":{"line":141,"column":null}},"type":"binary-expr","locations":[{"start":{"line":141,"column":27},"end":{"line":141,"column":48}},{"start":{"line":141,"column":48},"end":{"line":141,"column":null}}],"line":141},"14":{"loc":{"start":{"line":159,"column":17},"end":{"line":178,"column":null}},"type":"binary-expr","locations":[{"start":{"line":159,"column":17},"end":{"line":159,"column":null}},{"start":{"line":160,"column":18},"end":{"line":178,"column":null}}],"line":159},"15":{"loc":{"start":{"line":171,"column":181},"end":{"line":171,"column":288}},"type":"cond-expr","locations":[{"start":{"line":171,"column":203},"end":{"line":171,"column":252}},{"start":{"line":171,"column":252},"end":{"line":171,"column":288}}],"line":171},"16":{"loc":{"start":{"line":174,"column":27},"end":{"line":174,"column":null}},"type":"binary-expr","locations":[{"start":{"line":174,"column":27},"end":{"line":174,"column":50}},{"start":{"line":174,"column":50},"end":{"line":174,"column":null}}],"line":174},"17":{"loc":{"start":{"line":193,"column":15},"end":{"line":215,"column":null}},"type":"binary-expr","locations":[{"start":{"line":193,"column":15},"end":{"line":193,"column":null}},{"start":{"line":194,"column":16},"end":{"line":215,"column":null}}],"line":193},"18":{"loc":{"start":{"line":226,"column":17},"end":{"line":226,"column":null}},"type":"binary-expr","locations":[{"start":{"line":226,"column":17},"end":{"line":226,"column":41}},{"start":{"line":226,"column":41},"end":{"line":226,"column":null}}],"line":226},"19":{"loc":{"start":{"line":234,"column":17},"end":{"line":234,"column":null}},"type":"binary-expr","locations":[{"start":{"line":234,"column":17},"end":{"line":234,"column":37}},{"start":{"line":234,"column":37},"end":{"line":234,"column":null}}],"line":234},"20":{"loc":{"start":{"line":244,"column":20},"end":{"line":248,"column":null}},"type":"if","locations":[{"start":{"line":244,"column":20},"end":{"line":248,"column":null}},{"start":{"line":246,"column":27},"end":{"line":248,"column":null}}],"line":244},"21":{"loc":{"start":{"line":254,"column":21},"end":{"line":260,"column":null}},"type":"cond-expr","locations":[{"start":{"line":255,"column":22},"end":{"line":255,"column":null}},{"start":{"line":257,"column":22},"end":{"line":260,"column":null}}],"line":254},"22":{"loc":{"start":{"line":254,"column":21},"end":{"line":254,"column":null}},"type":"binary-expr","locations":[{"start":{"line":254,"column":21},"end":{"line":254,"column":40}},{"start":{"line":254,"column":40},"end":{"line":254,"column":null}}],"line":254},"23":{"loc":{"start":{"line":273,"column":17},"end":{"line":348,"column":null}},"type":"binary-expr","locations":[{"start":{"line":273,"column":17},"end":{"line":273,"column":null}},{"start":{"line":274,"column":18},"end":{"line":348,"column":null}}],"line":273},"24":{"loc":{"start":{"line":277,"column":21},"end":{"line":281,"column":null}},"type":"binary-expr","locations":[{"start":{"line":277,"column":21},"end":{"line":277,"column":40}},{"start":{"line":277,"column":40},"end":{"line":277,"column":null}},{"start":{"line":278,"column":22},"end":{"line":281,"column":null}}],"line":277},"25":{"loc":{"start":{"line":285,"column":21},"end":{"line":299,"column":null}},"type":"binary-expr","locations":[{"start":{"line":285,"column":21},"end":{"line":285,"column":null}},{"start":{"line":286,"column":22},"end":{"line":299,"column":null}}],"line":285},"26":{"loc":{"start":{"line":305,"column":23},"end":{"line":337,"column":null}},"type":"binary-expr","locations":[{"start":{"line":305,"column":23},"end":{"line":305,"column":null}},{"start":{"line":306,"column":24},"end":{"line":337,"column":null}}],"line":305},"27":{"loc":{"start":{"line":314,"column":29},"end":{"line":314,"column":null}},"type":"binary-expr","locations":[{"start":{"line":314,"column":29},"end":{"line":314,"column":50}},{"start":{"line":314,"column":50},"end":{"line":314,"column":null}}],"line":314},"28":{"loc":{"start":{"line":320,"column":27},"end":{"line":324,"column":null}},"type":"binary-expr","locations":[{"start":{"line":320,"column":27},"end":{"line":320,"column":null}},{"start":{"line":321,"column":28},"end":{"line":324,"column":null}}],"line":320},"29":{"loc":{"start":{"line":324,"column":28},"end":{"line":330,"column":null}},"type":"binary-expr","locations":[{"start":{"line":326,"column":28},"end":{"line":326,"column":53}},{"start":{"line":326,"column":53},"end":{"line":326,"column":null}},{"start":{"line":327,"column":28},"end":{"line":330,"column":null}}],"line":324},"30":{"loc":{"start":{"line":340,"column":23},"end":{"line":345,"column":null}},"type":"binary-expr","locations":[{"start":{"line":340,"column":23},"end":{"line":340,"column":null}},{"start":{"line":341,"column":24},"end":{"line":345,"column":null}}],"line":340}},"s":{"0":1,"1":12,"2":12,"3":12,"4":12,"5":12,"6":12,"7":12,"8":12,"9":12,"10":12,"11":12,"12":12,"13":12,"14":12,"15":12,"16":12,"17":12,"18":12,"19":5,"20":0,"21":0,"22":0,"23":0,"24":0,"25":0,"26":0,"27":0,"28":5,"29":0,"30":0,"31":0,"32":0,"33":0,"34":0,"35":5,"36":5,"37":5,"38":5,"39":5,"40":12,"41":1,"42":1,"43":12,"44":1,"45":1,"46":12,"47":1,"48":3,"49":1,"50":1,"51":4,"52":1,"53":0,"54":0,"55":0,"56":0,"57":2,"58":0,"59":2,"60":1,"61":1,"62":0,"63":0,"64":0,"65":0,"66":0,"67":0,"68":0,"69":0,"70":0,"71":0,"72":0,"73":0,"74":0},"f":{"0":12,"1":5,"2":0,"3":0,"4":5,"5":1,"6":1,"7":1,"8":3,"9":1,"10":1,"11":4,"12":1,"13":0,"14":0,"15":0,"16":0,"17":2,"18":1,"19":0,"20":0,"21":0,"22":0,"23":0,"24":0,"25":0,"26":0,"27":0},"b":{"0":[0,0],"1":[0,0],"2":[0,0],"3":[0,0],"4":[0,0],"5":[0,0],"6":[0,0],"7":[0,0],"8":[0,0],"9":[0,12],"10":[1,11],"11":[12,1],"12":[1,2],"13":[3,1],"14":[12,1],"15":[1,3],"16":[4,1],"17":[12,0],"18":[12,0],"19":[12,0],"20":[0,2],"21":[2,10],"22":[12,2],"23":[12,2],"24":[2,1,1],"25":[2,1],"26":[2,1],"27":[1,0],"28":[1,0],"29":[1,1,0],"30":[2,1]},"meta":{"lastBranch":31,"lastFunction":28,"lastStatement":75,"seen":{"s:16:32:361:Infinity":0,"f:16:32:16:38":0,"s:17:31:17:Infinity":1,"s:18:20:18:Infinity":2,"s:19:8:19:Infinity":3,"s:20:35:20:Infinity":4,"s:21:32:21:Infinity":5,"s:22:29:22:Infinity":6,"s:23:40:23:Infinity":7,"s:24:34:24:Infinity":8,"s:26:46:26:Infinity":9,"s:27:34:27:Infinity":10,"s:28:42:28:Infinity":11,"s:29:40:29:Infinity":12,"s:30:42:30:Infinity":13,"s:32:8:32:Infinity":14,"s:33:8:33:Infinity":15,"s:34:8:34:Infinity":16,"s:35:8:35:Infinity":17,"s:37:2:70:Infinity":18,"f:37:12:37:18":1,"s:38:31:51:Infinity":19,"f:38:31:38:32":2,"b:39:6:41:Infinity:undefined:undefined:undefined:undefined":0,"s:39:6:41:Infinity":20,"b:39:10:39:29:39:29:39:78":1,"s:40:8:40:Infinity":21,"b:42:6:44:Infinity:undefined:undefined:undefined:undefined":2,"s:42:6:44:Infinity":22,"b:42:10:42:33:42:33:42:86":3,"s:43:8:43:Infinity":23,"b:45:6:47:Infinity:undefined:undefined:undefined:undefined":4,"s:45:6:47:Infinity":24,"b:45:10:45:32:45:32:45:84":5,"s:46:8:46:Infinity":25,"b:48:6:50:Infinity:undefined:undefined:undefined:undefined":6,"s:48:6:50:Infinity":26,"b:48:10:48:33:48:33:48:86":7,"s:49:8:49:Infinity":27,"s:53:22:61:Infinity":28,"f:53:22:53:23":3,"b:54:6:60:Infinity:undefined:undefined:undefined:undefined":8,"s:54:6:60:Infinity":29,"s:55:8:55:Infinity":30,"s:56:8:56:Infinity":31,"s:57:8:57:Infinity":32,"s:58:8:58:Infinity":33,"s:59:8:59:Infinity":34,"s:63:4:63:Infinity":35,"s:64:4:64:Infinity":36,"s:66:4:69:Infinity":37,"f:66:11:66:17":4,"s:67:6:67:Infinity":38,"s:68:6:68:Infinity":39,"s:72:31:75:Infinity":40,"f:72:31:72:32":5,"s:73:4:73:Infinity":41,"s:74:4:74:Infinity":42,"s:77:31:80:Infinity":43,"f:77:31:77:32":6,"s:78:4:78:Infinity":44,"s:79:4:79:Infinity":45,"s:82:2:359:Infinity":46,"b:116:36:116:56:116:56:116:Infinity":9,"f:124:27:124:33":7,"s:124:33:124:Infinity":47,"b:128:104:128:119:128:119:128:121":10,"b:131:17:131:Infinity:132:18:145:Infinity":11,"f:134:65:134:66":8,"s:135:24:142:Infinity":48,"f:137:35:137:41":9,"s:137:41:137:Infinity":49,"b:138:201:138:250:138:250:138:286":12,"b:141:27:141:48:141:48:141:Infinity":13,"f:152:27:152:33":10,"s:152:33:152:Infinity":50,"b:159:17:159:Infinity:160:18:178:Infinity":14,"f:167:28:167:29":11,"s:168:24:175:Infinity":51,"f:170:35:170:41":12,"s:170:41:170:Infinity":52,"b:171:203:171:252:171:252:171:288":15,"b:174:27:174:50:174:50:174:Infinity":16,"f:186:25:186:31":13,"s:186:31:186:Infinity":53,"b:193:15:193:Infinity:194:16:215:Infinity":17,"f:196:55:196:61":14,"s:196:61:196:87":54,"f:205:53:205:59":15,"s:205:59:205:85":55,"b:226:17:226:41:226:41:226:Infinity":18,"f:230:25:230:31":16,"s:230:31:230:Infinity":56,"b:234:17:234:37:234:37:234:Infinity":19,"f:240:27:240:33":17,"b:244:20:248:Infinity:246:27:248:Infinity":20,"s:244:20:248:Infinity":57,"s:245:22:245:Infinity":58,"s:247:22:247:Infinity":59,"b:255:22:255:Infinity:257:22:260:Infinity":21,"b:254:21:254:40:254:40:254:Infinity":22,"b:273:17:273:Infinity:274:18:348:Infinity":23,"b:277:21:277:40:277:40:277:Infinity:278:22:281:Infinity":24,"b:285:21:285:Infinity:286:22:299:Infinity":25,"f:288:35:288:41":18,"s:288:43:288:56":60,"s:288:56:288:81":61,"f:294:35:294:41":19,"s:294:43:294:59":62,"s:294:59:294:84":63,"b:305:23:305:Infinity:306:24:337:Infinity":26,"f:307:53:307:59":20,"s:307:59:307:84":64,"b:314:29:314:50:314:50:314:Infinity":27,"f:316:55:316:61":21,"s:316:61:316:86":65,"b:320:27:320:Infinity:321:28:324:Infinity":28,"f:321:55:321:61":22,"s:321:61:321:86":66,"b:326:28:326:53:326:53:326:Infinity:327:28:330:Infinity":29,"f:327:64:327:70":23,"s:327:70:327:95":67,"f:333:43:333:49":24,"s:333:51:333:61":68,"s:333:61:333:86":69,"b:340:23:340:Infinity:341:24:345:Infinity":30,"f:343:43:343:49":25,"s:343:51:343:64":70,"s:343:64:343:89":71,"f:344:43:344:49":26,"s:344:51:344:67":72,"s:344:67:344:92":73,"f:358:53:358:59":27,"s:358:59:358:87":74}}}
,"/Users/kachevn1k/Projects/alanya-holidays/components/auth/AdminRoute.tsx": {"path":"/Users/kachevn1k/Projects/alanya-holidays/components/auth/AdminRoute.tsx","statementMap":{"0":{"start":{"line":14,"column":53},"end":{"line":38,"column":null}},"1":{"start":{"line":15,"column":45},"end":{"line":15,"column":null}},"2":{"start":{"line":16,"column":10},"end":{"line":16,"column":null}},"3":{"start":{"line":19,"column":4},"end":{"line":28,"column":null}},"4":{"start":{"line":20,"column":8},"end":{"line":26,"column":null}},"5":{"start":{"line":31,"column":4},"end":{"line":34,"column":null}},"6":{"start":{"line":32,"column":8},"end":{"line":32,"column":null}},"7":{"start":{"line":33,"column":8},"end":{"line":33,"column":null}},"8":{"start":{"line":37,"column":4},"end":{"line":37,"column":null}}},"fnMap":{"0":{"name":"(anonymous_0)","decl":{"start":{"line":14,"column":53},"end":{"line":14,"column":54}},"loc":{"start":{"line":14,"column":71},"end":{"line":38,"column":null}},"line":14}},"branchMap":{"0":{"loc":{"start":{"line":19,"column":4},"end":{"line":28,"column":null}},"type":"if","locations":[{"start":{"line":19,"column":4},"end":{"line":28,"column":null}},{"start":{},"end":{}}],"line":19},"1":{"loc":{"start":{"line":31,"column":4},"end":{"line":34,"column":null}},"type":"if","locations":[{"start":{"line":31,"column":4},"end":{"line":34,"column":null}},{"start":{},"end":{}}],"line":31},"2":{"loc":{"start":{"line":31,"column":8},"end":{"line":31,"column":52}},"type":"binary-expr","locations":[{"start":{"line":31,"column":8},"end":{"line":31,"column":28}},{"start":{"line":31,"column":28},"end":{"line":31,"column":52}}],"line":31},"3":{"loc":{"start":{"line":32,"column":102},"end":{"line":32,"column":123}},"type":"binary-expr","locations":[{"start":{"line":32,"column":102},"end":{"line":32,"column":116}},{"start":{"line":32,"column":116},"end":{"line":32,"column":123}}],"line":32}},"s":{"0":1,"1":4,"2":4,"3":4,"4":1,"5":3,"6":2,"7":2,"8":1},"f":{"0":4},"b":{"0":[1,3],"1":[2,1],"2":[3,2],"3":[2,1]},"meta":{"lastBranch":4,"lastFunction":1,"lastStatement":9,"seen":{"s:14:53:38:Infinity":0,"f:14:53:14:54":0,"s:15:45:15:Infinity":1,"s:16:10:16:Infinity":2,"b:19:4:28:Infinity:undefined:undefined:undefined:undefined":0,"s:19:4:28:Infinity":3,"s:20:8:26:Infinity":4,"b:31:4:34:Infinity:undefined:undefined:undefined:undefined":1,"s:31:4:34:Infinity":5,"b:31:8:31:28:31:28:31:52":2,"s:32:8:32:Infinity":6,"b:32:102:32:116:32:116:32:123":3,"s:33:8:33:Infinity":7,"s:37:4:37:Infinity":8}}}
,"/Users/kachevn1k/Projects/alanya-holidays/components/auth/LoginModal.tsx": {"path":"/Users/kachevn1k/Projects/alanya-holidays/components/auth/LoginModal.tsx","statementMap":{"0":{"start":{"line":10,"column":36},"end":{"line":290,"column":null}},"1":{"start":{"line":11,"column":50},"end":{"line":11,"column":null}},"2":{"start":{"line":12,"column":14},"end":{"line":12,"column":null}},"3":{"start":{"line":13,"column":38},"end":{"line":13,"column":null}},"4":{"start":{"line":15,"column":24},"end":{"line":15,"column":null}},"5":{"start":{"line":16,"column":26},"end":{"line":16,"column":null}},"6":{"start":{"line":17,"column":32},"end":{"line":17,"column":null}},"7":{"start":{"line":18,"column":22},"end":{"line":18,"column":null}},"8":{"start":{"line":19,"column":26},"end":{"line":19,"column":null}},"9":{"start":{"line":20,"column":30},"end":{"line":20,"column":null}},"10":{"start":{"line":22,"column":19},"end":{"line":22,"column":null}},"11":{"start":{"line":25,"column":4},"end":{"line":34,"column":null}},"12":{"start":{"line":26,"column":8},"end":{"line":33,"column":null}},"13":{"start":{"line":27,"column":12},"end":{"line":27,"column":null}},"14":{"start":{"line":28,"column":12},"end":{"line":28,"column":null}},"15":{"start":{"line":29,"column":12},"end":{"line":29,"column":null}},"16":{"start":{"line":30,"column":12},"end":{"line":30,"column":null}},"17":{"start":{"line":36,"column":30},"end":{"line":53,"column":null}},"18":{"start":{"line":37,"column":8},"end":{"line":37,"column":null}},"19":{"start":{"line":37,"column":15},"end":{"line":37,"column":null}},"20":{"start":{"line":38,"column":8},"end":{"line":38,"column":null}},"21":{"start":{"line":39,"column":8},"end":{"line":39,"column":null}},"22":{"start":{"line":41,"column":8},"end":{"line":52,"column":null}},"23":{"start":{"line":42,"column":27},"end":{"line":42,"column":null}},"24":{"start":{"line":43,"column":12},"end":{"line":47,"column":null}},"25":{"start":{"line":44,"column":16},"end":{"line":44,"column":null}},"26":{"start":{"line":46,"column":16},"end":{"line":46,"column":null}},"27":{"start":{"line":49,"column":12},"end":{"line":49,"column":null}},"28":{"start":{"line":51,"column":12},"end":{"line":51,"column":null}},"29":{"start":{"line":55,"column":33},"end":{"line":73,"column":null}},"30":{"start":{"line":56,"column":8},"end":{"line":56,"column":null}},"31":{"start":{"line":56,"column":15},"end":{"line":56,"column":null}},"32":{"start":{"line":57,"column":8},"end":{"line":57,"column":null}},"33":{"start":{"line":58,"column":8},"end":{"line":58,"column":null}},"34":{"start":{"line":60,"column":8},"end":{"line":72,"column":null}},"35":{"start":{"line":62,"column":27},"end":{"line":62,"column":null}},"36":{"start":{"line":63,"column":12},"end":{"line":67,"column":null}},"37":{"start":{"line":64,"column":16},"end":{"line":64,"column":null}},"38":{"start":{"line":66,"column":16},"end":{"line":66,"column":null}},"39":{"start":{"line":69,"column":12},"end":{"line":69,"column":null}},"40":{"start":{"line":71,"column":12},"end":{"line":71,"column":null}},"41":{"start":{"line":75,"column":28},"end":{"line":94,"column":null}},"42":{"start":{"line":76,"column":8},"end":{"line":76,"column":null}},"43":{"start":{"line":76,"column":15},"end":{"line":76,"column":null}},"44":{"start":{"line":77,"column":8},"end":{"line":77,"column":null}},"45":{"start":{"line":78,"column":8},"end":{"line":78,"column":null}},"46":{"start":{"line":80,"column":8},"end":{"line":93,"column":null}},"47":{"start":{"line":82,"column":27},"end":{"line":82,"column":null}},"48":{"start":{"line":83,"column":12},"end":{"line":88,"column":null}},"49":{"start":{"line":84,"column":16},"end":{"line":84,"column":null}},"50":{"start":{"line":85,"column":16},"end":{"line":85,"column":null}},"51":{"start":{"line":87,"column":16},"end":{"line":87,"column":null}},"52":{"start":{"line":90,"column":12},"end":{"line":90,"column":null}},"53":{"start":{"line":92,"column":12},"end":{"line":92,"column":null}},"54":{"start":{"line":96,"column":25},"end":{"line":111,"column":null}},"55":{"start":{"line":97,"column":8},"end":{"line":97,"column":null}},"56":{"start":{"line":98,"column":8},"end":{"line":98,"column":null}},"57":{"start":{"line":99,"column":8},"end":{"line":110,"column":null}},"58":{"start":{"line":100,"column":27},"end":{"line":100,"column":null}},"59":{"start":{"line":101,"column":12},"end":{"line":105,"column":null}},"60":{"start":{"line":102,"column":16},"end":{"line":102,"column":null}},"61":{"start":{"line":104,"column":16},"end":{"line":104,"column":null}},"62":{"start":{"line":107,"column":12},"end":{"line":107,"column":null}},"63":{"start":{"line":109,"column":12},"end":{"line":109,"column":null}},"64":{"start":{"line":114,"column":4},"end":{"line":118,"column":null}},"65":{"start":{"line":115,"column":8},"end":{"line":117,"column":null}},"66":{"start":{"line":115,"column":30},"end":{"line":115,"column":null}},"67":{"start":{"line":115,"column":48},"end":{"line":117,"column":null}},"68":{"start":{"line":116,"column":38},"end":{"line":116,"column":null}},"69":{"start":{"line":116,"column":59},"end":{"line":117,"column":null}},"70":{"start":{"line":117,"column":33},"end":{"line":117,"column":null}},"71":{"start":{"line":120,"column":21},"end":{"line":124,"column":null}},"72":{"start":{"line":121,"column":8},"end":{"line":121,"column":null}},"73":{"start":{"line":121,"column":33},"end":{"line":121,"column":null}},"74":{"start":{"line":122,"column":8},"end":{"line":122,"column":null}},"75":{"start":{"line":122,"column":28},"end":{"line":122,"column":null}},"76":{"start":{"line":123,"column":8},"end":{"line":123,"column":null}},"77":{"start":{"line":126,"column":4},"end":{"line":288,"column":null}},"78":{"start":{"line":131,"column":39},"end":{"line":131,"column":null}},"79":{"start":{"line":158,"column":53},"end":{"line":158,"column":null}},"80":{"start":{"line":169,"column":51},"end":{"line":169,"column":null}},"81":{"start":{"line":182,"column":53},"end":{"line":182,"column":null}},"82":{"start":{"line":226,"column":53},"end":{"line":226,"column":null}},"83":{"start":{"line":258,"column":49},"end":{"line":258,"column":null}}},"fnMap":{"0":{"name":"(anonymous_0)","decl":{"start":{"line":10,"column":36},"end":{"line":10,"column":42}},"loc":{"start":{"line":10,"column":42},"end":{"line":290,"column":null}},"line":10},"1":{"name":"(anonymous_1)","decl":{"start":{"line":25,"column":14},"end":{"line":25,"column":20}},"loc":{"start":{"line":25,"column":20},"end":{"line":34,"column":7}},"line":25},"2":{"name":"(anonymous_2)","decl":{"start":{"line":36,"column":30},"end":{"line":36,"column":37}},"loc":{"start":{"line":36,"column":61},"end":{"line":53,"column":null}},"line":36},"3":{"name":"(anonymous_3)","decl":{"start":{"line":55,"column":33},"end":{"line":55,"column":40}},"loc":{"start":{"line":55,"column":64},"end":{"line":73,"column":null}},"line":55},"4":{"name":"(anonymous_4)","decl":{"start":{"line":75,"column":28},"end":{"line":75,"column":35}},"loc":{"start":{"line":75,"column":59},"end":{"line":94,"column":null}},"line":75},"5":{"name":"(anonymous_5)","decl":{"start":{"line":96,"column":25},"end":{"line":96,"column":37}},"loc":{"start":{"line":96,"column":37},"end":{"line":111,"column":null}},"line":96},"6":{"name":"(anonymous_6)","decl":{"start":{"line":114,"column":22},"end":{"line":114,"column":28}},"loc":{"start":{"line":114,"column":28},"end":{"line":118,"column":5}},"line":114},"7":{"name":"(anonymous_7)","decl":{"start":{"line":120,"column":21},"end":{"line":120,"column":27}},"loc":{"start":{"line":120,"column":27},"end":{"line":124,"column":null}},"line":120},"8":{"name":"(anonymous_8)","decl":{"start":{"line":131,"column":33},"end":{"line":131,"column":39}},"loc":{"start":{"line":131,"column":39},"end":{"line":131,"column":null}},"line":131},"9":{"name":"(anonymous_9)","decl":{"start":{"line":158,"column":46},"end":{"line":158,"column":47}},"loc":{"start":{"line":158,"column":53},"end":{"line":158,"column":null}},"line":158},"10":{"name":"(anonymous_10)","decl":{"start":{"line":169,"column":45},"end":{"line":169,"column":51}},"loc":{"start":{"line":169,"column":51},"end":{"line":169,"column":null}},"line":169},"11":{"name":"(anonymous_11)","decl":{"start":{"line":182,"column":46},"end":{"line":182,"column":47}},"loc":{"start":{"line":182,"column":53},"end":{"line":182,"column":null}},"line":182},"12":{"name":"(anonymous_12)","decl":{"start":{"line":226,"column":46},"end":{"line":226,"column":47}},"loc":{"start":{"line":226,"column":53},"end":{"line":226,"column":null}},"line":226},"13":{"name":"(anonymous_13)","decl":{"start":{"line":258,"column":42},"end":{"line":258,"column":43}},"loc":{"start":{"line":258,"column":49},"end":{"line":258,"column":null}},"line":258}},"branchMap":{"0":{"loc":{"start":{"line":26,"column":8},"end":{"line":33,"column":null}},"type":"if","locations":[{"start":{"line":26,"column":8},"end":{"line":33,"column":null}},{"start":{},"end":{}}],"line":26},"1":{"loc":{"start":{"line":37,"column":8},"end":{"line":37,"column":null}},"type":"if","locations":[{"start":{"line":37,"column":8},"end":{"line":37,"column":null}},{"start":{},"end":{}}],"line":37},"2":{"loc":{"start":{"line":43,"column":12},"end":{"line":47,"column":null}},"type":"if","locations":[{"start":{"line":43,"column":12},"end":{"line":47,"column":null}},{"start":{"line":45,"column":19},"end":{"line":47,"column":null}}],"line":43},"3":{"loc":{"start":{"line":46,"column":25},"end":{"line":46,"column":68}},"type":"binary-expr","locations":[{"start":{"line":46,"column":25},"end":{"line":46,"column":41}},{"start":{"line":46,"column":41},"end":{"line":46,"column":68}}],"line":46},"4":{"loc":{"start":{"line":56,"column":8},"end":{"line":56,"column":null}},"type":"if","locations":[{"start":{"line":56,"column":8},"end":{"line":56,"column":null}},{"start":{},"end":{}}],"line":56},"5":{"loc":{"start":{"line":63,"column":12},"end":{"line":67,"column":null}},"type":"if","locations":[{"start":{"line":63,"column":12},"end":{"line":67,"column":null}},{"start":{"line":65,"column":19},"end":{"line":67,"column":null}}],"line":63},"6":{"loc":{"start":{"line":66,"column":25},"end":{"line":66,"column":62}},"type":"binary-expr","locations":[{"start":{"line":66,"column":25},"end":{"line":66,"column":41}},{"start":{"line":66,"column":41},"end":{"line":66,"column":62}}],"line":66},"7":{"loc":{"start":{"line":76,"column":8},"end":{"line":76,"column":null}},"type":"if","locations":[{"start":{"line":76,"column":8},"end":{"line":76,"column":null}},{"start":{},"end":{}}],"line":76},"8":{"loc":{"start":{"line":83,"column":12},"end":{"line":88,"column":null}},"type":"if","locations":[{"start":{"line":83,"column":12},"end":{"line":88,"column":null}},{"start":{"line":86,"column":19},"end":{"line":88,"column":null}}],"line":83},"9":{"loc":{"start":{"line":87,"column":25},"end":{"line":87,"column":55}},"type":"binary-expr","locations":[{"start":{"line":87,"column":25},"end":{"line":87,"column":41}},{"start":{"line":87,"column":41},"end":{"line":87,"column":55}}],"line":87},"10":{"loc":{"start":{"line":101,"column":12},"end":{"line":105,"column":null}},"type":"if","locations":[{"start":{"line":101,"column":12},"end":{"line":105,"column":null}},{"start":{"line":103,"column":19},"end":{"line":105,"column":null}}],"line":101},"11":{"loc":{"start":{"line":104,"column":25},"end":{"line":104,"column":64}},"type":"binary-expr","locations":[{"start":{"line":104,"column":25},"end":{"line":104,"column":41}},{"start":{"line":104,"column":41},"end":{"line":104,"column":64}}],"line":104},"12":{"loc":{"start":{"line":115,"column":8},"end":{"line":117,"column":null}},"type":"if","locations":[{"start":{"line":115,"column":8},"end":{"line":117,"column":null}},{"start":{"line":115,"column":48},"end":{"line":117,"column":null}}],"line":115},"13":{"loc":{"start":{"line":115,"column":48},"end":{"line":117,"column":null}},"type":"if","locations":[{"start":{"line":115,"column":48},"end":{"line":117,"column":null}},{"start":{"line":116,"column":59},"end":{"line":117,"column":null}}],"line":115},"14":{"loc":{"start":{"line":116,"column":59},"end":{"line":117,"column":null}},"type":"if","locations":[{"start":{"line":116,"column":59},"end":{"line":117,"column":null}},{"start":{},"end":{}}],"line":116},"15":{"loc":{"start":{"line":121,"column":8},"end":{"line":121,"column":null}},"type":"if","locations":[{"start":{"line":121,"column":8},"end":{"line":121,"column":null}},{"start":{},"end":{}}],"line":121},"16":{"loc":{"start":{"line":122,"column":8},"end":{"line":122,"column":null}},"type":"if","locations":[{"start":{"line":122,"column":8},"end":{"line":122,"column":null}},{"start":{},"end":{}}],"line":122},"17":{"loc":{"start":{"line":129,"column":18},"end":{"line":136,"column":null}},"type":"binary-expr","locations":[{"start":{"line":129,"column":18},"end":{"line":129,"column":41}},{"start":{"line":129,"column":41},"end":{"line":129,"column":null}},{"start":{"line":130,"column":20},"end":{"line":136,"column":null}}],"line":129},"18":{"loc":{"start":{"line":139,"column":17},"end":{"line":143,"column":null}},"type":"binary-expr","locations":[{"start":{"line":139,"column":17},"end":{"line":139,"column":null}},{"start":{"line":140,"column":20},"end":{"line":143,"column":null}}],"line":139},"19":{"loc":{"start":{"line":147,"column":17},"end":{"line":208,"column":null}},"type":"binary-expr","locations":[{"start":{"line":147,"column":17},"end":{"line":147,"column":null}},{"start":{"line":148,"column":20},"end":{"line":208,"column":null}}],"line":147},"20":{"loc":{"start":{"line":194,"column":29},"end":{"line":194,"column":null}},"type":"binary-expr","locations":[{"start":{"line":194,"column":29},"end":{"line":194,"column":40}},{"start":{"line":194,"column":40},"end":{"line":194,"column":null}}],"line":194},"21":{"loc":{"start":{"line":212,"column":17},"end":{"line":240,"column":null}},"type":"binary-expr","locations":[{"start":{"line":212,"column":17},"end":{"line":212,"column":null}},{"start":{"line":213,"column":20},"end":{"line":240,"column":null}}],"line":212},"22":{"loc":{"start":{"line":237,"column":29},"end":{"line":237,"column":87}},"type":"binary-expr","locations":[{"start":{"line":237,"column":29},"end":{"line":237,"column":40}},{"start":{"line":237,"column":40},"end":{"line":237,"column":87}}],"line":237},"23":{"loc":{"start":{"line":244,"column":17},"end":{"line":284,"column":null}},"type":"binary-expr","locations":[{"start":{"line":244,"column":17},"end":{"line":244,"column":null}},{"start":{"line":245,"column":20},"end":{"line":284,"column":null}}],"line":244},"24":{"loc":{"start":{"line":267,"column":38},"end":{"line":267,"column":null}},"type":"binary-expr","locations":[{"start":{"line":267,"column":38},"end":{"line":267,"column":49}},{"start":{"line":267,"column":49},"end":{"line":267,"column":null}}],"line":267},"25":{"loc":{"start":{"line":270,"column":29},"end":{"line":270,"column":87}},"type":"binary-expr","locations":[{"start":{"line":270,"column":29},"end":{"line":270,"column":40}},{"start":{"line":270,"column":40},"end":{"line":270,"column":87}}],"line":270},"26":{"loc":{"start":{"line":281,"column":33},"end":{"line":281,"column":null}},"type":"cond-expr","locations":[{"start":{"line":281,"column":43},"end":{"line":281,"column":58}},{"start":{"line":281,"column":58},"end":{"line":281,"column":null}}],"line":281}},"s":{"0":1,"1":12,"2":12,"3":12,"4":12,"5":12,"6":12,"7":12,"8":12,"9":12,"10":12,"11":12,"12":4,"13":1,"14":1,"15":1,"16":1,"17":12,"18":2,"19":2,"20":2,"21":2,"22":2,"23":2,"24":2,"25":1,"26":1,"27":0,"28":2,"29":12,"30":0,"31":0,"32":0,"33":0,"34":0,"35":0,"36":0,"37":0,"38":0,"39":0,"40":0,"41":12,"42":0,"43":0,"44":0,"45":0,"46":0,"47":0,"48":0,"49":0,"50":0,"51":0,"52":0,"53":0,"54":12,"55":0,"56":0,"57":0,"58":0,"59":0,"60":0,"61":0,"62":0,"63":0,"64":12,"65":0,"66":0,"67":0,"68":0,"69":0,"70":0,"71":12,"72":12,"73":0,"74":12,"75":0,"76":12,"77":12,"78":0,"79":2,"80":0,"81":2,"82":0,"83":0},"f":{"0":12,"1":4,"2":2,"3":0,"4":0,"5":0,"6":0,"7":12,"8":0,"9":2,"10":0,"11":2,"12":0,"13":0},"b":{"0":[1,3],"1":[2,0],"2":[1,1],"3":[1,0],"4":[0,0],"5":[0,0],"6":[0,0],"7":[0,0],"8":[0,0],"9":[0,0],"10":[0,0],"11":[0,0],"12":[0,0],"13":[0,0],"14":[0,0],"15":[0,12],"16":[0,12],"17":[12,12,0],"18":[12,1],"19":[12,12],"20":[12,2],"21":[12,0],"22":[0,0],"23":[12,0],"24":[0,0],"25":[0,0],"26":[0,0]},"meta":{"lastBranch":27,"lastFunction":14,"lastStatement":84,"seen":{"s:10:36:290:Infinity":0,"f:10:36:10:42":0,"s:11:50:11:Infinity":1,"s:12:14:12:Infinity":2,"s:13:38:13:Infinity":3,"s:15:24:15:Infinity":4,"s:16:26:16:Infinity":5,"s:17:32:17:Infinity":6,"s:18:22:18:Infinity":7,"s:19:26:19:Infinity":8,"s:20:30:20:Infinity":9,"s:22:19:22:Infinity":10,"s:25:4:34:Infinity":11,"f:25:14:25:20":1,"b:26:8:33:Infinity:undefined:undefined:undefined:undefined":0,"s:26:8:33:Infinity":12,"s:27:12:27:Infinity":13,"s:28:12:28:Infinity":14,"s:29:12:29:Infinity":15,"s:30:12:30:Infinity":16,"s:36:30:53:Infinity":17,"f:36:30:36:37":2,"b:37:8:37:Infinity:undefined:undefined:undefined:undefined":1,"s:37:8:37:Infinity":18,"s:37:15:37:Infinity":19,"s:38:8:38:Infinity":20,"s:39:8:39:Infinity":21,"s:41:8:52:Infinity":22,"s:42:27:42:Infinity":23,"b:43:12:47:Infinity:45:19:47:Infinity":2,"s:43:12:47:Infinity":24,"s:44:16:44:Infinity":25,"s:46:16:46:Infinity":26,"b:46:25:46:41:46:41:46:68":3,"s:49:12:49:Infinity":27,"s:51:12:51:Infinity":28,"s:55:33:73:Infinity":29,"f:55:33:55:40":3,"b:56:8:56:Infinity:undefined:undefined:undefined:undefined":4,"s:56:8:56:Infinity":30,"s:56:15:56:Infinity":31,"s:57:8:57:Infinity":32,"s:58:8:58:Infinity":33,"s:60:8:72:Infinity":34,"s:62:27:62:Infinity":35,"b:63:12:67:Infinity:65:19:67:Infinity":5,"s:63:12:67:Infinity":36,"s:64:16:64:Infinity":37,"s:66:16:66:Infinity":38,"b:66:25:66:41:66:41:66:62":6,"s:69:12:69:Infinity":39,"s:71:12:71:Infinity":40,"s:75:28:94:Infinity":41,"f:75:28:75:35":4,"b:76:8:76:Infinity:undefined:undefined:undefined:undefined":7,"s:76:8:76:Infinity":42,"s:76:15:76:Infinity":43,"s:77:8:77:Infinity":44,"s:78:8:78:Infinity":45,"s:80:8:93:Infinity":46,"s:82:27:82:Infinity":47,"b:83:12:88:Infinity:86:19:88:Infinity":8,"s:83:12:88:Infinity":48,"s:84:16:84:Infinity":49,"s:85:16:85:Infinity":50,"s:87:16:87:Infinity":51,"b:87:25:87:41:87:41:87:55":9,"s:90:12:90:Infinity":52,"s:92:12:92:Infinity":53,"s:96:25:111:Infinity":54,"f:96:25:96:37":5,"s:97:8:97:Infinity":55,"s:98:8:98:Infinity":56,"s:99:8:110:Infinity":57,"s:100:27:100:Infinity":58,"b:101:12:105:Infinity:103:19:105:Infinity":10,"s:101:12:105:Infinity":59,"s:102:16:102:Infinity":60,"s:104:16:104:Infinity":61,"b:104:25:104:41:104:41:104:64":11,"s:107:12:107:Infinity":62,"s:109:12:109:Infinity":63,"s:114:4:118:Infinity":64,"f:114:22:114:28":6,"b:115:8:117:Infinity:115:48:117:Infinity":12,"s:115:8:117:Infinity":65,"s:115:30:115:Infinity":66,"b:115:48:117:Infinity:116:59:117:Infinity":13,"s:115:48:117:Infinity":67,"s:116:38:116:Infinity":68,"b:116:59:117:Infinity:undefined:undefined:undefined:undefined":14,"s:116:59:117:Infinity":69,"s:117:33:117:Infinity":70,"s:120:21:124:Infinity":71,"f:120:21:120:27":7,"b:121:8:121:Infinity:undefined:undefined:undefined:undefined":15,"s:121:8:121:Infinity":72,"s:121:33:121:Infinity":73,"b:122:8:122:Infinity:undefined:undefined:undefined:undefined":16,"s:122:8:122:Infinity":74,"s:122:28:122:Infinity":75,"s:123:8:123:Infinity":76,"s:126:4:288:Infinity":77,"b:129:18:129:41:129:41:129:Infinity:130:20:136:Infinity":17,"f:131:33:131:39":8,"s:131:39:131:Infinity":78,"b:139:17:139:Infinity:140:20:143:Infinity":18,"b:147:17:147:Infinity:148:20:208:Infinity":19,"f:158:46:158:47":9,"s:158:53:158:Infinity":79,"f:169:45:169:51":10,"s:169:51:169:Infinity":80,"f:182:46:182:47":11,"s:182:53:182:Infinity":81,"b:194:29:194:40:194:40:194:Infinity":20,"b:212:17:212:Infinity:213:20:240:Infinity":21,"f:226:46:226:47":12,"s:226:53:226:Infinity":82,"b:237:29:237:40:237:40:237:87":22,"b:244:17:244:Infinity:245:20:284:Infinity":23,"f:258:42:258:43":13,"s:258:49:258:Infinity":83,"b:267:38:267:49:267:49:267:Infinity":24,"b:270:29:270:40:270:40:270:87":25,"b:281:43:281:58:281:58:281:Infinity":26}}}
,"/Users/kachevn1k/Projects/alanya-holidays/components/chat/ChatWindow.tsx": {"path":"/Users/kachevn1k/Projects/alanya-holidays/components/chat/ChatWindow.tsx","statementMap":{"0":{"start":{"line":20,"column":53},"end":{"line":188,"column":null}},"1":{"start":{"line":21,"column":100},"end":{"line":21,"column":null}},"2":{"start":{"line":22,"column":17},"end":{"line":22,"column":null}},"3":{"start":{"line":23,"column":32},"end":{"line":23,"column":null}},"4":{"start":{"line":24,"column":34},"end":{"line":24,"column":null}},"5":{"start":{"line":25,"column":30},"end":{"line":25,"column":null}},"6":{"start":{"line":26,"column":40},"end":{"line":26,"column":null}},"7":{"start":{"line":27,"column":10},"end":{"line":27,"column":null}},"8":{"start":{"line":29,"column":31},"end":{"line":29,"column":null}},"9":{"start":{"line":29,"column":55},"end":{"line":29,"column":84}},"10":{"start":{"line":31,"column":24},"end":{"line":33,"column":null}},"11":{"start":{"line":35,"column":4},"end":{"line":93,"column":null}},"12":{"start":{"line":36,"column":24},"end":{"line":36,"column":null}},"13":{"start":{"line":37,"column":26},"end":{"line":37,"column":null}},"14":{"start":{"line":39,"column":30},"end":{"line":61,"column":null}},"15":{"start":{"line":40,"column":12},"end":{"line":40,"column":null}},"16":{"start":{"line":40,"column":39},"end":{"line":40,"column":null}},"17":{"start":{"line":41,"column":12},"end":{"line":41,"column":null}},"18":{"start":{"line":41,"column":29},"end":{"line":41,"column":null}},"19":{"start":{"line":43,"column":12},"end":{"line":60,"column":null}},"20":{"start":{"line":44,"column":29},"end":{"line":44,"column":null}},"21":{"start":{"line":45,"column":16},"end":{"line":52,"column":null}},"22":{"start":{"line":46,"column":20},"end":{"line":51,"column":null}},"23":{"start":{"line":47,"column":24},"end":{"line":49,"column":null}},"24":{"start":{"line":48,"column":28},"end":{"line":48,"column":null}},"25":{"start":{"line":50,"column":24},"end":{"line":50,"column":null}},"26":{"start":{"line":54,"column":16},"end":{"line":54,"column":null}},"27":{"start":{"line":56,"column":16},"end":{"line":59,"column":null}},"28":{"start":{"line":57,"column":20},"end":{"line":57,"column":null}},"29":{"start":{"line":58,"column":20},"end":{"line":58,"column":null}},"30":{"start":{"line":63,"column":8},"end":{"line":63,"column":null}},"31":{"start":{"line":65,"column":24},"end":{"line":87,"column":null}},"32":{"start":{"line":66,"column":12},"end":{"line":86,"column":null}},"33":{"start":{"line":67,"column":16},"end":{"line":85,"column":null}},"34":{"start":{"line":68,"column":20},"end":{"line":68,"column":null}},"35":{"start":{"line":68,"column":39},"end":{"line":68,"column":57}},"36":{"start":{"line":68,"column":60},"end":{"line":68,"column":null}},"37":{"start":{"line":71,"column":43},"end":{"line":75,"column":null}},"38":{"start":{"line":72,"column":24},"end":{"line":74,"column":null}},"39":{"start":{"line":77,"column":20},"end":{"line":82,"column":null}},"40":{"start":{"line":79,"column":44},"end":{"line":79,"column":null}},"41":{"start":{"line":80,"column":24},"end":{"line":80,"column":null}},"42":{"start":{"line":81,"column":24},"end":{"line":81,"column":null}},"43":{"start":{"line":84,"column":20},"end":{"line":84,"column":null}},"44":{"start":{"line":89,"column":8},"end":{"line":92,"column":null}},"45":{"start":{"line":90,"column":12},"end":{"line":90,"column":null}},"46":{"start":{"line":91,"column":12},"end":{"line":91,"column":null}},"47":{"start":{"line":95,"column":4},"end":{"line":103,"column":null}},"48":{"start":{"line":96,"column":8},"end":{"line":102,"column":null}},"49":{"start":{"line":97,"column":37},"end":{"line":97,"column":null}},"50":{"start":{"line":98,"column":12},"end":{"line":101,"column":null}},"51":{"start":{"line":105,"column":23},"end":{"line":141,"column":null}},"52":{"start":{"line":106,"column":8},"end":{"line":106,"column":null}},"53":{"start":{"line":107,"column":8},"end":{"line":107,"column":null}},"54":{"start":{"line":107,"column":31},"end":{"line":107,"column":null}},"55":{"start":{"line":109,"column":24},"end":{"line":109,"column":null}},"56":{"start":{"line":110,"column":23},"end":{"line":110,"column":null}},"57":{"start":{"line":111,"column":8},"end":{"line":111,"column":null}},"58":{"start":{"line":113,"column":8},"end":{"line":123,"column":null}},"59":{"start":{"line":114,"column":47},"end":{"line":121,"column":null}},"60":{"start":{"line":122,"column":12},"end":{"line":122,"column":null}},"61":{"start":{"line":122,"column":32},"end":{"line":122,"column":56}},"62":{"start":{"line":125,"column":8},"end":{"line":140,"column":null}},"63":{"start":{"line":126,"column":28},"end":{"line":126,"column":null}},"64":{"start":{"line":127,"column":12},"end":{"line":135,"column":null}},"65":{"start":{"line":128,"column":16},"end":{"line":134,"column":null}},"66":{"start":{"line":130,"column":20},"end":{"line":132,"column":null}},"67":{"start":{"line":130,"column":39},"end":{"line":130,"column":58}},"68":{"start":{"line":131,"column":24},"end":{"line":131,"column":null}},"69":{"start":{"line":131,"column":48},"end":{"line":131,"column":63}},"70":{"start":{"line":133,"column":20},"end":{"line":133,"column":null}},"71":{"start":{"line":133,"column":41},"end":{"line":133,"column":70}},"72":{"start":{"line":137,"column":12},"end":{"line":137,"column":null}},"73":{"start":{"line":138,"column":12},"end":{"line":138,"column":null}},"74":{"start":{"line":138,"column":32},"end":{"line":138,"column":65}},"75":{"start":{"line":138,"column":49},"end":{"line":138,"column":64}},"76":{"start":{"line":139,"column":12},"end":{"line":139,"column":null}},"77":{"start":{"line":143,"column":4},"end":{"line":143,"column":null}},"78":{"start":{"line":143,"column":31},"end":{"line":143,"column":null}},"79":{"start":{"line":145,"column":23},"end":{"line":147,"column":null}},"80":{"start":{"line":149,"column":4},"end":{"line":186,"column":null}},"81":{"start":{"line":159,"column":20},"end":{"line":159,"column":null}},"82":{"start":{"line":160,"column":20},"end":{"line":160,"column":null}},"83":{"start":{"line":162,"column":37},"end":{"line":162,"column":null}},"84":{"start":{"line":167,"column":31},"end":{"line":167,"column":null}}},"fnMap":{"0":{"name":"(anonymous_0)","decl":{"start":{"line":20,"column":53},"end":{"line":20,"column":54}},"loc":{"start":{"line":20,"column":114},"end":{"line":188,"column":null}},"line":20},"1":{"name":"(anonymous_1)","decl":{"start":{"line":29,"column":50},"end":{"line":29,"column":55}},"loc":{"start":{"line":29,"column":55},"end":{"line":29,"column":84}},"line":29},"2":{"name":"(anonymous_2)","decl":{"start":{"line":35,"column":14},"end":{"line":35,"column":20}},"loc":{"start":{"line":35,"column":20},"end":{"line":93,"column":7}},"line":35},"3":{"name":"(anonymous_3)","decl":{"start":{"line":39,"column":30},"end":{"line":39,"column":42}},"loc":{"start":{"line":39,"column":42},"end":{"line":61,"column":null}},"line":39},"4":{"name":"(anonymous_4)","decl":{"start":{"line":46,"column":32},"end":{"line":46,"column":40}},"loc":{"start":{"line":46,"column":40},"end":{"line":51,"column":21}},"line":46},"5":{"name":"(anonymous_5)","decl":{"start":{"line":65,"column":78},"end":{"line":65,"column":79}},"loc":{"start":{"line":65,"column":90},"end":{"line":87,"column":9}},"line":65},"6":{"name":"(anonymous_6)","decl":{"start":{"line":67,"column":28},"end":{"line":67,"column":36}},"loc":{"start":{"line":67,"column":36},"end":{"line":85,"column":17}},"line":67},"7":{"name":"(anonymous_7)","decl":{"start":{"line":68,"column":34},"end":{"line":68,"column":39}},"loc":{"start":{"line":68,"column":39},"end":{"line":68,"column":57}},"line":68},"8":{"name":"(anonymous_8)","decl":{"start":{"line":71,"column":58},"end":{"line":71,"column":null}},"loc":{"start":{"line":72,"column":24},"end":{"line":74,"column":null}},"line":72},"9":{"name":"(anonymous_9)","decl":{"start":{"line":89,"column":15},"end":{"line":89,"column":21}},"loc":{"start":{"line":89,"column":21},"end":{"line":92,"column":null}},"line":89},"10":{"name":"(anonymous_10)","decl":{"start":{"line":95,"column":14},"end":{"line":95,"column":20}},"loc":{"start":{"line":95,"column":20},"end":{"line":103,"column":7}},"line":95},"11":{"name":"(anonymous_11)","decl":{"start":{"line":105,"column":23},"end":{"line":105,"column":30}},"loc":{"start":{"line":105,"column":53},"end":{"line":141,"column":null}},"line":105},"12":{"name":"(anonymous_12)","decl":{"start":{"line":122,"column":24},"end":{"line":122,"column":32}},"loc":{"start":{"line":122,"column":32},"end":{"line":122,"column":56}},"line":122},"13":{"name":"(anonymous_13)","decl":{"start":{"line":128,"column":28},"end":{"line":128,"column":36}},"loc":{"start":{"line":128,"column":36},"end":{"line":134,"column":17}},"line":128},"14":{"name":"(anonymous_14)","decl":{"start":{"line":130,"column":34},"end":{"line":130,"column":39}},"loc":{"start":{"line":130,"column":39},"end":{"line":130,"column":58}},"line":130},"15":{"name":"(anonymous_15)","decl":{"start":{"line":131,"column":43},"end":{"line":131,"column":48}},"loc":{"start":{"line":131,"column":48},"end":{"line":131,"column":63}},"line":131},"16":{"name":"(anonymous_16)","decl":{"start":{"line":133,"column":36},"end":{"line":133,"column":41}},"loc":{"start":{"line":133,"column":41},"end":{"line":133,"column":70}},"line":133},"17":{"name":"(anonymous_17)","decl":{"start":{"line":138,"column":24},"end":{"line":138,"column":32}},"loc":{"start":{"line":138,"column":32},"end":{"line":138,"column":65}},"line":138},"18":{"name":"(anonymous_18)","decl":{"start":{"line":138,"column":44},"end":{"line":138,"column":49}},"loc":{"start":{"line":138,"column":49},"end":{"line":138,"column":64}},"line":138},"19":{"name":"(anonymous_19)","decl":{"start":{"line":158,"column":32},"end":{"line":158,"column":44}},"loc":{"start":{"line":158,"column":44},"end":{"line":161,"column":null}},"line":158},"20":{"name":"(anonymous_20)","decl":{"start":{"line":162,"column":31},"end":{"line":162,"column":37}},"loc":{"start":{"line":162,"column":37},"end":{"line":162,"column":null}},"line":162},"21":{"name":"(anonymous_21)","decl":{"start":{"line":167,"column":25},"end":{"line":167,"column":31}},"loc":{"start":{"line":167,"column":31},"end":{"line":167,"column":null}},"line":167}},"branchMap":{"0":{"loc":{"start":{"line":20,"column":56},"end":{"line":20,"column":72}},"type":"default-arg","locations":[{"start":{"line":20,"column":68},"end":{"line":20,"column":72}}],"line":20},"1":{"loc":{"start":{"line":20,"column":72},"end":{"line":20,"column":90}},"type":"default-arg","locations":[{"start":{"line":20,"column":83},"end":{"line":20,"column":90}}],"line":20},"2":{"loc":{"start":{"line":20,"column":90},"end":{"line":20,"column":108}},"type":"default-arg","locations":[{"start":{"line":20,"column":103},"end":{"line":20,"column":108}}],"line":20},"3":{"loc":{"start":{"line":31,"column":24},"end":{"line":33,"column":null}},"type":"cond-expr","locations":[{"start":{"line":32,"column":11},"end":{"line":32,"column":null}},{"start":{"line":33,"column":10},"end":{"line":33,"column":null}}],"line":31},"4":{"loc":{"start":{"line":32,"column":11},"end":{"line":32,"column":null}},"type":"cond-expr","locations":[{"start":{"line":32,"column":54},"end":{"line":32,"column":80}},{"start":{"line":32,"column":80},"end":{"line":32,"column":null}}],"line":32},"5":{"loc":{"start":{"line":40,"column":12},"end":{"line":40,"column":null}},"type":"if","locations":[{"start":{"line":40,"column":12},"end":{"line":40,"column":null}},{"start":{},"end":{}}],"line":40},"6":{"loc":{"start":{"line":41,"column":12},"end":{"line":41,"column":null}},"type":"if","locations":[{"start":{"line":41,"column":12},"end":{"line":41,"column":null}},{"start":{},"end":{}}],"line":41},"7":{"loc":{"start":{"line":45,"column":16},"end":{"line":52,"column":null}},"type":"if","locations":[{"start":{"line":45,"column":16},"end":{"line":52,"column":null}},{"start":{},"end":{}}],"line":45},"8":{"loc":{"start":{"line":47,"column":24},"end":{"line":49,"column":null}},"type":"if","locations":[{"start":{"line":47,"column":24},"end":{"line":49,"column":null}},{"start":{},"end":{}}],"line":47},"9":{"loc":{"start":{"line":47,"column":28},"end":{"line":47,"column":116}},"type":"binary-expr","locations":[{"start":{"line":47,"column":28},"end":{"line":47,"column":59}},{"start":{"line":47,"column":59},"end":{"line":47,"column":116}}],"line":47},"10":{"loc":{"start":{"line":56,"column":16},"end":{"line":59,"column":null}},"type":"if","locations":[{"start":{"line":56,"column":16},"end":{"line":59,"column":null}},{"start":{},"end":{}}],"line":56},"11":{"loc":{"start":{"line":56,"column":20},"end":{"line":56,"column":46}},"type":"binary-expr","locations":[{"start":{"line":56,"column":20},"end":{"line":56,"column":33}},{"start":{"line":56,"column":33},"end":{"line":56,"column":46}}],"line":56},"12":{"loc":{"start":{"line":66,"column":12},"end":{"line":86,"column":null}},"type":"if","locations":[{"start":{"line":66,"column":12},"end":{"line":86,"column":null}},{"start":{},"end":{}}],"line":66},"13":{"loc":{"start":{"line":68,"column":20},"end":{"line":68,"column":null}},"type":"if","locations":[{"start":{"line":68,"column":20},"end":{"line":68,"column":null}},{"start":{},"end":{}}],"line":68},"14":{"loc":{"start":{"line":72,"column":24},"end":{"line":74,"column":null}},"type":"binary-expr","locations":[{"start":{"line":72,"column":24},"end":{"line":72,"column":null}},{"start":{"line":73,"column":24},"end":{"line":73,"column":null}},{"start":{"line":74,"column":24},"end":{"line":74,"column":null}}],"line":72},"15":{"loc":{"start":{"line":77,"column":20},"end":{"line":82,"column":null}},"type":"if","locations":[{"start":{"line":77,"column":20},"end":{"line":82,"column":null}},{"start":{},"end":{}}],"line":77},"16":{"loc":{"start":{"line":96,"column":8},"end":{"line":102,"column":null}},"type":"if","locations":[{"start":{"line":96,"column":8},"end":{"line":102,"column":null}},{"start":{},"end":{}}],"line":96},"17":{"loc":{"start":{"line":96,"column":12},"end":{"line":96,"column":56}},"type":"binary-expr","locations":[{"start":{"line":96,"column":12},"end":{"line":96,"column":26}},{"start":{"line":96,"column":26},"end":{"line":96,"column":56}}],"line":96},"18":{"loc":{"start":{"line":107,"column":8},"end":{"line":107,"column":null}},"type":"if","locations":[{"start":{"line":107,"column":8},"end":{"line":107,"column":null}},{"start":{},"end":{}}],"line":107},"19":{"loc":{"start":{"line":113,"column":8},"end":{"line":123,"column":null}},"type":"if","locations":[{"start":{"line":113,"column":8},"end":{"line":123,"column":null}},{"start":{},"end":{}}],"line":113},"20":{"loc":{"start":{"line":113,"column":12},"end":{"line":113,"column":42}},"type":"binary-expr","locations":[{"start":{"line":113,"column":12},"end":{"line":113,"column":20}},{"start":{"line":113,"column":20},"end":{"line":113,"column":42}}],"line":113},"21":{"loc":{"start":{"line":127,"column":12},"end":{"line":135,"column":null}},"type":"if","locations":[{"start":{"line":127,"column":12},"end":{"line":135,"column":null}},{"start":{},"end":{}}],"line":127},"22":{"loc":{"start":{"line":130,"column":20},"end":{"line":132,"column":null}},"type":"if","locations":[{"start":{"line":130,"column":20},"end":{"line":132,"column":null}},{"start":{},"end":{}}],"line":130},"23":{"loc":{"start":{"line":133,"column":41},"end":{"line":133,"column":70}},"type":"cond-expr","locations":[{"start":{"line":133,"column":59},"end":{"line":133,"column":69}},{"start":{"line":133,"column":69},"end":{"line":133,"column":70}}],"line":133},"24":{"loc":{"start":{"line":143,"column":4},"end":{"line":143,"column":null}},"type":"if","locations":[{"start":{"line":143,"column":4},"end":{"line":143,"column":null}},{"start":{},"end":{}}],"line":143},"25":{"loc":{"start":{"line":145,"column":23},"end":{"line":147,"column":null}},"type":"cond-expr","locations":[{"start":{"line":146,"column":10},"end":{"line":146,"column":null}},{"start":{"line":147,"column":10},"end":{"line":147,"column":null}}],"line":145},"26":{"loc":{"start":{"line":150,"column":144},"end":{"line":150,"column":335}},"type":"cond-expr","locations":[{"start":{"line":150,"column":155},"end":{"line":150,"column":200}},{"start":{"line":150,"column":200},"end":{"line":150,"column":335}}],"line":150},"27":{"loc":{"start":{"line":169,"column":28},"end":{"line":169,"column":null}},"type":"binary-expr","locations":[{"start":{"line":169,"column":28},"end":{"line":169,"column":42}},{"start":{"line":169,"column":42},"end":{"line":169,"column":null}}],"line":169}},"s":{"0":2,"1":9,"2":9,"3":9,"4":9,"5":9,"6":9,"7":9,"8":9,"9":9,"10":9,"11":9,"12":3,"13":3,"14":3,"15":3,"16":0,"17":3,"18":3,"19":3,"20":3,"21":3,"22":3,"23":3,"24":0,"25":3,"26":0,"27":3,"28":3,"29":3,"30":3,"31":3,"32":0,"33":0,"34":0,"35":0,"36":0,"37":0,"38":0,"39":0,"40":0,"41":0,"42":0,"43":0,"44":3,"45":3,"46":3,"47":9,"48":5,"49":5,"50":5,"51":9,"52":0,"53":0,"54":0,"55":0,"56":0,"57":0,"58":0,"59":0,"60":0,"61":0,"62":0,"63":0,"64":0,"65":0,"66":0,"67":0,"68":0,"69":0,"70":0,"71":0,"72":0,"73":0,"74":0,"75":0,"76":0,"77":9,"78":0,"79":9,"80":9,"81":1,"82":1,"83":1,"84":1},"f":{"0":9,"1":9,"2":3,"3":3,"4":3,"5":0,"6":0,"7":0,"8":0,"9":3,"10":5,"11":0,"12":0,"13":0,"14":0,"15":0,"16":0,"17":0,"18":0,"19":1,"20":1,"21":1},"b":{"0":[9],"1":[9],"2":[9],"3":[9,0],"4":[9,0],"5":[0,3],"6":[3,0],"7":[3,0],"8":[0,3],"9":[3,0],"10":[3,0],"11":[3,3],"12":[0,0],"13":[0,0],"14":[0,0,0],"15":[0,0],"16":[5,0],"17":[5,5],"18":[0,0],"19":[0,0],"20":[0,0],"21":[0,0],"22":[0,0],"23":[0,0],"24":[0,9],"25":[0,9],"26":[0,9],"27":[9,0]},"meta":{"lastBranch":28,"lastFunction":22,"lastStatement":85,"seen":{"s:20:53:188:Infinity":0,"f:20:53:20:54":0,"b:20:68:20:72":0,"b:20:83:20:90":1,"b:20:103:20:108":2,"s:21:100:21:Infinity":1,"s:22:17:22:Infinity":2,"s:23:32:23:Infinity":3,"s:24:34:24:Infinity":4,"s:25:30:25:Infinity":5,"s:26:40:26:Infinity":6,"s:27:10:27:Infinity":7,"s:29:31:29:Infinity":8,"f:29:50:29:55":1,"s:29:55:29:84":9,"s:31:24:33:Infinity":10,"b:32:11:32:Infinity:33:10:33:Infinity":3,"b:32:54:32:80:32:80:32:Infinity":4,"s:35:4:93:Infinity":11,"f:35:14:35:20":2,"s:36:24:36:Infinity":12,"s:37:26:37:Infinity":13,"s:39:30:61:Infinity":14,"f:39:30:39:42":3,"b:40:12:40:Infinity:undefined:undefined:undefined:undefined":5,"s:40:12:40:Infinity":15,"s:40:39:40:Infinity":16,"b:41:12:41:Infinity:undefined:undefined:undefined:undefined":6,"s:41:12:41:Infinity":17,"s:41:29:41:Infinity":18,"s:43:12:60:Infinity":19,"s:44:29:44:Infinity":20,"b:45:16:52:Infinity:undefined:undefined:undefined:undefined":7,"s:45:16:52:Infinity":21,"s:46:20:51:Infinity":22,"f:46:32:46:40":4,"b:47:24:49:Infinity:undefined:undefined:undefined:undefined":8,"s:47:24:49:Infinity":23,"b:47:28:47:59:47:59:47:116":9,"s:48:28:48:Infinity":24,"s:50:24:50:Infinity":25,"s:54:16:54:Infinity":26,"b:56:16:59:Infinity:undefined:undefined:undefined:undefined":10,"s:56:16:59:Infinity":27,"b:56:20:56:33:56:33:56:46":11,"s:57:20:57:Infinity":28,"s:58:20:58:Infinity":29,"s:63:8:63:Infinity":30,"s:65:24:87:Infinity":31,"f:65:78:65:79":5,"b:66:12:86:Infinity:undefined:undefined:undefined:undefined":12,"s:66:12:86:Infinity":32,"s:67:16:85:Infinity":33,"f:67:28:67:36":6,"b:68:20:68:Infinity:undefined:undefined:undefined:undefined":13,"s:68:20:68:Infinity":34,"f:68:34:68:39":7,"s:68:39:68:57":35,"s:68:60:68:Infinity":36,"s:71:43:75:Infinity":37,"f:71:58:71:Infinity":8,"s:72:24:74:Infinity":38,"b:72:24:72:Infinity:73:24:73:Infinity:74:24:74:Infinity":14,"b:77:20:82:Infinity:undefined:undefined:undefined:undefined":15,"s:77:20:82:Infinity":39,"s:79:44:79:Infinity":40,"s:80:24:80:Infinity":41,"s:81:24:81:Infinity":42,"s:84:20:84:Infinity":43,"s:89:8:92:Infinity":44,"f:89:15:89:21":9,"s:90:12:90:Infinity":45,"s:91:12:91:Infinity":46,"s:95:4:103:Infinity":47,"f:95:14:95:20":10,"b:96:8:102:Infinity:undefined:undefined:undefined:undefined":16,"s:96:8:102:Infinity":48,"b:96:12:96:26:96:26:96:56":17,"s:97:37:97:Infinity":49,"s:98:12:101:Infinity":50,"s:105:23:141:Infinity":51,"f:105:23:105:30":11,"s:106:8:106:Infinity":52,"b:107:8:107:Infinity:undefined:undefined:undefined:undefined":18,"s:107:8:107:Infinity":53,"s:107:31:107:Infinity":54,"s:109:24:109:Infinity":55,"s:110:23:110:Infinity":56,"s:111:8:111:Infinity":57,"b:113:8:123:Infinity:undefined:undefined:undefined:undefined":19,"s:113:8:123:Infinity":58,"b:113:12:113:20:113:20:113:42":20,"s:114:47:121:Infinity":59,"s:122:12:122:Infinity":60,"f:122:24:122:32":12,"s:122:32:122:56":61,"s:125:8:140:Infinity":62,"s:126:28:126:Infinity":63,"b:127:12:135:Infinity:undefined:undefined:undefined:undefined":21,"s:127:12:135:Infinity":64,"s:128:16:134:Infinity":65,"f:128:28:128:36":13,"b:130:20:132:Infinity:undefined:undefined:undefined:undefined":22,"s:130:20:132:Infinity":66,"f:130:34:130:39":14,"s:130:39:130:58":67,"s:131:24:131:Infinity":68,"f:131:43:131:48":15,"s:131:48:131:63":69,"s:133:20:133:Infinity":70,"f:133:36:133:41":16,"s:133:41:133:70":71,"b:133:59:133:69:133:69:133:70":23,"s:137:12:137:Infinity":72,"s:138:12:138:Infinity":73,"f:138:24:138:32":17,"s:138:32:138:65":74,"f:138:44:138:49":18,"s:138:49:138:64":75,"s:139:12:139:Infinity":76,"b:143:4:143:Infinity:undefined:undefined:undefined:undefined":24,"s:143:4:143:Infinity":77,"s:143:31:143:Infinity":78,"s:145:23:147:Infinity":79,"b:146:10:146:Infinity:147:10:147:Infinity":25,"s:149:4:186:Infinity":80,"b:150:155:150:200:150:200:150:335":26,"f:158:32:158:44":19,"s:159:20:159:Infinity":81,"s:160:20:160:Infinity":82,"f:162:31:162:37":20,"s:162:37:162:Infinity":83,"f:167:25:167:31":21,"s:167:31:167:Infinity":84,"b:169:28:169:42:169:42:169:Infinity":27}}}
,"/Users/kachevn1k/Projects/alanya-holidays/components/chat/subcomponents/ChatHeader.tsx": {"path":"/Users/kachevn1k/Projects/alanya-holidays/components/chat/subcomponents/ChatHeader.tsx","statementMap":{"0":{"start":{"line":15,"column":53},"end":{"line":105,"column":null}},"1":{"start":{"line":24,"column":32},"end":{"line":24,"column":null}},"2":{"start":{"line":26,"column":4},"end":{"line":103,"column":null}},"3":{"start":{"line":54,"column":43},"end":{"line":54,"column":null}},"4":{"start":{"line":67,"column":40},"end":{"line":71,"column":null}},"5":{"start":{"line":68,"column":44},"end":{"line":68,"column":null}},"6":{"start":{"line":69,"column":44},"end":{"line":69,"column":null}},"7":{"start":{"line":70,"column":44},"end":{"line":70,"column":null}},"8":{"start":{"line":82,"column":40},"end":{"line":82,"column":null}},"9":{"start":{"line":83,"column":40},"end":{"line":83,"column":null}},"10":{"start":{"line":97,"column":47},"end":{"line":97,"column":78}}},"fnMap":{"0":{"name":"(anonymous_0)","decl":{"start":{"line":15,"column":53},"end":{"line":15,"column":54}},"loc":{"start":{"line":23,"column":6},"end":{"line":105,"column":null}},"line":23},"1":{"name":"(anonymous_1)","decl":{"start":{"line":54,"column":37},"end":{"line":54,"column":43}},"loc":{"start":{"line":54,"column":43},"end":{"line":54,"column":null}},"line":54},"2":{"name":"(anonymous_2)","decl":{"start":{"line":66,"column":45},"end":{"line":66,"column":57}},"loc":{"start":{"line":66,"column":57},"end":{"line":72,"column":null}},"line":66},"3":{"name":"(anonymous_3)","decl":{"start":{"line":81,"column":45},"end":{"line":81,"column":51}},"loc":{"start":{"line":81,"column":51},"end":{"line":84,"column":null}},"line":81},"4":{"name":"(anonymous_4)","decl":{"start":{"line":97,"column":41},"end":{"line":97,"column":47}},"loc":{"start":{"line":97,"column":47},"end":{"line":97,"column":78}},"line":97}},"branchMap":{"0":{"loc":{"start":{"line":27,"column":45},"end":{"line":27,"column":203}},"type":"cond-expr","locations":[{"start":{"line":27,"column":56},"end":{"line":27,"column":135}},{"start":{"line":27,"column":135},"end":{"line":27,"column":203}}],"line":27},"1":{"loc":{"start":{"line":31,"column":25},"end":{"line":36,"column":null}},"type":"cond-expr","locations":[{"start":{"line":32,"column":28},"end":{"line":32,"column":null}},{"start":{"line":34,"column":28},"end":{"line":36,"column":null}}],"line":31},"2":{"loc":{"start":{"line":32,"column":131},"end":{"line":32,"column":179}},"type":"cond-expr","locations":[{"start":{"line":32,"column":142},"end":{"line":32,"column":162}},{"start":{"line":32,"column":162},"end":{"line":32,"column":179}}],"line":32},"3":{"loc":{"start":{"line":34,"column":116},"end":{"line":34,"column":197}},"type":"cond-expr","locations":[{"start":{"line":34,"column":127},"end":{"line":34,"column":156}},{"start":{"line":34,"column":156},"end":{"line":34,"column":197}}],"line":34},"4":{"loc":{"start":{"line":41,"column":75},"end":{"line":41,"column":133}},"type":"cond-expr","locations":[{"start":{"line":41,"column":86},"end":{"line":41,"column":121}},{"start":{"line":41,"column":121},"end":{"line":41,"column":133}}],"line":41},"5":{"loc":{"start":{"line":42,"column":29},"end":{"line":42,"column":null}},"type":"binary-expr","locations":[{"start":{"line":42,"column":29},"end":{"line":42,"column":55}},{"start":{"line":42,"column":55},"end":{"line":42,"column":null}}],"line":42},"6":{"loc":{"start":{"line":44,"column":89},"end":{"line":44,"column":156}},"type":"cond-expr","locations":[{"start":{"line":44,"column":100},"end":{"line":44,"column":139}},{"start":{"line":44,"column":139},"end":{"line":44,"column":156}}],"line":44},"7":{"loc":{"start":{"line":46,"column":29},"end":{"line":46,"column":null}},"type":"binary-expr","locations":[{"start":{"line":46,"column":29},"end":{"line":46,"column":68}},{"start":{"line":46,"column":68},"end":{"line":46,"column":null}}],"line":46},"8":{"loc":{"start":{"line":55,"column":86},"end":{"line":57,"column":null}},"type":"cond-expr","locations":[{"start":{"line":56,"column":34},"end":{"line":56,"column":null}},{"start":{"line":57,"column":34},"end":{"line":57,"column":null}}],"line":55},"9":{"loc":{"start":{"line":63,"column":25},"end":{"line":92,"column":null}},"type":"binary-expr","locations":[{"start":{"line":63,"column":25},"end":{"line":63,"column":null}},{"start":{"line":64,"column":28},"end":{"line":92,"column":null}}],"line":63},"10":{"loc":{"start":{"line":67,"column":40},"end":{"line":71,"column":null}},"type":"if","locations":[{"start":{"line":67,"column":40},"end":{"line":71,"column":null}},{"start":{},"end":{}}],"line":67},"11":{"loc":{"start":{"line":96,"column":21},"end":{"line":99,"column":null}},"type":"binary-expr","locations":[{"start":{"line":96,"column":21},"end":{"line":96,"column":null}},{"start":{"line":97,"column":24},"end":{"line":99,"column":null}}],"line":96}},"s":{"0":2,"1":11,"2":11,"3":2,"4":1,"5":1,"6":1,"7":1,"8":1,"9":1,"10":0},"f":{"0":11,"1":2,"2":1,"3":1,"4":0},"b":{"0":[0,11],"1":[11,0],"2":[0,11],"3":[0,0],"4":[0,11],"5":[11,0],"6":[0,11],"7":[11,0],"8":[0,11],"9":[11,2],"10":[1,0],"11":[11,11]},"meta":{"lastBranch":12,"lastFunction":5,"lastStatement":11,"seen":{"s:15:53:105:Infinity":0,"f:15:53:15:54":0,"s:24:32:24:Infinity":1,"s:26:4:103:Infinity":2,"b:27:56:27:135:27:135:27:203":0,"b:32:28:32:Infinity:34:28:36:Infinity":1,"b:32:142:32:162:32:162:32:179":2,"b:34:127:34:156:34:156:34:197":3,"b:41:86:41:121:41:121:41:133":4,"b:42:29:42:55:42:55:42:Infinity":5,"b:44:100:44:139:44:139:44:156":6,"b:46:29:46:68:46:68:46:Infinity":7,"f:54:37:54:43":1,"s:54:43:54:Infinity":3,"b:56:34:56:Infinity:57:34:57:Infinity":8,"b:63:25:63:Infinity:64:28:92:Infinity":9,"f:66:45:66:57":2,"b:67:40:71:Infinity:undefined:undefined:undefined:undefined":10,"s:67:40:71:Infinity":4,"s:68:44:68:Infinity":5,"s:69:44:69:Infinity":6,"s:70:44:70:Infinity":7,"f:81:45:81:51":3,"s:82:40:82:Infinity":8,"s:83:40:83:Infinity":9,"b:96:21:96:Infinity:97:24:99:Infinity":11,"f:97:41:97:47":4,"s:97:47:97:78":10}}}
,"/Users/kachevn1k/Projects/alanya-holidays/components/chat/subcomponents/MessageInput.tsx": {"path":"/Users/kachevn1k/Projects/alanya-holidays/components/chat/subcomponents/MessageInput.tsx","statementMap":{"0":{"start":{"line":11,"column":57},"end":{"line":49,"column":null}},"1":{"start":{"line":17,"column":4},"end":{"line":47,"column":null}},"2":{"start":{"line":27,"column":37},"end":{"line":27,"column":null}}},"fnMap":{"0":{"name":"(anonymous_0)","decl":{"start":{"line":11,"column":57},"end":{"line":11,"column":58}},"loc":{"start":{"line":16,"column":6},"end":{"line":49,"column":null}},"line":16},"1":{"name":"(anonymous_1)","decl":{"start":{"line":27,"column":30},"end":{"line":27,"column":31}},"loc":{"start":{"line":27,"column":37},"end":{"line":27,"column":null}},"line":27}},"branchMap":{"0":{"loc":{"start":{"line":18,"column":31},"end":{"line":18,"column":220}},"type":"cond-expr","locations":[{"start":{"line":18,"column":42},"end":{"line":18,"column":121}},{"start":{"line":18,"column":121},"end":{"line":18,"column":220}}],"line":18},"1":{"loc":{"start":{"line":33,"column":21},"end":{"line":36,"column":null}},"type":"binary-expr","locations":[{"start":{"line":33,"column":21},"end":{"line":33,"column":null}},{"start":{"line":34,"column":24},"end":{"line":36,"column":null}}],"line":33},"2":{"loc":{"start":{"line":41,"column":117},"end":{"line":41,"column":294}},"type":"cond-expr","locations":[{"start":{"line":41,"column":136},"end":{"line":41,"column":200}},{"start":{"line":41,"column":200},"end":{"line":41,"column":294}}],"line":41},"3":{"loc":{"start":{"line":43,"column":51},"end":{"line":43,"column":85}},"type":"cond-expr","locations":[{"start":{"line":43,"column":70},"end":{"line":43,"column":81}},{"start":{"line":43,"column":81},"end":{"line":43,"column":85}}],"line":43}},"s":{"0":2,"1":9,"2":0},"f":{"0":9,"1":0},"b":{"0":[0,9],"1":[9,9],"2":[0,9],"3":[0,9]},"meta":{"lastBranch":4,"lastFunction":2,"lastStatement":3,"seen":{"s:11:57:49:Infinity":0,"f:11:57:11:58":0,"s:17:4:47:Infinity":1,"b:18:42:18:121:18:121:18:220":0,"f:27:30:27:31":1,"s:27:37:27:Infinity":2,"b:33:21:33:Infinity:34:24:36:Infinity":1,"b:41:136:41:200:41:200:41:294":2,"b:43:70:43:81:43:81:43:85":3}}}
[...]
,"/Users/kachevn1k/Projects/alanya-holidays/services/api/storage.ts": {"path":"/Users/kachevn1k/Projects/alanya-holidays/services/api/storage.ts","statementMap":{"0":{"start":{"line":3,"column":30},"end":{"line":61,"column":null}},"1":{"start":{"line":5,"column":24},"end":{"line":5,"column":null}},"2":{"start":{"line":6,"column":25},"end":{"line":6,"column":null}},"3":{"start":{"line":7,"column":25},"end":{"line":7,"column":null}},"4":{"start":{"line":9,"column":39},"end":{"line":11,"column":null}},"5":{"start":{"line":13,"column":8},"end":{"line":13,"column":null}},"6":{"start":{"line":13,"column":25},"end":{"line":13,"column":null}},"7":{"start":{"line":15,"column":25},"end":{"line":15,"column":null}},"8":{"start":{"line":16,"column":8},"end":{"line":16,"column":null}},"9":{"start":{"line":20,"column":24},"end":{"line":20,"column":null}},"10":{"start":{"line":21,"column":25},"end":{"line":21,"column":null}},"11":{"start":{"line":22,"column":25},"end":{"line":22,"column":null}},"12":{"start":{"line":24,"column":39},"end":{"line":26,"column":null}},"13":{"start":{"line":28,"column":8},"end":{"line":38,"column":null}},"14":{"start":{"line":30,"column":46},"end":{"line":32,"column":null}},"15":{"start":{"line":34,"column":12},"end":{"line":34,"column":null}},"16":{"start":{"line":34,"column":32},"end":{"line":34,"column":null}},"17":{"start":{"line":36,"column":29},"end":{"line":36,"column":null}},"18":{"start":{"line":37,"column":12},"end":{"line":37,"column":null}},"19":{"start":{"line":40,"column":25},"end":{"line":40,"column":null}},"20":{"start":{"line":41,"column":8},"end":{"line":41,"column":null}},"21":{"start":{"line":45,"column":24},"end":{"line":45,"column":null}},"22":{"start":{"line":46,"column":25},"end":{"line":46,"column":null}},"23":{"start":{"line":47,"column":25},"end":{"line":47,"column":null}},"24":{"start":{"line":50,"column":39},"end":{"line":52,"column":null}},"25":{"start":{"line":54,"column":8},"end":{"line":56,"column":null}},"26":{"start":{"line":55,"column":12},"end":{"line":55,"column":null}},"27":{"start":{"line":58,"column":25},"end":{"line":58,"column":null}},"28":{"start":{"line":59,"column":8},"end":{"line":59,"column":null}}},"fnMap":{"0":{"name":"(anonymous_0)","decl":{"start":{"line":4,"column":10},"end":{"line":4,"column":30}},"loc":{"start":{"line":4,"column":42},"end":{"line":17,"column":null}},"line":4},"1":{"name":"(anonymous_1)","decl":{"start":{"line":19,"column":10},"end":{"line":19,"column":23}},"loc":{"start":{"line":19,"column":35},"end":{"line":42,"column":null}},"line":19},"2":{"name":"(anonymous_2)","decl":{"start":{"line":44,"column":10},"end":{"line":44,"column":22}},"loc":{"start":{"line":44,"column":97},"end":{"line":60,"column":null}},"line":44}},"branchMap":{"0":{"loc":{"start":{"line":13,"column":8},"end":{"line":13,"column":null}},"type":"if","locations":[{"start":{"line":13,"column":8},"end":{"line":13,"column":null}},{"start":{},"end":{}}],"line":13},"1":{"loc":{"start":{"line":28,"column":8},"end":{"line":38,"column":null}},"type":"if","locations":[{"start":{"line":28,"column":8},"end":{"line":38,"column":null}},{"start":{},"end":{}}],"line":28},"2":{"loc":{"start":{"line":34,"column":12},"end":{"line":34,"column":null}},"type":"if","locations":[{"start":{"line":34,"column":12},"end":{"line":34,"column":null}},{"start":{},"end":{}}],"line":34},"3":{"loc":{"start":{"line":44,"column":34},"end":{"line":44,"column":97}},"type":"default-arg","locations":[{"start":{"line":44,"column":83},"end":{"line":44,"column":97}}],"line":44},"4":{"loc":{"start":{"line":54,"column":8},"end":{"line":56,"column":null}},"type":"if","locations":[{"start":{"line":54,"column":8},"end":{"line":56,"column":null}},{"start":{},"end":{}}],"line":54}},"s":{"0":1,"1":2,"2":2,"3":2,"4":2,"5":2,"6":1,"7":1,"8":1,"9":0,"10":0,"11":0,"12":0,"13":0,"14":0,"15":0,"16":0,"17":0,"18":0,"19":0,"20":0,"21":0,"22":0,"23":0,"24":0,"25":0,"26":0,"27":0,"28":0},"f":{"0":2,"1":0,"2":0},"b":{"0":[1,1],"1":[0,0],"2":[0,0],"3":[0],"4":[0,0]},"meta":{"lastBranch":5,"lastFunction":3,"lastStatement":29,"seen":{"s:3:30:61:Infinity":0,"f:4:10:4:30":0,"s:5:24:5:Infinity":1,"s:6:25:6:Infinity":2,"s:7:25:7:Infinity":3,"s:9:39:11:Infinity":4,"b:13:8:13:Infinity:undefined:undefined:undefined:undefined":0,"s:13:8:13:Infinity":5,"s:13:25:13:Infinity":6,"s:15:25:15:Infinity":7,"s:16:8:16:Infinity":8,"f:19:10:19:23":1,"s:20:24:20:Infinity":9,"s:21:25:21:Infinity":10,"s:22:25:22:Infinity":11,"s:24:39:26:Infinity":12,"b:28:8:38:Infinity:undefined:undefined:undefined:undefined":1,"s:28:8:38:Infinity":13,"s:30:46:32:Infinity":14,"b:34:12:34:Infinity:undefined:undefined:undefined:undefined":2,"s:34:12:34:Infinity":15,"s:34:32:34:Infinity":16,"s:36:29:36:Infinity":17,"s:37:12:37:Infinity":18,"s:40:25:40:Infinity":19,"s:41:8:41:Infinity":20,"f:44:10:44:22":2,"b:44:83:44:97":3,"s:45:24:45:Infinity":21,"s:46:25:46:Infinity":22,"s:47:25:47:Infinity":23,"s:50:39:52:Infinity":24,"b:54:8:56:Infinity:undefined:undefined:undefined:undefined":4,"s:54:8:56:Infinity":25,"s:55:12:55:Infinity":26,"s:58:25:58:Infinity":27,"s:59:8:59:Infinity":28}}}
,"/Users/kachevn1k/Projects/alanya-holidays/services/api/users.ts": {"path":"/Users/kachevn1k/Projects/alanya-holidays/services/api/users.ts","statementMap":{"0":{"start":{"line":4,"column":28},"end":{"line":41,"column":null}},"1":{"start":{"line":6,"column":32},"end":{"line":9,"column":null}},"2":{"start":{"line":10,"column":8},"end":{"line":10,"column":null}},"3":{"start":{"line":10,"column":19},"end":{"line":10,"column":null}},"4":{"start":{"line":11,"column":8},"end":{"line":11,"column":null}},"5":{"start":{"line":15,"column":32},"end":{"line":19,"column":null}},"6":{"start":{"line":20,"column":8},"end":{"line":20,"column":null}},"7":{"start":{"line":20,"column":19},"end":{"line":20,"column":null}},"8":{"start":{"line":21,"column":8},"end":{"line":21,"column":null}},"9":{"start":{"line":25,"column":26},"end":{"line":28,"column":null}},"10":{"start":{"line":29,"column":8},"end":{"line":29,"column":null}},"11":{"start":{"line":29,"column":19},"end":{"line":29,"column":null}},"12":{"start":{"line":33,"column":32},"end":{"line":37,"column":null}},"13":{"start":{"line":38,"column":8},"end":{"line":38,"column":null}},"14":{"start":{"line":38,"column":19},"end":{"line":38,"column":null}},"15":{"start":{"line":39,"column":8},"end":{"line":39,"column":null}}},"fnMap":{"0":{"name":"(anonymous_0)","decl":{"start":{"line":5,"column":10},"end":{"line":5,"column":24}},"loc":{"start":{"line":5,"column":24},"end":{"line":12,"column":null}},"line":5},"1":{"name":"(anonymous_1)","decl":{"start":{"line":14,"column":10},"end":{"line":14,"column":25}},"loc":{"start":{"line":14,"column":37},"end":{"line":22,"column":null}},"line":14},"2":{"name":"(anonymous_2)","decl":{"start":{"line":24,"column":10},"end":{"line":24,"column":28}},"loc":{"start":{"line":24,"column":71},"end":{"line":30,"column":null}},"line":24},"3":{"name":"(anonymous_3)","decl":{"start":{"line":32,"column":10},"end":{"line":32,"column":25}},"loc":{"start":{"line":32,"column":39},"end":{"line":40,"column":null}},"line":32}},"branchMap":{"0":{"loc":{"start":{"line":10,"column":8},"end":{"line":10,"column":null}},"type":"if","locations":[{"start":{"line":10,"column":8},"end":{"line":10,"column":null}},{"start":{},"end":{}}],"line":10},"1":{"loc":{"start":{"line":20,"column":8},"end":{"line":20,"column":null}},"type":"if","locations":[{"start":{"line":20,"column":8},"end":{"line":20,"column":null}},{"start":{},"end":{}}],"line":20},"2":{"loc":{"start":{"line":29,"column":8},"end":{"line":29,"column":null}},"type":"if","locations":[{"start":{"line":29,"column":8},"end":{"line":29,"column":null}},{"start":{},"end":{}}],"line":29},"3":{"loc":{"start":{"line":38,"column":8},"end":{"line":38,"column":null}},"type":"if","locations":[{"start":{"line":38,"column":8},"end":{"line":38,"column":null}},{"start":{},"end":{}}],"line":38}},"s":{"0":1,"1":1,"2":1,"3":0,"4":1,"5":1,"6":1,"7":0,"8":1,"9":1,"10":1,"11":0,"12":0,"13":0,"14":0,"15":0},"f":{"0":1,"1":1,"2":1,"3":0},"b":{"0":[0,1],"1":[0,1],"2":[0,1],"3":[0,0]},"meta":{"lastBranch":4,"lastFunction":4,"lastStatement":16,"seen":{"s:4:28:41:Infinity":0,"f:5:10:5:24":0,"s:6:32:9:Infinity":1,"b:10:8:10:Infinity:undefined:undefined:undefined:undefined":0,"s:10:8:10:Infinity":2,"s:10:19:10:Infinity":3,"s:11:8:11:Infinity":4,"f:14:10:14:25":1,"s:15:32:19:Infinity":5,"b:20:8:20:Infinity:undefined:undefined:undefined:undefined":1,"s:20:8:20:Infinity":6,"s:20:19:20:Infinity":7,"s:21:8:21:Infinity":8,"f:24:10:24:28":2,"s:25:26:28:Infinity":9,"b:29:8:29:Infinity:undefined:undefined:undefined:undefined":2,"s:29:8:29:Infinity":10,"s:29:19:29:Infinity":11,"f:32:10:32:25":3,"s:33:32:37:Infinity":12,"b:38:8:38:Infinity:undefined:undefined:undefined:undefined":3,"s:38:8:38:Infinity":13,"s:38:19:38:Infinity":14,"s:39:8:39:Infinity":15}}}
,"/Users/kachevn1k/Projects/alanya-holidays/types/enums.ts": {"path":"/Users/kachevn1k/Projects/alanya-holidays/types/enums.ts","statementMap":{"0":{"start":{"line":1,"column":7},"end":{"line":1,"column":null}},"1":{"start":{"line":2,"column":2},"end":{"line":2,"column":null}},"2":{"start":{"line":3,"column":2},"end":{"line":3,"column":null}},"3":{"start":{"line":4,"column":2},"end":{"line":4,"column":null}},"4":{"start":{"line":5,"column":2},"end":{"line":5,"column":null}},"5":{"start":{"line":6,"column":2},"end":{"line":6,"column":null}},"6":{"start":{"line":9,"column":2},"end":{"line":9,"column":null}},"7":{"start":{"line":10,"column":2},"end":{"line":10,"column":null}},"8":{"start":{"line":11,"column":2},"end":{"line":11,"column":null}},"9":{"start":{"line":12,"column":2},"end":{"line":12,"column":null}},"10":{"start":{"line":1,"column":12},"end":{"line":1,"column":null}},"11":{"start":{"line":15,"column":7},"end":{"line":15,"column":null}},"12":{"start":{"line":16,"column":2},"end":{"line":16,"column":null}},"13":{"start":{"line":17,"column":2},"end":{"line":17,"column":null}},"14":{"start":{"line":15,"column":12},"end":{"line":15,"column":null}},"15":{"start":{"line":20,"column":7},"end":{"line":20,"column":null}},"16":{"start":{"line":21,"column":2},"end":{"line":21,"column":null}},"17":{"start":{"line":22,"column":2},"end":{"line":22,"column":null}},"18":{"start":{"line":23,"column":2},"end":{"line":23,"column":null}},"19":{"start":{"line":20,"column":12},"end":{"line":20,"column":null}},"20":{"start":{"line":26,"column":7},"end":{"line":26,"column":null}},"21":{"start":{"line":27,"column":2},"end":{"line":27,"column":null}},"22":{"start":{"line":28,"column":2},"end":{"line":28,"column":null}},"23":{"start":{"line":29,"column":2},"end":{"line":29,"column":null}},"24":{"start":{"line":30,"column":2},"end":{"line":30,"column":null}},"25":{"start":{"line":26,"column":12},"end":{"line":26,"column":null}}},"fnMap":{"0":{"name":"(anonymous_0)","decl":{"start":{"line":1,"column":7},"end":{"line":1,"column":12}},"loc":{"start":{"line":1,"column":7},"end":{"line":1,"column":null}},"line":1},"1":{"name":"(anonymous_1)","decl":{"start":{"line":15,"column":7},"end":{"line":15,"column":12}},"loc":{"start":{"line":15,"column":7},"end":{"line":15,"column":null}},"line":15},"2":{"name":"(anonymous_2)","decl":{"start":{"line":20,"column":7},"end":{"line":20,"column":12}},"loc":{"start":{"line":20,"column":7},"end":{"line":20,"column":null}},"line":20},"3":{"name":"(anonymous_3)","decl":{"start":{"line":26,"column":7},"end":{"line":26,"column":12}},"loc":{"start":{"line":26,"column":7},"end":{"line":26,"column":null}},"line":26}},"branchMap":{"0":{"loc":{"start":{"line":1,"column":12},"end":{"line":1,"column":null}},"type":"binary-expr","locations":[{"start":{"line":1,"column":12},"end":{"line":1,"column":null}},{"start":{"line":1,"column":12},"end":{"line":1,"column":null}}],"line":1},"1":{"loc":{"start":{"line":15,"column":12},"end":{"line":15,"column":null}},"type":"binary-expr","locations":[{"start":{"line":15,"column":12},"end":{"line":15,"column":null}},{"start":{"line":15,"column":12},"end":{"line":15,"column":null}}],"line":15},"2":{"loc":{"start":{"line":20,"column":12},"end":{"line":20,"column":null}},"type":"binary-expr","locations":[{"start":{"line":20,"column":12},"end":{"line":20,"column":null}},{"start":{"line":20,"column":12},"end":{"line":20,"column":null}}],"line":20},"3":{"loc":{"start":{"line":26,"column":12},"end":{"line":26,"column":null}},"type":"binary-expr","locations":[{"start":{"line":26,"column":12},"end":{"line":26,"column":null}},{"start":{"line":26,"column":12},"end":{"line":26,"column":null}}],"line":26}},"s":{"0":3,"1":3,"2":3,"3":3,"4":3,"5":3,"6":3,"7":3,"8":3,"9":3,"10":3,"11":3,"12":3,"13":3,"14":3,"15":3,"16":3,"17":3,"18":3,"19":3,"20":3,"21":3,"22":3,"23":3,"24":3,"25":3},"f":{"0":3,"1":3,"2":3,"3":3},"b":{"0":[3,3],"1":[3,3],"2":[3,3],"3":[3,3]},"meta":{"lastBranch":4,"lastFunction":4,"lastStatement":26,"seen":{"s:1:7:1:Infinity":0,"f:1:7:1:12":0,"s:2:2:2:Infinity":1,"s:3:2:3:Infinity":2,"s:4:2:4:Infinity":3,"s:5:2:5:Infinity":4,"s:6:2:6:Infinity":5,"s:9:2:9:Infinity":6,"s:10:2:10:Infinity":7,"s:11:2:11:Infinity":8,"s:12:2:12:Infinity":9,"s:1:12:1:Infinity":10,"b:1:12:1:Infinity:1:12:1:Infinity":0,"s:15:7:15:Infinity":11,"f:15:7:15:12":1,"s:16:2:16:Infinity":12,"s:17:2:17:Infinity":13,"s:15:12:15:Infinity":14,"b:15:12:15:Infinity:15:12:15:Infinity":1,"s:20:7:20:Infinity":15,"f:20:7:20:12":2,"s:21:2:21:Infinity":16,"s:22:2:22:Infinity":17,"s:23:2:23:Infinity":18,"s:20:12:20:Infinity":19,"b:20:12:20:Infinity:20:12:20:Infinity":2,"s:26:7:26:Infinity":20,"f:26:7:26:12":3,"s:27:2:27:Infinity":21,"s:28:2:28:Infinity":22,"s:29:2:29:Infinity":23,"s:30:2:30:Infinity":24,"s:26:12:26:Infinity":25,"b:26:12:26:Infinity:26:12:26:Infinity":3}}}
,"/Users/kachevn1k/Projects/alanya-holidays/types/index.ts": {"path":"/Users/kachevn1k/Projects/alanya-holidays/types/index.ts","statementMap":{"0":{"start":{"line":1,"column":0},"end":{"line":1,"column":null}},"1":{"start":{"line":2,"column":0},"end":{"line":2,"column":null}}},"fnMap":{},"branchMap":{},"s":{"0":3,"1":3},"f":{},"b":{},"meta":{"lastBranch":0,"lastFunction":0,"lastStatement":2,"seen":{"s:1:0:1:Infinity":0,"s:2:0:2:Infinity":1}}}
,"/Users/kachevn1k/Projects/alanya-holidays/types/models.ts": {"path":"/Users/kachevn1k/Projects/alanya-holidays/types/models.ts","statementMap":{},"fnMap":{},"branchMap":{},"s":{},"f":{},"b":{},"meta":{"lastBranch":0,"lastFunction":0,"lastStatement":0,"seen":{}}}
,"/Users/kachevn1k/Projects/alanya-holidays/utils/carImages.ts": {"path":"/Users/kachevn1k/Projects/alanya-holidays/utils/carImages.ts","statementMap":{"0":{"start":{"line":1,"column":52},"end":{"line":166,"column":null}},"1":{"start":{"line":168,"column":27},"end":{"line":185,"column":null}},"2":{"start":{"line":169,"column":16},"end":{"line":169,"column":null}},"3":{"start":{"line":172,"column":4},"end":{"line":174,"column":null}},"4":{"start":{"line":173,"column":8},"end":{"line":173,"column":null}},"5":{"start":{"line":177,"column":4},"end":{"line":179,"column":null}},"6":{"start":{"line":178,"column":8},"end":{"line":178,"column":null}},"7":{"start":{"line":182,"column":4},"end":{"line":184,"column":null}}},"fnMap":{"0":{"name":"(anonymous_0)","decl":{"start":{"line":168,"column":27},"end":{"line":168,"column":28}},"loc":{"start":{"line":168,"column":115},"end":{"line":185,"column":null}},"line":168}},"branchMap":{"0":{"loc":{"start":{"line":168,"column":58},"end":{"line":168,"column":80}},"type":"default-arg","locations":[{"start":{"line":168,"column":73},"end":{"line":168,"column":80}}],"line":168},"1":{"loc":{"start":{"line":172,"column":4},"end":{"line":174,"column":null}},"type":"if","locations":[{"start":{"line":172,"column":4},"end":{"line":174,"column":null}},{"start":{},"end":{}}],"line":172},"2":{"loc":{"start":{"line":177,"column":4},"end":{"line":179,"column":null}},"type":"if","locations":[{"start":{"line":177,"column":4},"end":{"line":179,"column":null}},{"start":{},"end":{}}],"line":177},"3":{"loc":{"start":{"line":177,"column":8},"end":{"line":177,"column":59}},"type":"binary-expr","locations":[{"start":{"line":177,"column":8},"end":{"line":177,"column":25}},{"start":{"line":177,"column":25},"end":{"line":177,"column":59}}],"line":177},"4":{"loc":{"start":{"line":182,"column":11},"end":{"line":184,"column":null}},"type":"cond-expr","locations":[{"start":{"line":183,"column":10},"end":{"line":183,"column":null}},{"start":{"line":184,"column":10},"end":{"line":184,"column":null}}],"line":182}},"s":{"0":1,"1":1,"2":3,"3":3,"4":3,"5":0,"6":0,"7":0},"f":{"0":3},"b":{"0":[3],"1":[3,0],"2":[0,0],"3":[0,0],"4":[0,0]},"meta":{"lastBranch":5,"lastFunction":1,"lastStatement":8,"seen":{"s:1:52:166:Infinity":0,"s:168:27:185:Infinity":1,"f:168:27:168:28":0,"b:168:73:168:80":0,"s:169:16:169:Infinity":2,"b:172:4:174:Infinity:undefined:undefined:undefined:undefined":1,"s:172:4:174:Infinity":3,"s:173:8:173:Infinity":4,"b:177:4:179:Infinity:undefined:undefined:undefined:undefined":2,"s:177:4:179:Infinity":5,"b:177:8:177:25:177:25:177:59":3,"s:178:8:178:Infinity":6,"s:182:4:184:Infinity":7,"b:183:10:183:Infinity:184:10:184:Infinity":4}}}
,"/Users/kachevn1k/Projects/alanya-holidays/utils/cn.ts": {"path":"/Users/kachevn1k/Projects/alanya-holidays/utils/cn.ts","statementMap":{"0":{"start":{"line":5,"column":4},"end":{"line":5,"column":null}}},"fnMap":{"0":{"name":"cn","decl":{"start":{"line":4,"column":16},"end":{"line":4,"column":22}},"loc":{"start":{"line":4,"column":44},"end":{"line":6,"column":null}},"line":4}},"branchMap":{},"s":{"0":10},"f":{"0":10},"b":{},"meta":{"lastBranch":0,"lastFunction":1,"lastStatement":1,"seen":{"f:4:16:4:22":0,"s:5:4:5:Infinity":0}}}
,"/Users/kachevn1k/Projects/alanya-holidays/utils/currency.ts": {"path":"/Users/kachevn1k/Projects/alanya-holidays/utils/currency.ts","statementMap":{"0":{"start":{"line":4,"column":47},"end":{"line":8,"column":null}},"1":{"start":{"line":10,"column":49},"end":{"line":14,"column":null}},"2":{"start":{"line":16,"column":28},"end":{"line":24,"column":null}},"3":{"start":{"line":17,"column":4},"end":{"line":17,"column":null}},"4":{"start":{"line":17,"column":37},"end":{"line":17,"column":null}},"5":{"start":{"line":20,"column":25},"end":{"line":20,"column":null}},"6":{"start":{"line":23,"column":4},"end":{"line":23,"column":null}},"7":{"start":{"line":26,"column":27},"end":{"line":29,"column":null}},"8":{"start":{"line":27,"column":16},"end":{"line":27,"column":null}},"9":{"start":{"line":28,"column":4},"end":{"line":28,"column":null}}},"fnMap":{"0":{"name":"(anonymous_0)","decl":{"start":{"line":16,"column":28},"end":{"line":16,"column":29}},"loc":{"start":{"line":16,"column":102},"end":{"line":24,"column":null}},"line":16},"1":{"name":"(anonymous_1)","decl":{"start":{"line":26,"column":27},"end":{"line":26,"column":28}},"loc":{"start":{"line":26,"column":75},"end":{"line":29,"column":null}},"line":26}},"branchMap":{"0":{"loc":{"start":{"line":17,"column":4},"end":{"line":17,"column":null}},"type":"if","locations":[{"start":{"line":17,"column":4},"end":{"line":17,"column":null}},{"start":{},"end":{}}],"line":17}},"s":{"0":2,"1":2,"2":2,"3":6,"4":2,"5":4,"6":4,"7":2,"8":7,"9":7},"f":{"0":6,"1":7},"b":{"0":[2,4]},"meta":{"lastBranch":1,"lastFunction":2,"lastStatement":10,"seen":{"s:4:47:8:Infinity":0,"s:10:49:14:Infinity":1,"s:16:28:24:Infinity":2,"f:16:28:16:29":0,"b:17:4:17:Infinity:undefined:undefined:undefined:undefined":0,"s:17:4:17:Infinity":3,"s:17:37:17:Infinity":4,"s:20:25:20:Infinity":5,"s:23:4:23:Infinity":6,"s:26:27:29:Infinity":7,"f:26:27:26:28":1,"s:27:16:27:Infinity":8,"s:28:4:28:Infinity":9}}}
}
