{"/Users/kachevn1k/Projects/alanya-holidays/api-services/supabase.ts": {"path":"/Users/kachevn1k/Projects/alanya-holidays/api-services/supabase.ts","statementMap":{"0":{"start":{"line":4,"column":20},"end":{"line":4,"column":null}},"1":{"start":{"line":5,"column":24},"end":{"line":5,"column":null}},"2":{"start":{"line":7,"column":0},"end":{"line":9,"column":null}},"3":{"start":{"line":8,"column":4},"end":{"line":8,"column":null}},"4":{"start":{"line":11,"column":13},"end":{"line":11,"column":null}}},"fnMap":{},"branchMap":{"0":{"loc":{"start":{"line":4,"column":20},"end":{"line":4,"column":null}},"type":"binary-expr","locations":[{"start":{"line":4,"column":20},"end":{"line":4,"column":59}},{"start":{"line":4,"column":59},"end":{"line":4,"column":null}}],"line":4},"1":{"loc":{"start":{"line":4,"column":59},"end":{"line":4,"column":null}},"type":"cond-expr","locations":[{"start":{"line":4,"column":92},"end":{"line":4,"column":124}},{"start":{"line":4,"column":124},"end":{"line":4,"column":null}}],"line":4},"2":{"loc":{"start":{"line":5,"column":24},"end":{"line":5,"column":null}},"type":"binary-expr","locations":[{"start":{"line":5,"column":24},"end":{"line":5,"column":68}},{"start":{"line":5,"column":68},"end":{"line":5,"column":null}}],"line":5},"3":{"loc":{"start":{"line":5,"column":68},"end":{"line":5,"column":null}},"type":"cond-expr","locations":[{"start":{"line":5,"column":101},"end":{"line":5,"column":138}},{"start":{"line":5,"column":138},"end":{"line":5,"column":null}}],"line":5},"4":{"loc":{"start":{"line":7,"column":0},"end":{"line":9,"column":null}},"type":"if","locations":[{"start":{"line":7,"column":0},"end":{"line":9,"column":null}},{"start":{},"end":{}}],"line":7},"5":{"loc":{"start":{"line":7,"column":4},"end":{"line":7,"column":38}},"type":"binary-expr","locations":[{"start":{"line":7,"column":4},"end":{"line":7,"column":20}},{"start":{"line":7,"column":20},"end":{"line":7,"column":38}}],"line":7},"6":{"loc":{"start":{"line":11,"column":37},"end":{"line":11,"column":56}},"type":"binary-expr","locations":[{"start":{"line":11,"column":37},"end":{"line":11,"column":52}},{"start":{"line":11,"column":52},"end":{"line":11,"column":56}}],"line":11},"7":{"loc":{"start":{"line":11,"column":56},"end":{"line":11,"column":77}},"type":"binary-expr","locations":[{"start":{"line":11,"column":56},"end":{"line":11,"column":75}},{"start":{"line":11,"column":75},"end":{"line":11,"column":77}}],"line":11}},"s":{"0":1,"1":1,"2":1,"3":0,"4":1},"f":{},"b":{"0":[1,0],"1":[0,0],"2":[1,0],"3":[0,0],"4":[0,1],"5":[1,1],"6":[1,0],"7":[1,0]},"meta":{"lastBranch":8,"lastFunction":0,"lastStatement":5,"seen":{"s:4:20:4:Infinity":0,"b:4:20:4:59:4:59:4:Infinity":0,"b:4:92:4:124:4:124:4:Infinity":1,"s:5:24:5:Infinity":1,"b:5:24:5:68:5:68:5:Infinity":2,"b:5:101:5:138:5:138:5:Infinity":3,"b:7:0:9:Infinity:undefined:undefined:undefined:undefined":4,"s:7:0:9:Infinity":2,"b:7:4:7:20:7:20:7:38":5,"s:8:4:8:Infinity":3,"s:11:13:11:Infinity":4,"b:11:37:11:52:11:52:11:56":6,"b:11:56:11:75:11:75:11:77":7}}}
,"/Users/kachevn1k/Projects/alanya-holidays/api-services/api/chat.ts": {"path":"/Users/kachevn1k/Projects/alanya-holidays/api-services/api/chat.ts","statementMap":{"0":{"start":{"line":4,"column":27},"end":{"line":239,"column":null}},"1":{"start":{"line":7,"column":35},"end":{"line":7,"column":null}},"2":{"start":{"line":8,"column":8},"end":{"line":8,"column":null}},"3":{"start":{"line":8,"column":19},"end":{"line":8,"column":null}},"4":{"start":{"line":11,"column":32},"end":{"line":20,"column":null}},"5":{"start":{"line":22,"column":8},"end":{"line":22,"column":null}},"6":{"start":{"line":22,"column":19},"end":{"line":22,"column":null}},"7":{"start":{"line":25,"column":30},"end":{"line":49,"column":null}},"8":{"start":{"line":26,"column":38},"end":{"line":32,"column":null}},"9":{"start":{"line":37,"column":30},"end":{"line":42,"column":null}},"10":{"start":{"line":44,"column":12},"end":{"line":48,"column":null}},"11":{"start":{"line":51,"column":8},"end":{"line":51,"column":null}},"12":{"start":{"line":56,"column":32},"end":{"line":60,"column":null}},"13":{"start":{"line":62,"column":8},"end":{"line":62,"column":null}},"14":{"start":{"line":62,"column":19},"end":{"line":62,"column":null}},"15":{"start":{"line":63,"column":8},"end":{"line":63,"column":null}},"16":{"start":{"line":68,"column":35},"end":{"line":68,"column":null}},"17":{"start":{"line":69,"column":8},"end":{"line":69,"column":null}},"18":{"start":{"line":69,"column":19},"end":{"line":69,"column":null}},"19":{"start":{"line":71,"column":32},"end":{"line":79,"column":null}},"20":{"start":{"line":81,"column":8},"end":{"line":81,"column":null}},"21":{"start":{"line":81,"column":19},"end":{"line":81,"column":null}},"22":{"start":{"line":84,"column":8},"end":{"line":87,"column":null}},"23":{"start":{"line":90,"column":8},"end":{"line":117,"column":null}},"24":{"start":{"line":91,"column":13},"end":{"line":116,"column":null}},"25":{"start":{"line":92,"column":40},"end":{"line":96,"column":null}},"26":{"start":{"line":98,"column":17},"end":{"line":113,"column":null}},"27":{"start":{"line":99,"column":40},"end":{"line":99,"column":null}},"28":{"start":{"line":100,"column":39},"end":{"line":100,"column":null}},"29":{"start":{"line":102,"column":20},"end":{"line":112,"column":null}},"30":{"start":{"line":115,"column":16},"end":{"line":115,"column":null}},"31":{"start":{"line":119,"column":8},"end":{"line":119,"column":null}},"32":{"start":{"line":124,"column":35},"end":{"line":124,"column":null}},"33":{"start":{"line":125,"column":8},"end":{"line":125,"column":null}},"34":{"start":{"line":125,"column":19},"end":{"line":125,"column":null}},"35":{"start":{"line":128,"column":35},"end":{"line":134,"column":null}},"36":{"start":{"line":136,"column":8},"end":{"line":136,"column":null}},"37":{"start":{"line":136,"column":22},"end":{"line":136,"column":null}},"38":{"start":{"line":139,"column":8},"end":{"line":168,"column":null}},"39":{"start":{"line":140,"column":36},"end":{"line":148,"column":null}},"40":{"start":{"line":150,"column":12},"end":{"line":163,"column":null}},"41":{"start":{"line":152,"column":16},"end":{"line":161,"column":null}},"42":{"start":{"line":153,"column":44},"end":{"line":159,"column":null}},"43":{"start":{"line":160,"column":20},"end":{"line":160,"column":null}},"44":{"start":{"line":160,"column":31},"end":{"line":160,"column":null}},"45":{"start":{"line":162,"column":16},"end":{"line":162,"column":null}},"46":{"start":{"line":164,"column":12},"end":{"line":164,"column":null}},"47":{"start":{"line":166,"column":12},"end":{"line":166,"column":null}},"48":{"start":{"line":167,"column":12},"end":{"line":167,"column":null}},"49":{"start":{"line":175,"column":35},"end":{"line":175,"column":null}},"50":{"start":{"line":176,"column":8},"end":{"line":176,"column":null}},"51":{"start":{"line":176,"column":19},"end":{"line":176,"column":null}},"52":{"start":{"line":179,"column":26},"end":{"line":184,"column":null}},"53":{"start":{"line":186,"column":8},"end":{"line":186,"column":null}},"54":{"start":{"line":186,"column":19},"end":{"line":186,"column":null}},"55":{"start":{"line":191,"column":35},"end":{"line":191,"column":null}},"56":{"start":{"line":192,"column":8},"end":{"line":192,"column":null}},"57":{"start":{"line":192,"column":19},"end":{"line":192,"column":null}},"58":{"start":{"line":198,"column":26},"end":{"line":201,"column":null}},"59":{"start":{"line":203,"column":8},"end":{"line":203,"column":null}},"60":{"start":{"line":203,"column":19},"end":{"line":203,"column":null}},"61":{"start":{"line":214,"column":26},"end":{"line":216,"column":null}},"62":{"start":{"line":218,"column":8},"end":{"line":218,"column":null}},"63":{"start":{"line":218,"column":19},"end":{"line":218,"column":null}},"64":{"start":{"line":223,"column":8},"end":{"line":237,"column":null}},"65":{"start":{"line":234,"column":20},"end":{"line":234,"column":null}}},"fnMap":{"0":{"name":"(anonymous_0)","decl":{"start":{"line":6,"column":10},"end":{"line":6,"column":29}},"loc":{"start":{"line":6,"column":29},"end":{"line":52,"column":null}},"line":6},"1":{"name":"(anonymous_1)","decl":{"start":{"line":25,"column":57},"end":{"line":25,"column":64}},"loc":{"start":{"line":25,"column":78},"end":{"line":49,"column":9}},"line":25},"2":{"name":"(anonymous_2)","decl":{"start":{"line":55,"column":10},"end":{"line":55,"column":22}},"loc":{"start":{"line":55,"column":46},"end":{"line":64,"column":null}},"line":55},"3":{"name":"(anonymous_3)","decl":{"start":{"line":67,"column":10},"end":{"line":67,"column":22}},"loc":{"start":{"line":67,"column":63},"end":{"line":120,"column":null}},"line":67},"4":{"name":"(anonymous_4)","decl":{"start":{"line":90,"column":9},"end":{"line":90,"column":21}},"loc":{"start":{"line":90,"column":21},"end":{"line":117,"column":11}},"line":90},"5":{"name":"(anonymous_5)","decl":{"start":{"line":123,"column":10},"end":{"line":123,"column":29}},"loc":{"start":{"line":123,"column":65},"end":{"line":171,"column":null}},"line":123},"6":{"name":"(anonymous_6)","decl":{"start":{"line":174,"column":10},"end":{"line":174,"column":21}},"loc":{"start":{"line":174,"column":45},"end":{"line":187,"column":null}},"line":174},"7":{"name":"(anonymous_7)","decl":{"start":{"line":190,"column":10},"end":{"line":190,"column":23}},"loc":{"start":{"line":190,"column":47},"end":{"line":204,"column":null}},"line":190},"8":{"name":"(anonymous_8)","decl":{"start":{"line":207,"column":10},"end":{"line":207,"column":23}},"loc":{"start":{"line":213,"column":7},"end":{"line":219,"column":null}},"line":213},"9":{"name":"(anonymous_9)","decl":{"start":{"line":222,"column":4},"end":{"line":222,"column":24}},"loc":{"start":{"line":222,"column":90},"end":{"line":238,"column":null}},"line":222},"10":{"name":"(anonymous_10)","decl":{"start":{"line":233,"column":16},"end":{"line":233,"column":17}},"loc":{"start":{"line":233,"column":29},"end":{"line":235,"column":null}},"line":233}},"branchMap":{"0":{"loc":{"start":{"line":8,"column":8},"end":{"line":8,"column":null}},"type":"if","locations":[{"start":{"line":8,"column":8},"end":{"line":8,"column":null}},{"start":{},"end":{}}],"line":8},"1":{"loc":{"start":{"line":22,"column":8},"end":{"line":22,"column":null}},"type":"if","locations":[{"start":{"line":22,"column":8},"end":{"line":22,"column":null}},{"start":{},"end":{}}],"line":22},"2":{"loc":{"start":{"line":47,"column":30},"end":{"line":47,"column":null}},"type":"binary-expr","locations":[{"start":{"line":47,"column":30},"end":{"line":47,"column":39}},{"start":{"line":47,"column":39},"end":{"line":47,"column":null}}],"line":47},"3":{"loc":{"start":{"line":62,"column":8},"end":{"line":62,"column":null}},"type":"if","locations":[{"start":{"line":62,"column":8},"end":{"line":62,"column":null}},{"start":{},"end":{}}],"line":62},"4":{"loc":{"start":{"line":69,"column":8},"end":{"line":69,"column":null}},"type":"if","locations":[{"start":{"line":69,"column":8},"end":{"line":69,"column":null}},{"start":{},"end":{}}],"line":69},"5":{"loc":{"start":{"line":81,"column":8},"end":{"line":81,"column":null}},"type":"if","locations":[{"start":{"line":81,"column":8},"end":{"line":81,"column":null}},{"start":{},"end":{}}],"line":81},"6":{"loc":{"start":{"line":98,"column":17},"end":{"line":113,"column":null}},"type":"if","locations":[{"start":{"line":98,"column":17},"end":{"line":113,"column":null}},{"start":{},"end":{}}],"line":98},"7":{"loc":{"start":{"line":99,"column":40},"end":{"line":99,"column":null}},"type":"cond-expr","locations":[{"start":{"line":99,"column":68},"end":{"line":99,"column":83}},{"start":{"line":99,"column":83},"end":{"line":99,"column":null}}],"line":99},"8":{"loc":{"start":{"line":100,"column":39},"end":{"line":100,"column":null}},"type":"binary-expr","locations":[{"start":{"line":100,"column":39},"end":{"line":100,"column":72}},{"start":{"line":100,"column":72},"end":{"line":100,"column":101}},{"start":{"line":100,"column":101},"end":{"line":100,"column":null}}],"line":100},"9":{"loc":{"start":{"line":108,"column":48},"end":{"line":108,"column":null}},"type":"cond-expr","locations":[{"start":{"line":108,"column":70},"end":{"line":108,"column":105}},{"start":{"line":108,"column":105},"end":{"line":108,"column":null}}],"line":108},"10":{"loc":{"start":{"line":125,"column":8},"end":{"line":125,"column":null}},"type":"if","locations":[{"start":{"line":125,"column":8},"end":{"line":125,"column":null}},{"start":{},"end":{}}],"line":125},"11":{"loc":{"start":{"line":136,"column":8},"end":{"line":136,"column":null}},"type":"if","locations":[{"start":{"line":136,"column":8},"end":{"line":136,"column":null}},{"start":{},"end":{}}],"line":136},"12":{"loc":{"start":{"line":150,"column":12},"end":{"line":163,"column":null}},"type":"if","locations":[{"start":{"line":150,"column":12},"end":{"line":163,"column":null}},{"start":{},"end":{}}],"line":150},"13":{"loc":{"start":{"line":152,"column":16},"end":{"line":161,"column":null}},"type":"if","locations":[{"start":{"line":152,"column":16},"end":{"line":161,"column":null}},{"start":{},"end":{}}],"line":152},"14":{"loc":{"start":{"line":152,"column":20},"end":{"line":152,"column":84}},"type":"binary-expr","locations":[{"start":{"line":152,"column":20},"end":{"line":152,"column":46}},{"start":{"line":152,"column":46},"end":{"line":152,"column":84}}],"line":152},"15":{"loc":{"start":{"line":160,"column":20},"end":{"line":160,"column":null}},"type":"if","locations":[{"start":{"line":160,"column":20},"end":{"line":160,"column":null}},{"start":{},"end":{}}],"line":160},"16":{"loc":{"start":{"line":176,"column":8},"end":{"line":176,"column":null}},"type":"if","locations":[{"start":{"line":176,"column":8},"end":{"line":176,"column":null}},{"start":{},"end":{}}],"line":176},"17":{"loc":{"start":{"line":186,"column":8},"end":{"line":186,"column":null}},"type":"if","locations":[{"start":{"line":186,"column":8},"end":{"line":186,"column":null}},{"start":{},"end":{}}],"line":186},"18":{"loc":{"start":{"line":192,"column":8},"end":{"line":192,"column":null}},"type":"if","locations":[{"start":{"line":192,"column":8},"end":{"line":192,"column":null}},{"start":{},"end":{}}],"line":192},"19":{"loc":{"start":{"line":203,"column":8},"end":{"line":203,"column":null}},"type":"if","locations":[{"start":{"line":203,"column":8},"end":{"line":203,"column":null}},{"start":{},"end":{}}],"line":203},"20":{"loc":{"start":{"line":218,"column":8},"end":{"line":218,"column":null}},"type":"if","locations":[{"start":{"line":218,"column":8},"end":{"line":218,"column":null}},{"start":{},"end":{}}],"line":218}},"s":{"0":1,"1":0,"2":0,"3":0,"4":0,"5":0,"6":0,"7":0,"8":0,"9":0,"10":0,"11":0,"12":0,"13":0,"14":0,"15":0,"16":0,"17":0,"18":0,"19":0,"20":0,"21":0,"22":0,"23":0,"24":0,"25":0,"26":0,"27":0,"28":0,"29":0,"30":0,"31":0,"32":0,"33":0,"34":0,"35":0,"36":0,"37":0,"38":0,"39":0,"40":0,"41":0,"42":0,"43":0,"44":0,"45":0,"46":0,"47":0,"48":0,"49":0,"50":0,"51":0,"52":0,"53":0,"54":0,"55":0,"56":0,"57":0,"58":0,"59":0,"60":0,"61":0,"62":0,"63":0,"64":1,"65":0},"f":{"0":0,"1":0,"2":0,"3":0,"4":0,"5":0,"6":0,"7":0,"8":0,"9":1,"10":0},"b":{"0":[0,0],"1":[0,0],"2":[0,0],"3":[0,0],"4":[0,0],"5":[0,0],"6":[0,0],"7":[0,0],"8":[0,0,0],"9":[0,0],"10":[0,0],"11":[0,0],"12":[0,0],"13":[0,0],"14":[0,0],"15":[0,0],"16":[0,0],"17":[0,0],"18":[0,0],"19":[0,0],"20":[0,0]},"meta":{"lastBranch":21,"lastFunction":11,"lastStatement":66,"seen":{"s:4:27:239:Infinity":0,"f:6:10:6:29":0,"s:7:35:7:Infinity":1,"b:8:8:8:Infinity:undefined:undefined:undefined:undefined":0,"s:8:8:8:Infinity":2,"s:8:19:8:Infinity":3,"s:11:32:20:Infinity":4,"b:22:8:22:Infinity:undefined:undefined:undefined:undefined":1,"s:22:8:22:Infinity":5,"s:22:19:22:Infinity":6,"s:25:30:49:Infinity":7,"f:25:57:25:64":1,"s:26:38:32:Infinity":8,"s:37:30:42:Infinity":9,"s:44:12:48:Infinity":10,"b:47:30:47:39:47:39:47:Infinity":2,"s:51:8:51:Infinity":11,"f:55:10:55:22":2,"s:56:32:60:Infinity":12,"b:62:8:62:Infinity:undefined:undefined:undefined:undefined":3,"s:62:8:62:Infinity":13,"s:62:19:62:Infinity":14,"s:63:8:63:Infinity":15,"f:67:10:67:22":3,"s:68:35:68:Infinity":16,"b:69:8:69:Infinity:undefined:undefined:undefined:undefined":4,"s:69:8:69:Infinity":17,"s:69:19:69:Infinity":18,"s:71:32:79:Infinity":19,"b:81:8:81:Infinity:undefined:undefined:undefined:undefined":5,"s:81:8:81:Infinity":20,"s:81:19:81:Infinity":21,"s:84:8:87:Infinity":22,"s:90:8:117:Infinity":23,"f:90:9:90:21":4,"s:91:13:116:Infinity":24,"s:92:40:96:Infinity":25,"b:98:17:113:Infinity:undefined:undefined:undefined:undefined":6,"s:98:17:113:Infinity":26,"s:99:40:99:Infinity":27,"b:99:68:99:83:99:83:99:Infinity":7,"s:100:39:100:Infinity":28,"b:100:39:100:72:100:72:100:101:100:101:100:Infinity":8,"s:102:20:112:Infinity":29,"b:108:70:108:105:108:105:108:Infinity":9,"s:115:16:115:Infinity":30,"s:119:8:119:Infinity":31,"f:123:10:123:29":5,"s:124:35:124:Infinity":32,"b:125:8:125:Infinity:undefined:undefined:undefined:undefined":10,"s:125:8:125:Infinity":33,"s:125:19:125:Infinity":34,"s:128:35:134:Infinity":35,"b:136:8:136:Infinity:undefined:undefined:undefined:undefined":11,"s:136:8:136:Infinity":36,"s:136:22:136:Infinity":37,"s:139:8:168:Infinity":38,"s:140:36:148:Infinity":39,"b:150:12:163:Infinity:undefined:undefined:undefined:undefined":12,"s:150:12:163:Infinity":40,"b:152:16:161:Infinity:undefined:undefined:undefined:undefined":13,"s:152:16:161:Infinity":41,"b:152:20:152:46:152:46:152:84":14,"s:153:44:159:Infinity":42,"b:160:20:160:Infinity:undefined:undefined:undefined:undefined":15,"s:160:20:160:Infinity":43,"s:160:31:160:Infinity":44,"s:162:16:162:Infinity":45,"s:164:12:164:Infinity":46,"s:166:12:166:Infinity":47,"s:167:12:167:Infinity":48,"f:174:10:174:21":6,"s:175:35:175:Infinity":49,"b:176:8:176:Infinity:undefined:undefined:undefined:undefined":16,"s:176:8:176:Infinity":50,"s:176:19:176:Infinity":51,"s:179:26:184:Infinity":52,"b:186:8:186:Infinity:undefined:undefined:undefined:undefined":17,"s:186:8:186:Infinity":53,"s:186:19:186:Infinity":54,"f:190:10:190:23":7,"s:191:35:191:Infinity":55,"b:192:8:192:Infinity:undefined:undefined:undefined:undefined":18,"s:192:8:192:Infinity":56,"s:192:19:192:Infinity":57,"s:198:26:201:Infinity":58,"b:203:8:203:Infinity:undefined:undefined:undefined:undefined":19,"s:203:8:203:Infinity":59,"s:203:19:203:Infinity":60,"f:207:10:207:23":8,"s:214:26:216:Infinity":61,"b:218:8:218:Infinity:undefined:undefined:undefined:undefined":20,"s:218:8:218:Infinity":62,"s:218:19:218:Infinity":63,"f:222:4:222:24":9,"s:223:8:237:Infinity":64,"f:233:16:233:17":10,"s:234:20:234:Infinity":65}}}
,"/Users/kachevn1k/Projects/alanya-holidays/components/chat/ChatWindow.tsx": {"path":"/Users/kachevn1k/Projects/alanya-holidays/components/chat/ChatWindow.tsx","statementMap":{"0":{"start":{"line":20,"column":53},"end":{"line":188,"column":null}},"1":{"start":{"line":21,"column":100},"end":{"line":21,"column":null}},"2":{"start":{"line":22,"column":17},"end":{"line":22,"column":null}},"3":{"start":{"line":23,"column":32},"end":{"line":23,"column":null}},"4":{"start":{"line":24,"column":34},"end":{"line":24,"column":null}},"5":{"start":{"line":25,"column":30},"end":{"line":25,"column":null}},"6":{"start":{"line":26,"column":40},"end":{"line":26,"column":null}},"7":{"start":{"line":27,"column":10},"end":{"line":27,"column":null}},"8":{"start":{"line":29,"column":31},"end":{"line":29,"column":null}},"9":{"start":{"line":29,"column":55},"end":{"line":29,"column":84}},"10":{"start":{"line":31,"column":24},"end":{"line":33,"column":null}},"11":{"start":{"line":35,"column":4},"end":{"line":93,"column":null}},"12":{"start":{"line":36,"column":24},"end":{"line":36,"column":null}},"13":{"start":{"line":37,"column":26},"end":{"line":37,"column":null}},"14":{"start":{"line":39,"column":30},"end":{"line":61,"column":null}},"15":{"start":{"line":40,"column":12},"end":{"line":40,"column":null}},"16":{"start":{"line":40,"column":39},"end":{"line":40,"column":null}},"17":{"start":{"line":41,"column":12},"end":{"line":41,"column":null}},"18":{"start":{"line":41,"column":29},"end":{"line":41,"column":null}},"19":{"start":{"line":43,"column":12},"end":{"line":60,"column":null}},"20":{"start":{"line":44,"column":29},"end":{"line":44,"column":null}},"21":{"start":{"line":45,"column":16},"end":{"line":52,"column":null}},"22":{"start":{"line":46,"column":20},"end":{"line":51,"column":null}},"23":{"start":{"line":47,"column":24},"end":{"line":49,"column":null}},"24":{"start":{"line":48,"column":28},"end":{"line":48,"column":null}},"25":{"start":{"line":50,"column":24},"end":{"line":50,"column":null}},"26":{"start":{"line":54,"column":16},"end":{"line":54,"column":null}},"27":{"start":{"line":56,"column":16},"end":{"line":59,"column":null}},"28":{"start":{"line":57,"column":20},"end":{"line":57,"column":null}},"29":{"start":{"line":58,"column":20},"end":{"line":58,"column":null}},"30":{"start":{"line":63,"column":8},"end":{"line":63,"column":null}},"31":{"start":{"line":65,"column":24},"end":{"line":87,"column":null}},"32":{"start":{"line":66,"column":12},"end":{"line":86,"column":null}},"33":{"start":{"line":67,"column":16},"end":{"line":85,"column":null}},"34":{"start":{"line":68,"column":20},"end":{"line":68,"column":null}},"35":{"start":{"line":68,"column":39},"end":{"line":68,"column":57}},"36":{"start":{"line":68,"column":60},"end":{"line":68,"column":null}},"37":{"start":{"line":71,"column":43},"end":{"line":75,"column":null}},"38":{"start":{"line":72,"column":24},"end":{"line":74,"column":null}},"39":{"start":{"line":77,"column":20},"end":{"line":82,"column":null}},"40":{"start":{"line":79,"column":44},"end":{"line":79,"column":null}},"41":{"start":{"line":80,"column":24},"end":{"line":80,"column":null}},"42":{"start":{"line":81,"column":24},"end":{"line":81,"column":null}},"43":{"start":{"line":84,"column":20},"end":{"line":84,"column":null}},"44":{"start":{"line":89,"column":8},"end":{"line":92,"column":null}},"45":{"start":{"line":90,"column":12},"end":{"line":90,"column":null}},"46":{"start":{"line":91,"column":12},"end":{"line":91,"column":null}},"47":{"start":{"line":95,"column":4},"end":{"line":103,"column":null}},"48":{"start":{"line":96,"column":8},"end":{"line":102,"column":null}},"49":{"start":{"line":97,"column":37},"end":{"line":97,"column":null}},"50":{"start":{"line":98,"column":12},"end":{"line":101,"column":null}},"51":{"start":{"line":105,"column":23},"end":{"line":141,"column":null}},"52":{"start":{"line":106,"column":8},"end":{"line":106,"column":null}},"53":{"start":{"line":107,"column":8},"end":{"line":107,"column":null}},"54":{"start":{"line":107,"column":31},"end":{"line":107,"column":null}},"55":{"start":{"line":109,"column":24},"end":{"line":109,"column":null}},"56":{"start":{"line":110,"column":23},"end":{"line":110,"column":null}},"57":{"start":{"line":111,"column":8},"end":{"line":111,"column":null}},"58":{"start":{"line":113,"column":8},"end":{"line":123,"column":null}},"59":{"start":{"line":114,"column":47},"end":{"line":121,"column":null}},"60":{"start":{"line":122,"column":12},"end":{"line":122,"column":null}},"61":{"start":{"line":122,"column":32},"end":{"line":122,"column":56}},"62":{"start":{"line":125,"column":8},"end":{"line":140,"column":null}},"63":{"start":{"line":126,"column":28},"end":{"line":126,"column":null}},"64":{"start":{"line":127,"column":12},"end":{"line":135,"column":null}},"65":{"start":{"line":128,"column":16},"end":{"line":134,"column":null}},"66":{"start":{"line":130,"column":20},"end":{"line":132,"column":null}},"67":{"start":{"line":130,"column":39},"end":{"line":130,"column":58}},"68":{"start":{"line":131,"column":24},"end":{"line":131,"column":null}},"69":{"start":{"line":131,"column":48},"end":{"line":131,"column":63}},"70":{"start":{"line":133,"column":20},"end":{"line":133,"column":null}},"71":{"start":{"line":133,"column":41},"end":{"line":133,"column":70}},"72":{"start":{"line":137,"column":12},"end":{"line":137,"column":null}},"73":{"start":{"line":138,"column":12},"end":{"line":138,"column":null}},"74":{"start":{"line":138,"column":32},"end":{"line":138,"column":65}},"75":{"start":{"line":138,"column":49},"end":{"line":138,"column":64}},"76":{"start":{"line":139,"column":12},"end":{"line":139,"column":null}},"77":{"start":{"line":143,"column":4},"end":{"line":143,"column":null}},"78":{"start":{"line":143,"column":31},"end":{"line":143,"column":null}},"79":{"start":{"line":145,"column":23},"end":{"line":147,"column":null}},"80":{"start":{"line":149,"column":4},"end":{"line":186,"column":null}},"81":{"start":{"line":159,"column":20},"end":{"line":159,"column":null}},"82":{"start":{"line":160,"column":20},"end":{"line":160,"column":null}},"83":{"start":{"line":162,"column":37},"end":{"line":162,"column":null}},"84":{"start":{"line":167,"column":31},"end":{"line":167,"column":null}}},"fnMap":{"0":{"name":"(anonymous_0)","decl":{"start":{"line":20,"column":53},"end":{"line":20,"column":54}},"loc":{"start":{"line":20,"column":114},"end":{"line":188,"column":null}},"line":20},"1":{"name":"(anonymous_1)","decl":{"start":{"line":29,"column":50},"end":{"line":29,"column":55}},"loc":{"start":{"line":29,"column":55},"end":{"line":29,"column":84}},"line":29},"2":{"name":"(anonymous_2)","decl":{"start":{"line":35,"column":14},"end":{"line":35,"column":20}},"loc":{"start":{"line":35,"column":20},"end":{"line":93,"column":7}},"line":35},"3":{"name":"(anonymous_3)","decl":{"start":{"line":39,"column":30},"end":{"line":39,"column":42}},"loc":{"start":{"line":39,"column":42},"end":{"line":61,"column":null}},"line":39},"4":{"name":"(anonymous_4)","decl":{"start":{"line":46,"column":32},"end":{"line":46,"column":40}},"loc":{"start":{"line":46,"column":40},"end":{"line":51,"column":21}},"line":46},"5":{"name":"(anonymous_5)","decl":{"start":{"line":65,"column":78},"end":{"line":65,"column":79}},"loc":{"start":{"line":65,"column":90},"end":{"line":87,"column":9}},"line":65},"6":{"name":"(anonymous_6)","decl":{"start":{"line":67,"column":28},"end":{"line":67,"column":36}},"loc":{"start":{"line":67,"column":36},"end":{"line":85,"column":17}},"line":67},"7":{"name":"(anonymous_7)","decl":{"start":{"line":68,"column":34},"end":{"line":68,"column":39}},"loc":{"start":{"line":68,"column":39},"end":{"line":68,"column":57}},"line":68},"8":{"name":"(anonymous_8)","decl":{"start":{"line":71,"column":58},"end":{"line":71,"column":null}},"loc":{"start":{"line":72,"column":24},"end":{"line":74,"column":null}},"line":72},"9":{"name":"(anonymous_9)","decl":{"start":{"line":89,"column":15},"end":{"line":89,"column":21}},"loc":{"start":{"line":89,"column":21},"end":{"line":92,"column":null}},"line":89},"10":{"name":"(anonymous_10)","decl":{"start":{"line":95,"column":14},"end":{"line":95,"column":20}},"loc":{"start":{"line":95,"column":20},"end":{"line":103,"column":7}},"line":95},"11":{"name":"(anonymous_11)","decl":{"start":{"line":105,"column":23},"end":{"line":105,"column":30}},"loc":{"start":{"line":105,"column":53},"end":{"line":141,"column":null}},"line":105},"12":{"name":"(anonymous_12)","decl":{"start":{"line":122,"column":24},"end":{"line":122,"column":32}},"loc":{"start":{"line":122,"column":32},"end":{"line":122,"column":56}},"line":122},"13":{"name":"(anonymous_13)","decl":{"start":{"line":128,"column":28},"end":{"line":128,"column":36}},"loc":{"start":{"line":128,"column":36},"end":{"line":134,"column":17}},"line":128},"14":{"name":"(anonymous_14)","decl":{"start":{"line":130,"column":34},"end":{"line":130,"column":39}},"loc":{"start":{"line":130,"column":39},"end":{"line":130,"column":58}},"line":130},"15":{"name":"(anonymous_15)","decl":{"start":{"line":131,"column":43},"end":{"line":131,"column":48}},"loc":{"start":{"line":131,"column":48},"end":{"line":131,"column":63}},"line":131},"16":{"name":"(anonymous_16)","decl":{"start":{"line":133,"column":36},"end":{"line":133,"column":41}},"loc":{"start":{"line":133,"column":41},"end":{"line":133,"column":70}},"line":133},"17":{"name":"(anonymous_17)","decl":{"start":{"line":138,"column":24},"end":{"line":138,"column":32}},"loc":{"start":{"line":138,"column":32},"end":{"line":138,"column":65}},"line":138},"18":{"name":"(anonymous_18)","decl":{"start":{"line":138,"column":44},"end":{"line":138,"column":49}},"loc":{"start":{"line":138,"column":49},"end":{"line":138,"column":64}},"line":138},"19":{"name":"(anonymous_19)","decl":{"start":{"line":158,"column":32},"end":{"line":158,"column":44}},"loc":{"start":{"line":158,"column":44},"end":{"line":161,"column":null}},"line":158},"20":{"name":"(anonymous_20)","decl":{"start":{"line":162,"column":31},"end":{"line":162,"column":37}},"loc":{"start":{"line":162,"column":37},"end":{"line":162,"column":null}},"line":162},"21":{"name":"(anonymous_21)","decl":{"start":{"line":167,"column":25},"end":{"line":167,"column":31}},"loc":{"start":{"line":167,"column":31},"end":{"line":167,"column":null}},"line":167}},"branchMap":{"0":{"loc":{"start":{"line":20,"column":56},"end":{"line":20,"column":72}},"type":"default-arg","locations":[{"start":{"line":20,"column":68},"end":{"line":20,"column":72}}],"line":20},"1":{"loc":{"start":{"line":20,"column":72},"end":{"line":20,"column":90}},"type":"default-arg","locations":[{"start":{"line":20,"column":83},"end":{"line":20,"column":90}}],"line":20},"2":{"loc":{"start":{"line":20,"column":90},"end":{"line":20,"column":108}},"type":"default-arg","locations":[{"start":{"line":20,"column":103},"end":{"line":20,"column":108}}],"line":20},"3":{"loc":{"start":{"line":31,"column":24},"end":{"line":33,"column":null}},"type":"cond-expr","locations":[{"start":{"line":32,"column":11},"end":{"line":32,"column":null}},{"start":{"line":33,"column":10},"end":{"line":33,"column":null}}],"line":31},"4":{"loc":{"start":{"line":32,"column":11},"end":{"line":32,"column":null}},"type":"cond-expr","locations":[{"start":{"line":32,"column":54},"end":{"line":32,"column":80}},{"start":{"line":32,"column":80},"end":{"line":32,"column":null}}],"line":32},"5":{"loc":{"start":{"line":40,"column":12},"end":{"line":40,"column":null}},"type":"if","locations":[{"start":{"line":40,"column":12},"end":{"line":40,"column":null}},{"start":{},"end":{}}],"line":40},"6":{"loc":{"start":{"line":41,"column":12},"end":{"line":41,"column":null}},"type":"if","locations":[{"start":{"line":41,"column":12},"end":{"line":41,"column":null}},{"start":{},"end":{}}],"line":41},"7":{"loc":{"start":{"line":45,"column":16},"end":{"line":52,"column":null}},"type":"if","locations":[{"start":{"line":45,"column":16},"end":{"line":52,"column":null}},{"start":{},"end":{}}],"line":45},"8":{"loc":{"start":{"line":47,"column":24},"end":{"line":49,"column":null}},"type":"if","locations":[{"start":{"line":47,"column":24},"end":{"line":49,"column":null}},{"start":{},"end":{}}],"line":47},"9":{"loc":{"start":{"line":47,"column":28},"end":{"line":47,"column":116}},"type":"binary-expr","locations":[{"start":{"line":47,"column":28},"end":{"line":47,"column":59}},{"start":{"line":47,"column":59},"end":{"line":47,"column":116}}],"line":47},"10":{"loc":{"start":{"line":56,"column":16},"end":{"line":59,"column":null}},"type":"if","locations":[{"start":{"line":56,"column":16},"end":{"line":59,"column":null}},{"start":{},"end":{}}],"line":56},"11":{"loc":{"start":{"line":56,"column":20},"end":{"line":56,"column":46}},"type":"binary-expr","locations":[{"start":{"line":56,"column":20},"end":{"line":56,"column":33}},{"start":{"line":56,"column":33},"end":{"line":56,"column":46}}],"line":56},"12":{"loc":{"start":{"line":66,"column":12},"end":{"line":86,"column":null}},"type":"if","locations":[{"start":{"line":66,"column":12},"end":{"line":86,"column":null}},{"start":{},"end":{}}],"line":66},"13":{"loc":{"start":{"line":68,"column":20},"end":{"line":68,"column":null}},"type":"if","locations":[{"start":{"line":68,"column":20},"end":{"line":68,"column":null}},{"start":{},"end":{}}],"line":68},"14":{"loc":{"start":{"line":72,"column":24},"end":{"line":74,"column":null}},"type":"binary-expr","locations":[{"start":{"line":72,"column":24},"end":{"line":72,"column":null}},{"start":{"line":73,"column":24},"end":{"line":73,"column":null}},{"start":{"line":74,"column":24},"end":{"line":74,"column":null}}],"line":72},"15":{"loc":{"start":{"line":77,"column":20},"end":{"line":82,"column":null}},"type":"if","locations":[{"start":{"line":77,"column":20},"end":{"line":82,"column":null}},{"start":{},"end":{}}],"line":77},"16":{"loc":{"start":{"line":96,"column":8},"end":{"line":102,"column":null}},"type":"if","locations":[{"start":{"line":96,"column":8},"end":{"line":102,"column":null}},{"start":{},"end":{}}],"line":96},"17":{"loc":{"start":{"line":96,"column":12},"end":{"line":96,"column":56}},"type":"binary-expr","locations":[{"start":{"line":96,"column":12},"end":{"line":96,"column":26}},{"start":{"line":96,"column":26},"end":{"line":96,"column":56}}],"line":96},"18":{"loc":{"start":{"line":107,"column":8},"end":{"line":107,"column":null}},"type":"if","locations":[{"start":{"line":107,"column":8},"end":{"line":107,"column":null}},{"start":{},"end":{}}],"line":107},"19":{"loc":{"start":{"line":113,"column":8},"end":{"line":123,"column":null}},"type":"if","locations":[{"start":{"line":113,"column":8},"end":{"line":123,"column":null}},{"start":{},"end":{}}],"line":113},"20":{"loc":{"start":{"line":113,"column":12},"end":{"line":113,"column":42}},"type":"binary-expr","locations":[{"start":{"line":113,"column":12},"end":{"line":113,"column":20}},{"start":{"line":113,"column":20},"end":{"line":113,"column":42}}],"line":113},"21":{"loc":{"start":{"line":127,"column":12},"end":{"line":135,"column":null}},"type":"if","locations":[{"start":{"line":127,"column":12},"end":{"line":135,"column":null}},{"start":{},"end":{}}],"line":127},"22":{"loc":{"start":{"line":130,"column":20},"end":{"line":132,"column":null}},"type":"if","locations":[{"start":{"line":130,"column":20},"end":{"line":132,"column":null}},{"start":{},"end":{}}],"line":130},"23":{"loc":{"start":{"line":133,"column":41},"end":{"line":133,"column":70}},"type":"cond-expr","locations":[{"start":{"line":133,"column":59},"end":{"line":133,"column":69}},{"start":{"line":133,"column":69},"end":{"line":133,"column":70}}],"line":133},"24":{"loc":{"start":{"line":143,"column":4},"end":{"line":143,"column":null}},"type":"if","locations":[{"start":{"line":143,"column":4},"end":{"line":143,"column":null}},{"start":{},"end":{}}],"line":143},"25":{"loc":{"start":{"line":145,"column":23},"end":{"line":147,"column":null}},"type":"cond-expr","locations":[{"start":{"line":146,"column":10},"end":{"line":146,"column":null}},{"start":{"line":147,"column":10},"end":{"line":147,"column":null}}],"line":145},"26":{"loc":{"start":{"line":150,"column":144},"end":{"line":150,"column":335}},"type":"cond-expr","locations":[{"start":{"line":150,"column":155},"end":{"line":150,"column":200}},{"start":{"line":150,"column":200},"end":{"line":150,"column":335}}],"line":150},"27":{"loc":{"start":{"line":169,"column":28},"end":{"line":169,"column":null}},"type":"binary-expr","locations":[{"start":{"line":169,"column":28},"end":{"line":169,"column":42}},{"start":{"line":169,"column":42},"end":{"line":169,"column":null}}],"line":169}},"s":{"0":1,"1":1,"2":1,"3":1,"4":1,"5":1,"6":1,"7":1,"8":1,"9":0,"10":1,"11":1,"12":1,"13":1,"14":1,"15":1,"16":1,"17":0,"18":0,"19":0,"20":0,"21":0,"22":0,"23":0,"24":0,"25":0,"26":0,"27":0,"28":0,"29":0,"30":1,"31":1,"32":0,"33":0,"34":0,"35":0,"36":0,"37":0,"38":0,"39":0,"40":0,"41":0,"42":0,"43":0,"44":1,"45":1,"46":1,"47":1,"48":1,"49":0,"50":0,"51":1,"52":0,"53":0,"54":0,"55":0,"56":0,"57":0,"58":0,"59":0,"60":0,"61":0,"62":0,"63":0,"64":0,"65":0,"66":0,"67":0,"68":0,"69":0,"70":0,"71":0,"72":0,"73":0,"74":0,"75":0,"76":0,"77":1,"78":1,"79":0,"80":1,"81":0,"82":0,"83":0,"84":0},"f":{"0":1,"1":0,"2":1,"3":1,"4":0,"5":0,"6":0,"7":0,"8":0,"9":1,"10":1,"11":0,"12":0,"13":0,"14":0,"15":0,"16":0,"17":0,"18":0,"19":0,"20":0,"21":0},"b":{"0":[1],"1":[1],"2":[1],"3":[0,1],"4":[0,0],"5":[1,0],"6":[0,0],"7":[0,0],"8":[0,0],"9":[0,0],"10":[0,0],"11":[0,0],"12":[0,0],"13":[0,0],"14":[0,0,0],"15":[0,0],"16":[0,1],"17":[1,1],"18":[0,0],"19":[0,0],"20":[0,0],"21":[0,0],"22":[0,0],"23":[0,0],"24":[1,0],"25":[0,0],"26":[0,0],"27":[1,0]},"meta":{"lastBranch":28,"lastFunction":22,"lastStatement":85,"seen":{"s:20:53:188:Infinity":0,"f:20:53:20:54":0,"b:20:68:20:72":0,"b:20:83:20:90":1,"b:20:103:20:108":2,"s:21:100:21:Infinity":1,"s:22:17:22:Infinity":2,"s:23:32:23:Infinity":3,"s:24:34:24:Infinity":4,"s:25:30:25:Infinity":5,"s:26:40:26:Infinity":6,"s:27:10:27:Infinity":7,"s:29:31:29:Infinity":8,"f:29:50:29:55":1,"s:29:55:29:84":9,"s:31:24:33:Infinity":10,"b:32:11:32:Infinity:33:10:33:Infinity":3,"b:32:54:32:80:32:80:32:Infinity":4,"s:35:4:93:Infinity":11,"f:35:14:35:20":2,"s:36:24:36:Infinity":12,"s:37:26:37:Infinity":13,"s:39:30:61:Infinity":14,"f:39:30:39:42":3,"b:40:12:40:Infinity:undefined:undefined:undefined:undefined":5,"s:40:12:40:Infinity":15,"s:40:39:40:Infinity":16,"b:41:12:41:Infinity:undefined:undefined:undefined:undefined":6,"s:41:12:41:Infinity":17,"s:41:29:41:Infinity":18,"s:43:12:60:Infinity":19,"s:44:29:44:Infinity":20,"b:45:16:52:Infinity:undefined:undefined:undefined:undefined":7,"s:45:16:52:Infinity":21,"s:46:20:51:Infinity":22,"f:46:32:46:40":4,"b:47:24:49:Infinity:undefined:undefined:undefined:undefined":8,"s:47:24:49:Infinity":23,"b:47:28:47:59:47:59:47:116":9,"s:48:28:48:Infinity":24,"s:50:24:50:Infinity":25,"s:54:16:54:Infinity":26,"b:56:16:59:Infinity:undefined:undefined:undefined:undefined":10,"s:56:16:59:Infinity":27,"b:56:20:56:33:56:33:56:46":11,"s:57:20:57:Infinity":28,"s:58:20:58:Infinity":29,"s:63:8:63:Infinity":30,"s:65:24:87:Infinity":31,"f:65:78:65:79":5,"b:66:12:86:Infinity:undefined:undefined:undefined:undefined":12,"s:66:12:86:Infinity":32,"s:67:16:85:Infinity":33,"f:67:28:67:36":6,"b:68:20:68:Infinity:undefined:undefined:undefined:undefined":13,"s:68:20:68:Infinity":34,"f:68:34:68:39":7,"s:68:39:68:57":35,"s:68:60:68:Infinity":36,"s:71:43:75:Infinity":37,"f:71:58:71:Infinity":8,"s:72:24:74:Infinity":38,"b:72:24:72:Infinity:73:24:73:Infinity:74:24:74:Infinity":14,"b:77:20:82:Infinity:undefined:undefined:undefined:undefined":15,"s:77:20:82:Infinity":39,"s:79:44:79:Infinity":40,"s:80:24:80:Infinity":41,"s:81:24:81:Infinity":42,"s:84:20:84:Infinity":43,"s:89:8:92:Infinity":44,"f:89:15:89:21":9,"s:90:12:90:Infinity":45,"s:91:12:91:Infinity":46,"s:95:4:103:Infinity":47,"f:95:14:95:20":10,"b:96:8:102:Infinity:undefined:undefined:undefined:undefined":16,"s:96:8:102:Infinity":48,"b:96:12:96:26:96:26:96:56":17,"s:97:37:97:Infinity":49,"s:98:12:101:Infinity":50,"s:105:23:141:Infinity":51,"f:105:23:105:30":11,"s:106:8:106:Infinity":52,"b:107:8:107:Infinity:undefined:undefined:undefined:undefined":18,"s:107:8:107:Infinity":53,"s:107:31:107:Infinity":54,"s:109:24:109:Infinity":55,"s:110:23:110:Infinity":56,"s:111:8:111:Infinity":57,"b:113:8:123:Infinity:undefined:undefined:undefined:undefined":19,"s:113:8:123:Infinity":58,"b:113:12:113:20:113:20:113:42":20,"s:114:47:121:Infinity":59,"s:122:12:122:Infinity":60,"f:122:24:122:32":12,"s:122:32:122:56":61,"s:125:8:140:Infinity":62,"s:126:28:126:Infinity":63,"b:127:12:135:Infinity:undefined:undefined:undefined:undefined":21,"s:127:12:135:Infinity":64,"s:128:16:134:Infinity":65,"f:128:28:128:36":13,"b:130:20:132:Infinity:undefined:undefined:undefined:undefined":22,"s:130:20:132:Infinity":66,"f:130:34:130:39":14,"s:130:39:130:58":67,"s:131:24:131:Infinity":68,"f:131:43:131:48":15,"s:131:48:131:63":69,"s:133:20:133:Infinity":70,"f:133:36:133:41":16,"s:133:41:133:70":71,"b:133:59:133:69:133:69:133:70":23,"s:137:12:137:Infinity":72,"s:138:12:138:Infinity":73,"f:138:24:138:32":17,"s:138:32:138:65":74,"f:138:44:138:49":18,"s:138:49:138:64":75,"s:139:12:139:Infinity":76,"b:143:4:143:Infinity:undefined:undefined:undefined:undefined":24,"s:143:4:143:Infinity":77,"s:143:31:143:Infinity":78,"s:145:23:147:Infinity":79,"b:146:10:146:Infinity:147:10:147:Infinity":25,"s:149:4:186:Infinity":80,"b:150:155:150:200:150:200:150:335":26,"f:158:32:158:44":19,"s:159:20:159:Infinity":81,"s:160:20:160:Infinity":82,"f:162:31:162:37":20,"s:162:37:162:Infinity":83,"f:167:25:167:31":21,"s:167:31:167:Infinity":84,"b:169:28:169:42:169:42:169:Infinity":27}}}
,"/Users/kachevn1k/Projects/alanya-holidays/components/chat/subcomponents/ChatHeader.tsx": {"path":"/Users/kachevn1k/Projects/alanya-holidays/components/chat/subcomponents/ChatHeader.tsx","statementMap":{"0":{"start":{"line":15,"column":53},"end":{"line":105,"column":null}},"1":{"start":{"line":24,"column":32},"end":{"line":24,"column":null}},"2":{"start":{"line":26,"column":4},"end":{"line":103,"column":null}},"3":{"start":{"line":54,"column":43},"end":{"line":54,"column":null}},"4":{"start":{"line":67,"column":40},"end":{"line":71,"column":null}},"5":{"start":{"line":68,"column":44},"end":{"line":68,"column":null}},"6":{"start":{"line":69,"column":44},"end":{"line":69,"column":null}},"7":{"start":{"line":70,"column":44},"end":{"line":70,"column":null}},"8":{"start":{"line":82,"column":40},"end":{"line":82,"column":null}},"9":{"start":{"line":83,"column":40},"end":{"line":83,"column":null}},"10":{"start":{"line":97,"column":47},"end":{"line":97,"column":78}}},"fnMap":{"0":{"name":"(anonymous_0)","decl":{"start":{"line":15,"column":53},"end":{"line":15,"column":54}},"loc":{"start":{"line":23,"column":6},"end":{"line":105,"column":null}},"line":23},"1":{"name":"(anonymous_1)","decl":{"start":{"line":54,"column":37},"end":{"line":54,"column":43}},"loc":{"start":{"line":54,"column":43},"end":{"line":54,"column":null}},"line":54},"2":{"name":"(anonymous_2)","decl":{"start":{"line":66,"column":45},"end":{"line":66,"column":57}},"loc":{"start":{"line":66,"column":57},"end":{"line":72,"column":null}},"line":66},"3":{"name":"(anonymous_3)","decl":{"start":{"line":81,"column":45},"end":{"line":81,"column":51}},"loc":{"start":{"line":81,"column":51},"end":{"line":84,"column":null}},"line":81},"4":{"name":"(anonymous_4)","decl":{"start":{"line":97,"column":41},"end":{"line":97,"column":47}},"loc":{"start":{"line":97,"column":47},"end":{"line":97,"column":78}},"line":97}},"branchMap":{"0":{"loc":{"start":{"line":27,"column":45},"end":{"line":27,"column":203}},"type":"cond-expr","locations":[{"start":{"line":27,"column":56},"end":{"line":27,"column":135}},{"start":{"line":27,"column":135},"end":{"line":27,"column":203}}],"line":27},"1":{"loc":{"start":{"line":31,"column":25},"end":{"line":36,"column":null}},"type":"cond-expr","locations":[{"start":{"line":32,"column":28},"end":{"line":32,"column":null}},{"start":{"line":34,"column":28},"end":{"line":36,"column":null}}],"line":31},"2":{"loc":{"start":{"line":32,"column":131},"end":{"line":32,"column":179}},"type":"cond-expr","locations":[{"start":{"line":32,"column":142},"end":{"line":32,"column":162}},{"start":{"line":32,"column":162},"end":{"line":32,"column":179}}],"line":32},"3":{"loc":{"start":{"line":34,"column":116},"end":{"line":34,"column":197}},"type":"cond-expr","locations":[{"start":{"line":34,"column":127},"end":{"line":34,"column":156}},{"start":{"line":34,"column":156},"end":{"line":34,"column":197}}],"line":34},"4":{"loc":{"start":{"line":41,"column":75},"end":{"line":41,"column":133}},"type":"cond-expr","locations":[{"start":{"line":41,"column":86},"end":{"line":41,"column":121}},{"start":{"line":41,"column":121},"end":{"line":41,"column":133}}],"line":41},"5":{"loc":{"start":{"line":42,"column":29},"end":{"line":42,"column":null}},"type":"binary-expr","locations":[{"start":{"line":42,"column":29},"end":{"line":42,"column":55}},{"start":{"line":42,"column":55},"end":{"line":42,"column":null}}],"line":42},"6":{"loc":{"start":{"line":44,"column":89},"end":{"line":44,"column":156}},"type":"cond-expr","locations":[{"start":{"line":44,"column":100},"end":{"line":44,"column":139}},{"start":{"line":44,"column":139},"end":{"line":44,"column":156}}],"line":44},"7":{"loc":{"start":{"line":46,"column":29},"end":{"line":46,"column":null}},"type":"binary-expr","locations":[{"start":{"line":46,"column":29},"end":{"line":46,"column":68}},{"start":{"line":46,"column":68},"end":{"line":46,"column":null}}],"line":46},"8":{"loc":{"start":{"line":55,"column":86},"end":{"line":57,"column":null}},"type":"cond-expr","locations":[{"start":{"line":56,"column":34},"end":{"line":56,"column":null}},{"start":{"line":57,"column":34},"end":{"line":57,"column":null}}],"line":55},"9":{"loc":{"start":{"line":63,"column":25},"end":{"line":92,"column":null}},"type":"binary-expr","locations":[{"start":{"line":63,"column":25},"end":{"line":63,"column":null}},{"start":{"line":64,"column":28},"end":{"line":92,"column":null}}],"line":63},"10":{"loc":{"start":{"line":67,"column":40},"end":{"line":71,"column":null}},"type":"if","locations":[{"start":{"line":67,"column":40},"end":{"line":71,"column":null}},{"start":{},"end":{}}],"line":67},"11":{"loc":{"start":{"line":96,"column":21},"end":{"line":99,"column":null}},"type":"binary-expr","locations":[{"start":{"line":96,"column":21},"end":{"line":96,"column":null}},{"start":{"line":97,"column":24},"end":{"line":99,"column":null}}],"line":96}},"s":{"0":1,"1":0,"2":0,"3":0,"4":0,"5":0,"6":0,"7":0,"8":0,"9":0,"10":0},"f":{"0":0,"1":0,"2":0,"3":0,"4":0},"b":{"0":[0,0],"1":[0,0],"2":[0,0],"3":[0,0],"4":[0,0],"5":[0,0],"6":[0,0],"7":[0,0],"8":[0,0],"9":[0,0],"10":[0,0],"11":[0,0]},"meta":{"lastBranch":12,"lastFunction":5,"lastStatement":11,"seen":{"s:15:53:105:Infinity":0,"f:15:53:15:54":0,"s:24:32:24:Infinity":1,"s:26:4:103:Infinity":2,"b:27:56:27:135:27:135:27:203":0,"b:32:28:32:Infinity:34:28:36:Infinity":1,"b:32:142:32:162:32:162:32:179":2,"b:34:127:34:156:34:156:34:197":3,"b:41:86:41:121:41:121:41:133":4,"b:42:29:42:55:42:55:42:Infinity":5,"b:44:100:44:139:44:139:44:156":6,"b:46:29:46:68:46:68:46:Infinity":7,"f:54:37:54:43":1,"s:54:43:54:Infinity":3,"b:56:34:56:Infinity:57:34:57:Infinity":8,"b:63:25:63:Infinity:64:28:92:Infinity":9,"f:66:45:66:57":2,"b:67:40:71:Infinity:undefined:undefined:undefined:undefined":10,"s:67:40:71:Infinity":4,"s:68:44:68:Infinity":5,"s:69:44:69:Infinity":6,"s:70:44:70:Infinity":7,"f:81:45:81:51":3,"s:82:40:82:Infinity":8,"s:83:40:83:Infinity":9,"b:96:21:96:Infinity:97:24:99:Infinity":11,"f:97:41:97:47":4,"s:97:47:97:78":10}}}
,"/Users/kachevn1k/Projects/alanya-holidays/components/chat/subcomponents/MessageInput.tsx": {"path":"/Users/kachevn1k/Projects/alanya-holidays/components/chat/subcomponents/MessageInput.tsx","statementMap":{"0":{"start":{"line":11,"column":57},"end":{"line":49,"column":null}},"1":{"start":{"line":17,"column":4},"end":{"line":47,"column":null}},"2":{"start":{"line":27,"column":37},"end":{"line":27,"column":null}}},"fnMap":{"0":{"name":"(anonymous_0)","decl":{"start":{"line":11,"column":57},"end":{"line":11,"column":58}},"loc":{"start":{"line":16,"column":6},"end":{"line":49,"column":null}},"line":16},"1":{"name":"(anonymous_1)","decl":{"start":{"line":27,"column":30},"end":{"line":27,"column":31}},"loc":{"start":{"line":27,"column":37},"end":{"line":27,"column":null}},"line":27}},"branchMap":{"0":{"loc":{"start":{"line":18,"column":31},"end":{"line":18,"column":220}},"type":"cond-expr","locations":[{"start":{"line":18,"column":42},"end":{"line":18,"column":121}},{"start":{"line":18,"column":121},"end":{"line":18,"column":220}}],"line":18},"1":{"loc":{"start":{"line":33,"column":21},"end":{"line":36,"column":null}},"type":"binary-expr","locations":[{"start":{"line":33,"column":21},"end":{"line":33,"column":null}},{"start":{"line":34,"column":24},"end":{"line":36,"column":null}}],"line":33},"2":{"loc":{"start":{"line":41,"column":117},"end":{"line":41,"column":294}},"type":"cond-expr","locations":[{"start":{"line":41,"column":136},"end":{"line":41,"column":200}},{"start":{"line":41,"column":200},"end":{"line":41,"column":294}}],"line":41},"3":{"loc":{"start":{"line":43,"column":51},"end":{"line":43,"column":85}},"type":"cond-expr","locations":[{"start":{"line":43,"column":70},"end":{"line":43,"column":81}},{"start":{"line":43,"column":81},"end":{"line":43,"column":85}}],"line":43}},"s":{"0":1,"1":0,"2":0},"f":{"0":0,"1":0},"b":{"0":[0,0],"1":[0,0],"2":[0,0],"3":[0,0]},"meta":{"lastBranch":4,"lastFunction":2,"lastStatement":3,"seen":{"s:11:57:49:Infinity":0,"f:11:57:11:58":0,"s:17:4:47:Infinity":1,"b:18:42:18:121:18:121:18:220":0,"f:27:30:27:31":1,"s:27:37:27:Infinity":2,"b:33:21:33:Infinity:34:24:36:Infinity":1,"b:41:136:41:200:41:200:41:294":2,"b:43:70:43:81:43:81:43:85":3}}}
,"/Users/kachevn1k/Projects/alanya-holidays/components/chat/subcomponents/MessageList.tsx": {"path":"/Users/kachevn1k/Projects/alanya-holidays/components/chat/subcomponents/MessageList.tsx","statementMap":{"0":{"start":{"line":13,"column":55},"end":{"line":98,"column":null}},"1":{"start":{"line":20,"column":4},"end":{"line":96,"column":null}},"2":{"start":{"line":47,"column":29},"end":{"line":47,"column":null}},"3":{"start":{"line":48,"column":32},"end":{"line":48,"column":null}},"4":{"start":{"line":49,"column":32},"end":{"line":49,"column":null}},"5":{"start":{"line":52,"column":39},"end":{"line":52,"column":null}},"6":{"start":{"line":53,"column":38},"end":{"line":53,"column":null}},"7":{"start":{"line":55,"column":16},"end":{"line":93,"column":null}}},"fnMap":{"0":{"name":"(anonymous_0)","decl":{"start":{"line":13,"column":55},"end":{"line":13,"column":56}},"loc":{"start":{"line":19,"column":6},"end":{"line":98,"column":null}},"line":19},"1":{"name":"(anonymous_1)","decl":{"start":{"line":46,"column":53},"end":{"line":46,"column":54}},"loc":{"start":{"line":46,"column":67},"end":{"line":95,"column":13}},"line":46}},"branchMap":{"0":{"loc":{"start":{"line":24,"column":38},"end":{"line":24,"column":140}},"type":"cond-expr","locations":[{"start":{"line":24,"column":49},"end":{"line":24,"column":58}},{"start":{"line":24,"column":58},"end":{"line":24,"column":140}}],"line":24},"1":{"loc":{"start":{"line":27,"column":14},"end":{"line":34,"column":null}},"type":"binary-expr","locations":[{"start":{"line":27,"column":14},"end":{"line":27,"column":27}},{"start":{"line":27,"column":27},"end":{"line":27,"column":null}},{"start":{"line":28,"column":16},"end":{"line":34,"column":null}}],"line":27},"2":{"loc":{"start":{"line":38,"column":13},"end":{"line":43,"column":null}},"type":"binary-expr","locations":[{"start":{"line":38,"column":13},"end":{"line":38,"column":null}},{"start":{"line":39,"column":16},"end":{"line":43,"column":null}}],"line":38},"3":{"loc":{"start":{"line":46,"column":13},"end":{"line":95,"column":null}},"type":"binary-expr","locations":[{"start":{"line":46,"column":13},"end":{"line":46,"column":40}},{"start":{"line":46,"column":40},"end":{"line":95,"column":null}}],"line":46},"4":{"loc":{"start":{"line":52,"column":39},"end":{"line":52,"column":null}},"type":"binary-expr","locations":[{"start":{"line":52,"column":39},"end":{"line":52,"column":51}},{"start":{"line":52,"column":51},"end":{"line":52,"column":null}}],"line":52},"5":{"loc":{"start":{"line":53,"column":38},"end":{"line":53,"column":null}},"type":"binary-expr","locations":[{"start":{"line":53,"column":38},"end":{"line":53,"column":50}},{"start":{"line":53,"column":50},"end":{"line":53,"column":null}}],"line":53},"6":{"loc":{"start":{"line":56,"column":64},"end":{"line":56,"column":102}},"type":"cond-expr","locations":[{"start":{"line":56,"column":71},"end":{"line":56,"column":87}},{"start":{"line":56,"column":87},"end":{"line":56,"column":102}}],"line":56},"7":{"loc":{"start":{"line":58,"column":25},"end":{"line":67,"column":null}},"type":"binary-expr","locations":[{"start":{"line":58,"column":25},"end":{"line":58,"column":null}},{"start":{"line":59,"column":28},"end":{"line":67,"column":null}}],"line":58},"8":{"loc":{"start":{"line":59,"column":82},"end":{"line":59,"column":121}},"type":"cond-expr","locations":[{"start":{"line":59,"column":98},"end":{"line":59,"column":110}},{"start":{"line":59,"column":110},"end":{"line":59,"column":121}}],"line":59},"9":{"loc":{"start":{"line":60,"column":33},"end":{"line":65,"column":null}},"type":"cond-expr","locations":[{"start":{"line":61,"column":36},"end":{"line":61,"column":null}},{"start":{"line":63,"column":36},"end":{"line":65,"column":null}}],"line":60},"10":{"loc":{"start":{"line":70,"column":57},"end":{"line":70,"column":91}},"type":"cond-expr","locations":[{"start":{"line":70,"column":64},"end":{"line":70,"column":78}},{"start":{"line":70,"column":78},"end":{"line":70,"column":91}}],"line":70},"11":{"loc":{"start":{"line":73,"column":34},"end":{"line":75,"column":null}},"type":"cond-expr","locations":[{"start":{"line":74,"column":38},"end":{"line":74,"column":null}},{"start":{"line":75,"column":38},"end":{"line":75,"column":null}}],"line":73},"12":{"loc":{"start":{"line":74,"column":64},"end":{"line":74,"column":115}},"type":"cond-expr","locations":[{"start":{"line":74,"column":81},"end":{"line":74,"column":100}},{"start":{"line":74,"column":100},"end":{"line":74,"column":115}}],"line":74},"13":{"loc":{"start":{"line":74,"column":119},"end":{"line":74,"column":169}},"type":"cond-expr","locations":[{"start":{"line":74,"column":135},"end":{"line":74,"column":154}},{"start":{"line":74,"column":154},"end":{"line":74,"column":169}}],"line":74},"14":{"loc":{"start":{"line":75,"column":103},"end":{"line":75,"column":154}},"type":"cond-expr","locations":[{"start":{"line":75,"column":120},"end":{"line":75,"column":139}},{"start":{"line":75,"column":139},"end":{"line":75,"column":154}}],"line":75},"15":{"loc":{"start":{"line":75,"column":158},"end":{"line":75,"column":208}},"type":"cond-expr","locations":[{"start":{"line":75,"column":174},"end":{"line":75,"column":193}},{"start":{"line":75,"column":193},"end":{"line":75,"column":208}}],"line":75},"16":{"loc":{"start":{"line":84,"column":34},"end":{"line":84,"column":102}},"type":"cond-expr","locations":[{"start":{"line":84,"column":41},"end":{"line":84,"column":72}},{"start":{"line":84,"column":72},"end":{"line":84,"column":102}}],"line":84},"17":{"loc":{"start":{"line":85,"column":34},"end":{"line":85,"column":140}},"type":"cond-expr","locations":[{"start":{"line":85,"column":50},"end":{"line":85,"column":66}},{"start":{"line":85,"column":66},"end":{"line":85,"column":140}}],"line":85},"18":{"loc":{"start":{"line":88,"column":33},"end":{"line":89,"column":null}},"type":"binary-expr","locations":[{"start":{"line":88,"column":33},"end":{"line":88,"column":null}},{"start":{"line":89,"column":36},"end":{"line":89,"column":null}}],"line":88},"19":{"loc":{"start":{"line":89,"column":36},"end":{"line":89,"column":null}},"type":"cond-expr","locations":[{"start":{"line":89,"column":50},"end":{"line":89,"column":103}},{"start":{"line":89,"column":103},"end":{"line":89,"column":null}}],"line":89},"20":{"loc":{"start":{"line":56,"column":30},"end":{"line":56,"column":45}},"type":"binary-expr","locations":[{"start":{"line":56,"column":30},"end":{"line":56,"column":40}},{"start":{"line":56,"column":40},"end":{"line":56,"column":45}}],"line":56}},"s":{"0":1,"1":0,"2":0,"3":0,"4":0,"5":0,"6":0,"7":0},"f":{"0":0,"1":0},"b":{"0":[0,0],"1":[0,0,0],"2":[0,0],"3":[0,0],"4":[0,0],"5":[0,0],"6":[0,0],"7":[0,0],"8":[0,0],"9":[0,0],"10":[0,0],"11":[0,0],"12":[0,0],"13":[0,0],"14":[0,0],"15":[0,0],"16":[0,0],"17":[0,0],"18":[0,0],"19":[0,0],"20":[0,0]},"meta":{"lastBranch":21,"lastFunction":2,"lastStatement":8,"seen":{"s:13:55:98:Infinity":0,"f:13:55:13:56":0,"s:20:4:96:Infinity":1,"b:24:49:24:58:24:58:24:140":0,"b:27:14:27:27:27:27:27:Infinity:28:16:34:Infinity":1,"b:38:13:38:Infinity:39:16:43:Infinity":2,"b:46:13:46:40:46:40:95:Infinity":3,"f:46:53:46:54":1,"s:47:29:47:Infinity":2,"s:48:32:48:Infinity":3,"s:49:32:49:Infinity":4,"s:52:39:52:Infinity":5,"b:52:39:52:51:52:51:52:Infinity":4,"s:53:38:53:Infinity":6,"b:53:38:53:50:53:50:53:Infinity":5,"s:55:16:93:Infinity":7,"b:56:71:56:87:56:87:56:102":6,"b:58:25:58:Infinity:59:28:67:Infinity":7,"b:59:98:59:110:59:110:59:121":8,"b:61:36:61:Infinity:63:36:65:Infinity":9,"b:70:64:70:78:70:78:70:91":10,"b:74:38:74:Infinity:75:38:75:Infinity":11,"b:74:81:74:100:74:100:74:115":12,"b:74:135:74:154:74:154:74:169":13,"b:75:120:75:139:75:139:75:154":14,"b:75:174:75:193:75:193:75:208":15,"b:84:41:84:72:84:72:84:102":16,"b:85:50:85:66:85:66:85:140":17,"b:88:33:88:Infinity:89:36:89:Infinity":18,"b:89:50:89:103:89:103:89:Infinity":19,"b:56:30:56:40:56:40:56:45":20}}}
,"/Users/kachevn1k/Projects/alanya-holidays/components/chat/subcomponents/ReportModal.tsx": {"path":"/Users/kachevn1k/Projects/alanya-holidays/components/chat/subcomponents/ReportModal.tsx","statementMap":{"0":{"start":{"line":14,"column":55},"end":{"line":105,"column":null}},"1":{"start":{"line":15,"column":17},"end":{"line":15,"column":null}},"2":{"start":{"line":16,"column":25},"end":{"line":16,"column":null}},"3":{"start":{"line":17,"column":30},"end":{"line":17,"column":null}},"4":{"start":{"line":19,"column":4},"end":{"line":19,"column":null}},"5":{"start":{"line":19,"column":17},"end":{"line":19,"column":null}},"6":{"start":{"line":21,"column":25},"end":{"line":46,"column":null}},"7":{"start":{"line":22,"column":8},"end":{"line":22,"column":null}},"8":{"start":{"line":23,"column":8},"end":{"line":23,"column":null}},"9":{"start":{"line":24,"column":8},"end":{"line":45,"column":null}},"10":{"start":{"line":25,"column":29},"end":{"line":25,"column":null}},"11":{"start":{"line":26,"column":27},"end":{"line":26,"column":null}},"12":{"start":{"line":27,"column":32},"end":{"line":27,"column":null}},"13":{"start":{"line":29,"column":12},"end":{"line":39,"column":null}},"14":{"start":{"line":30,"column":16},"end":{"line":36,"column":null}},"15":{"start":{"line":37,"column":16},"end":{"line":37,"column":null}},"16":{"start":{"line":38,"column":16},"end":{"line":38,"column":null}},"17":{"start":{"line":41,"column":12},"end":{"line":41,"column":null}},"18":{"start":{"line":42,"column":12},"end":{"line":42,"column":null}},"19":{"start":{"line":44,"column":12},"end":{"line":44,"column":null}},"20":{"start":{"line":48,"column":4},"end":{"line":103,"column":null}}},"fnMap":{"0":{"name":"(anonymous_0)","decl":{"start":{"line":14,"column":55},"end":{"line":14,"column":56}},"loc":{"start":{"line":14,"column":108},"end":{"line":105,"column":null}},"line":14},"1":{"name":"(anonymous_1)","decl":{"start":{"line":21,"column":25},"end":{"line":21,"column":32}},"loc":{"start":{"line":21,"column":72},"end":{"line":46,"column":null}},"line":21}},"branchMap":{"0":{"loc":{"start":{"line":19,"column":4},"end":{"line":19,"column":null}},"type":"if","locations":[{"start":{"line":19,"column":4},"end":{"line":19,"column":null}},{"start":{},"end":{}}],"line":19},"1":{"loc":{"start":{"line":29,"column":12},"end":{"line":39,"column":null}},"type":"if","locations":[{"start":{"line":29,"column":12},"end":{"line":39,"column":null}},{"start":{},"end":{}}],"line":29},"2":{"loc":{"start":{"line":97,"column":33},"end":{"line":97,"column":null}},"type":"cond-expr","locations":[{"start":{"line":97,"column":43},"end":{"line":97,"column":61}},{"start":{"line":97,"column":61},"end":{"line":97,"column":null}}],"line":97}},"s":{"0":1,"1":0,"2":0,"3":0,"4":0,"5":0,"6":0,"7":0,"8":0,"9":0,"10":0,"11":0,"12":0,"13":0,"14":0,"15":0,"16":0,"17":0,"18":0,"19":0,"20":0},"f":{"0":0,"1":0},"b":{"0":[0,0],"1":[0,0],"2":[0,0]},"meta":{"lastBranch":3,"lastFunction":2,"lastStatement":21,"seen":{"s:14:55:105:Infinity":0,"f:14:55:14:56":0,"s:15:17:15:Infinity":1,"s:16:25:16:Infinity":2,"s:17:30:17:Infinity":3,"b:19:4:19:Infinity:undefined:undefined:undefined:undefined":0,"s:19:4:19:Infinity":4,"s:19:17:19:Infinity":5,"s:21:25:46:Infinity":6,"f:21:25:21:32":1,"s:22:8:22:Infinity":7,"s:23:8:23:Infinity":8,"s:24:8:45:Infinity":9,"s:25:29:25:Infinity":10,"s:26:27:26:Infinity":11,"s:27:32:27:Infinity":12,"b:29:12:39:Infinity:undefined:undefined:undefined:undefined":1,"s:29:12:39:Infinity":13,"s:30:16:36:Infinity":14,"s:37:16:37:Infinity":15,"s:38:16:38:Infinity":16,"s:41:12:41:Infinity":17,"s:42:12:42:Infinity":18,"s:44:12:44:Infinity":19,"s:48:4:103:Infinity":20,"b:97:43:97:61:97:61:97:Infinity":2}}}
,"/Users/kachevn1k/Projects/alanya-holidays/components/ui/Modal.tsx": {"path":"/Users/kachevn1k/Projects/alanya-holidays/components/ui/Modal.tsx","statementMap":{"0":{"start":{"line":16,"column":43},"end":{"line":106,"column":null}},"1":{"start":{"line":26,"column":30},"end":{"line":26,"column":null}},"2":{"start":{"line":28,"column":4},"end":{"line":31,"column":null}},"3":{"start":{"line":29,"column":8},"end":{"line":29,"column":null}},"4":{"start":{"line":30,"column":8},"end":{"line":30,"column":null}},"5":{"start":{"line":30,"column":21},"end":{"line":30,"column":null}},"6":{"start":{"line":33,"column":4},"end":{"line":51,"column":null}},"7":{"start":{"line":34,"column":26},"end":{"line":36,"column":null}},"8":{"start":{"line":35,"column":12},"end":{"line":35,"column":null}},"9":{"start":{"line":35,"column":36},"end":{"line":35,"column":null}},"10":{"start":{"line":38,"column":8},"end":{"line":46,"column":null}},"11":{"start":{"line":39,"column":12},"end":{"line":41,"column":null}},"12":{"start":{"line":40,"column":16},"end":{"line":40,"column":null}},"13":{"start":{"line":42,"column":12},"end":{"line":42,"column":null}},"14":{"start":{"line":44,"column":12},"end":{"line":44,"column":null}},"15":{"start":{"line":45,"column":12},"end":{"line":45,"column":null}},"16":{"start":{"line":47,"column":8},"end":{"line":50,"column":null}},"17":{"start":{"line":48,"column":12},"end":{"line":48,"column":null}},"18":{"start":{"line":49,"column":12},"end":{"line":49,"column":null}},"19":{"start":{"line":53,"column":4},"end":{"line":53,"column":null}},"20":{"start":{"line":53,"column":64},"end":{"line":53,"column":null}},"21":{"start":{"line":55,"column":4},"end":{"line":105,"column":null}},"22":{"start":{"line":69,"column":40},"end":{"line":69,"column":null}}},"fnMap":{"0":{"name":"(anonymous_0)","decl":{"start":{"line":16,"column":43},"end":{"line":16,"column":44}},"loc":{"start":{"line":25,"column":6},"end":{"line":106,"column":null}},"line":25},"1":{"name":"(anonymous_1)","decl":{"start":{"line":28,"column":14},"end":{"line":28,"column":20}},"loc":{"start":{"line":28,"column":20},"end":{"line":31,"column":7}},"line":28},"2":{"name":"(anonymous_2)","decl":{"start":{"line":30,"column":15},"end":{"line":30,"column":21}},"loc":{"start":{"line":30,"column":21},"end":{"line":30,"column":null}},"line":30},"3":{"name":"(anonymous_3)","decl":{"start":{"line":33,"column":14},"end":{"line":33,"column":20}},"loc":{"start":{"line":33,"column":20},"end":{"line":51,"column":7}},"line":33},"4":{"name":"(anonymous_4)","decl":{"start":{"line":34,"column":26},"end":{"line":34,"column":27}},"loc":{"start":{"line":34,"column":48},"end":{"line":36,"column":null}},"line":34},"5":{"name":"(anonymous_5)","decl":{"start":{"line":47,"column":15},"end":{"line":47,"column":21}},"loc":{"start":{"line":47,"column":21},"end":{"line":50,"column":null}},"line":47},"6":{"name":"(anonymous_6)","decl":{"start":{"line":69,"column":33},"end":{"line":69,"column":34}},"loc":{"start":{"line":69,"column":40},"end":{"line":69,"column":null}},"line":69}},"branchMap":{"0":{"loc":{"start":{"line":21,"column":4},"end":{"line":21,"column":null}},"type":"default-arg","locations":[{"start":{"line":21,"column":15},"end":{"line":21,"column":null}}],"line":21},"1":{"loc":{"start":{"line":22,"column":4},"end":{"line":22,"column":null}},"type":"default-arg","locations":[{"start":{"line":22,"column":16},"end":{"line":22,"column":null}}],"line":22},"2":{"loc":{"start":{"line":23,"column":4},"end":{"line":23,"column":null}},"type":"default-arg","locations":[{"start":{"line":23,"column":22},"end":{"line":23,"column":null}}],"line":23},"3":{"loc":{"start":{"line":24,"column":4},"end":{"line":24,"column":null}},"type":"default-arg","locations":[{"start":{"line":24,"column":21},"end":{"line":24,"column":null}}],"line":24},"4":{"loc":{"start":{"line":35,"column":12},"end":{"line":35,"column":null}},"type":"if","locations":[{"start":{"line":35,"column":12},"end":{"line":35,"column":null}},{"start":{},"end":{}}],"line":35},"5":{"loc":{"start":{"line":38,"column":8},"end":{"line":46,"column":null}},"type":"if","locations":[{"start":{"line":38,"column":8},"end":{"line":46,"column":null}},{"start":{"line":43,"column":15},"end":{"line":46,"column":null}}],"line":38},"6":{"loc":{"start":{"line":39,"column":12},"end":{"line":41,"column":null}},"type":"if","locations":[{"start":{"line":39,"column":12},"end":{"line":41,"column":null}},{"start":{},"end":{}}],"line":39},"7":{"loc":{"start":{"line":53,"column":4},"end":{"line":53,"column":null}},"type":"if","locations":[{"start":{"line":53,"column":4},"end":{"line":53,"column":null}},{"start":{},"end":{}}],"line":53},"8":{"loc":{"start":{"line":53,"column":8},"end":{"line":53,"column":64}},"type":"binary-expr","locations":[{"start":{"line":53,"column":8},"end":{"line":53,"column":19}},{"start":{"line":53,"column":19},"end":{"line":53,"column":31}},{"start":{"line":53,"column":31},"end":{"line":53,"column":64}}],"line":53},"9":{"loc":{"start":{"line":72,"column":25},"end":{"line":83,"column":null}},"type":"binary-expr","locations":[{"start":{"line":72,"column":25},"end":{"line":72,"column":null}},{"start":{"line":73,"column":28},"end":{"line":83,"column":null}}],"line":72},"10":{"loc":{"start":{"line":87,"column":25},"end":{"line":93,"column":null}},"type":"binary-expr","locations":[{"start":{"line":87,"column":25},"end":{"line":87,"column":35}},{"start":{"line":87,"column":35},"end":{"line":87,"column":null}},{"start":{"line":88,"column":28},"end":{"line":93,"column":null}}],"line":87},"11":{"loc":{"start":{"line":97,"column":40},"end":{"line":97,"column":null}},"type":"cond-expr","locations":[{"start":{"line":97,"column":52},"end":{"line":97,"column":57}},{"start":{"line":97,"column":57},"end":{"line":97,"column":null}}],"line":97}},"s":{"0":1,"1":21,"2":21,"3":7,"4":7,"5":7,"6":21,"7":14,"8":0,"9":0,"10":14,"11":1,"12":1,"13":1,"14":13,"15":13,"16":14,"17":14,"18":14,"19":21,"20":20,"21":1,"22":1},"f":{"0":21,"1":7,"2":7,"3":14,"4":0,"5":14,"6":1},"b":{"0":[21],"1":[21],"2":[21],"3":[21],"4":[0,0],"5":[1,13],"6":[1,0],"7":[20,1],"8":[21,1,1],"9":[1,1],"10":[21,0,0],"11":[0,1]},"meta":{"lastBranch":12,"lastFunction":7,"lastStatement":23,"seen":{"s:16:43:106:Infinity":0,"f:16:43:16:44":0,"b:21:15:21:Infinity":0,"b:22:16:22:Infinity":1,"b:23:22:23:Infinity":2,"b:24:21:24:Infinity":3,"s:26:30:26:Infinity":1,"s:28:4:31:Infinity":2,"f:28:14:28:20":1,"s:29:8:29:Infinity":3,"s:30:8:30:Infinity":4,"f:30:15:30:21":2,"s:30:21:30:Infinity":5,"s:33:4:51:Infinity":6,"f:33:14:33:20":3,"s:34:26:36:Infinity":7,"f:34:26:34:27":4,"b:35:12:35:Infinity:undefined:undefined:undefined:undefined":4,"s:35:12:35:Infinity":8,"s:35:36:35:Infinity":9,"b:38:8:46:Infinity:43:15:46:Infinity":5,"s:38:8:46:Infinity":10,"b:39:12:41:Infinity:undefined:undefined:undefined:undefined":6,"s:39:12:41:Infinity":11,"s:40:16:40:Infinity":12,"s:42:12:42:Infinity":13,"s:44:12:44:Infinity":14,"s:45:12:45:Infinity":15,"s:47:8:50:Infinity":16,"f:47:15:47:21":5,"s:48:12:48:Infinity":17,"s:49:12:49:Infinity":18,"b:53:4:53:Infinity:undefined:undefined:undefined:undefined":7,"s:53:4:53:Infinity":19,"b:53:8:53:19:53:19:53:31:53:31:53:64":8,"s:53:64:53:Infinity":20,"s:55:4:105:Infinity":21,"f:69:33:69:34":6,"s:69:40:69:Infinity":22,"b:72:25:72:Infinity:73:28:83:Infinity":9,"b:87:25:87:35:87:35:87:Infinity:88:28:93:Infinity":10,"b:97:52:97:57:97:57:97:Infinity":11}}}
,"/Users/kachevn1k/Projects/alanya-holidays/pages/PropertyDetails.tsx": {"path":"/Users/kachevn1k/Projects/alanya-holidays/pages/PropertyDetails.tsx","statementMap":{"0":{"start":{"line":33,"column":18},"end":{"line":40,"column":null}},"1":{"start":{"line":34,"column":2},"end":{"line":39,"column":null}},"2":{"start":{"line":47,"column":22},"end":{"line":47,"column":null}},"3":{"start":{"line":49,"column":41},"end":{"line":616,"column":null}},"4":{"start":{"line":50,"column":13},"end":{"line":50,"column":null}},"5":{"start":{"line":51,"column":8},"end":{"line":51,"column":null}},"6":{"start":{"line":52,"column":20},"end":{"line":52,"column":null}},"7":{"start":{"line":53,"column":12},"end":{"line":53,"column":null}},"8":{"start":{"line":54,"column":23},"end":{"line":54,"column":null}},"9":{"start":{"line":55,"column":28},"end":{"line":55,"column":null}},"10":{"start":{"line":56,"column":36},"end":{"line":56,"column":null}},"11":{"start":{"line":57,"column":30},"end":{"line":57,"column":null}},"12":{"start":{"line":58,"column":42},"end":{"line":58,"column":null}},"13":{"start":{"line":60,"column":30},"end":{"line":60,"column":null}},"14":{"start":{"line":61,"column":36},"end":{"line":61,"column":null}},"15":{"start":{"line":62,"column":28},"end":{"line":62,"column":null}},"16":{"start":{"line":63,"column":34},"end":{"line":63,"column":null}},"17":{"start":{"line":64,"column":26},"end":{"line":64,"column":null}},"18":{"start":{"line":65,"column":32},"end":{"line":65,"column":null}},"19":{"start":{"line":66,"column":19},"end":{"line":66,"column":null}},"20":{"start":{"line":68,"column":38},"end":{"line":68,"column":null}},"21":{"start":{"line":69,"column":28},"end":{"line":69,"column":null}},"22":{"start":{"line":70,"column":30},"end":{"line":70,"column":null}},"23":{"start":{"line":71,"column":48},"end":{"line":71,"column":null}},"24":{"start":{"line":73,"column":2},"end":{"line":138,"column":null}},"25":{"start":{"line":74,"column":26},"end":{"line":136,"column":null}},"26":{"start":{"line":75,"column":6},"end":{"line":75,"column":null}},"27":{"start":{"line":75,"column":15},"end":{"line":75,"column":null}},"28":{"start":{"line":76,"column":6},"end":{"line":135,"column":null}},"29":{"start":{"line":77,"column":21},"end":{"line":77,"column":null}},"30":{"start":{"line":78,"column":8},"end":{"line":129,"column":null}},"31":{"start":{"line":80,"column":54},"end":{"line":104,"column":null}},"32":{"start":{"line":87,"column":16},"end":{"line":89,"column":null}},"33":{"start":{"line":88,"column":18},"end":{"line":88,"column":null}},"34":{"start":{"line":90,"column":16},"end":{"line":90,"column":null}},"35":{"start":{"line":106,"column":10},"end":{"line":106,"column":null}},"36":{"start":{"line":109,"column":30},"end":{"line":109,"column":null}},"37":{"start":{"line":110,"column":10},"end":{"line":112,"column":null}},"38":{"start":{"line":111,"column":12},"end":{"line":111,"column":null}},"39":{"start":{"line":111,"column":59},"end":{"line":111,"column":70}},"40":{"start":{"line":115,"column":30},"end":{"line":115,"column":null}},"41":{"start":{"line":116,"column":10},"end":{"line":116,"column":null}},"42":{"start":{"line":116,"column":30},"end":{"line":116,"column":82}},"43":{"start":{"line":119,"column":10},"end":{"line":128,"column":null}},"44":{"start":{"line":120,"column":29},"end":{"line":120,"column":null}},"45":{"start":{"line":121,"column":34},"end":{"line":124,"column":null}},"46":{"start":{"line":122,"column":14},"end":{"line":123,"column":null}},"47":{"start":{"line":125,"column":12},"end":{"line":127,"column":null}},"48":{"start":{"line":126,"column":14},"end":{"line":126,"column":null}},"49":{"start":{"line":131,"column":8},"end":{"line":131,"column":null}},"50":{"start":{"line":132,"column":8},"end":{"line":132,"column":null}},"51":{"start":{"line":134,"column":8},"end":{"line":134,"column":null}},"52":{"start":{"line":137,"column":4},"end":{"line":137,"column":null}},"53":{"start":{"line":140,"column":2},"end":{"line":179,"column":null}},"54":{"start":{"line":141,"column":27},"end":{"line":177,"column":null}},"55":{"start":{"line":142,"column":6},"end":{"line":176,"column":null}},"56":{"start":{"line":144,"column":31},"end":{"line":144,"column":null}},"57":{"start":{"line":145,"column":32},"end":{"line":145,"column":null}},"58":{"start":{"line":146,"column":24},"end":{"line":146,"column":null}},"59":{"start":{"line":147,"column":29},"end":{"line":147,"column":null}},"60":{"start":{"line":150,"column":32},"end":{"line":150,"column":null}},"61":{"start":{"line":151,"column":28},"end":{"line":151,"column":null}},"62":{"start":{"line":154,"column":32},"end":{"line":154,"column":null}},"63":{"start":{"line":155,"column":32},"end":{"line":155,"column":null}},"64":{"start":{"line":156,"column":27},"end":{"line":156,"column":null}},"65":{"start":{"line":157,"column":33},"end":{"line":157,"column":null}},"66":{"start":{"line":160,"column":25},"end":{"line":160,"column":null}},"67":{"start":{"line":161,"column":28},"end":{"line":161,"column":null}},"68":{"start":{"line":161,"column":54},"end":{"line":161,"column":58}},"69":{"start":{"line":164,"column":24},"end":{"line":164,"column":null}},"70":{"start":{"line":164,"column":82},"end":{"line":164,"column":104}},"71":{"start":{"line":167,"column":8},"end":{"line":171,"column":null}},"72":{"start":{"line":168,"column":30},"end":{"line":168,"column":null}},"73":{"start":{"line":169,"column":10},"end":{"line":169,"column":null}},"74":{"start":{"line":170,"column":10},"end":{"line":170,"column":null}},"75":{"start":{"line":173,"column":8},"end":{"line":173,"column":null}},"76":{"start":{"line":175,"column":8},"end":{"line":175,"column":null}},"77":{"start":{"line":178,"column":4},"end":{"line":178,"column":null}},"78":{"start":{"line":181,"column":2},"end":{"line":187,"column":null}},"79":{"start":{"line":182,"column":4},"end":{"line":186,"column":null}},"80":{"start":{"line":183,"column":23},"end":{"line":183,"column":null}},"81":{"start":{"line":184,"column":23},"end":{"line":184,"column":null}},"82":{"start":{"line":185,"column":6},"end":{"line":185,"column":null}},"83":{"start":{"line":189,"column":2},"end":{"line":196,"column":null}},"84":{"start":{"line":190,"column":4},"end":{"line":194,"column":null}},"85":{"start":{"line":198,"column":2},"end":{"line":206,"column":null}},"86":{"start":{"line":199,"column":4},"end":{"line":204,"column":null}},"87":{"start":{"line":203,"column":31},"end":{"line":203,"column":54}},"88":{"start":{"line":208,"column":8},"end":{"line":208,"column":null}},"89":{"start":{"line":212,"column":23},"end":{"line":215,"column":null}},"90":{"start":{"line":213,"column":22},"end":{"line":213,"column":null}},"91":{"start":{"line":214,"column":4},"end":{"line":214,"column":null}},"92":{"start":{"line":217,"column":21},"end":{"line":234,"column":null}},"93":{"start":{"line":218,"column":4},"end":{"line":231,"column":null}},"94":{"start":{"line":232,"column":29},"end":{"line":232,"column":null}},"95":{"start":{"line":233,"column":4},"end":{"line":233,"column":null}},"96":{"start":{"line":233,"column":26},"end":{"line":233,"column":null}},"97":{"start":{"line":236,"column":27},"end":{"line":248,"column":null}},"98":{"start":{"line":237,"column":4},"end":{"line":247,"column":null}},"99":{"start":{"line":250,"column":2},"end":{"line":614,"column":null}},"100":{"start":{"line":259,"column":25},"end":{"line":259,"column":null}},"101":{"start":{"line":265,"column":27},"end":{"line":265,"column":null}},"102":{"start":{"line":265,"column":51},"end":{"line":265,"column":72}},"103":{"start":{"line":273,"column":28},"end":{"line":273,"column":null}},"104":{"start":{"line":294,"column":31},"end":{"line":294,"column":null}},"105":{"start":{"line":295,"column":29},"end":{"line":295,"column":null}},"106":{"start":{"line":296,"column":37},"end":{"line":296,"column":null}},"107":{"start":{"line":298,"column":14},"end":{"line":325,"column":null}},"108":{"start":{"line":302,"column":33},"end":{"line":302,"column":null}},"109":{"start":{"line":308,"column":35},"end":{"line":308,"column":null}},"110":{"start":{"line":308,"column":59},"end":{"line":308,"column":89}},"111":{"start":{"line":334,"column":27},"end":{"line":334,"column":null}},"112":{"start":{"line":405,"column":16},"end":{"line":408,"column":null}},"113":{"start":{"line":406,"column":18},"end":{"line":406,"column":null}},"114":{"start":{"line":407,"column":18},"end":{"line":407,"column":null}},"115":{"start":{"line":409,"column":16},"end":{"line":412,"column":null}},"116":{"start":{"line":410,"column":18},"end":{"line":410,"column":null}},"117":{"start":{"line":411,"column":18},"end":{"line":411,"column":null}},"118":{"start":{"line":430,"column":16},"end":{"line":435,"column":null}},"119":{"start":{"line":465,"column":28},"end":{"line":465,"column":null}},"120":{"start":{"line":475,"column":18},"end":{"line":475,"column":null}},"121":{"start":{"line":501,"column":83},"end":{"line":501,"column":88}},"122":{"start":{"line":502,"column":20},"end":{"line":502,"column":null}},"123":{"start":{"line":532,"column":14},"end":{"line":574,"column":null}},"124":{"start":{"line":535,"column":31},"end":{"line":535,"column":null}},"125":{"start":{"line":581,"column":52},"end":{"line":581,"column":78}},"126":{"start":{"line":594,"column":29},"end":{"line":594,"column":null}},"127":{"start":{"line":601,"column":16},"end":{"line":601,"column":null}},"128":{"start":{"line":602,"column":16},"end":{"line":602,"column":null}}},"fnMap":{"0":{"name":"(anonymous_0)","decl":{"start":{"line":33,"column":58},"end":{"line":33,"column":59}},"loc":{"start":{"line":34,"column":2},"end":{"line":39,"column":null}},"line":34},"1":{"name":"(anonymous_1)","decl":{"start":{"line":49,"column":41},"end":{"line":49,"column":47}},"loc":{"start":{"line":49,"column":47},"end":{"line":616,"column":null}},"line":49},"2":{"name":"(anonymous_2)","decl":{"start":{"line":73,"column":12},"end":{"line":73,"column":18}},"loc":{"start":{"line":73,"column":18},"end":{"line":138,"column":5}},"line":73},"3":{"name":"(anonymous_3)","decl":{"start":{"line":74,"column":26},"end":{"line":74,"column":38}},"loc":{"start":{"line":74,"column":38},"end":{"line":136,"column":null}},"line":74},"4":{"name":"(anonymous_4)","decl":{"start":{"line":86,"column":35},"end":{"line":86,"column":36}},"loc":{"start":{"line":86,"column":47},"end":{"line":91,"column":15}},"line":86},"5":{"name":"(anonymous_5)","decl":{"start":{"line":111,"column":44},"end":{"line":111,"column":45}},"loc":{"start":{"line":111,"column":59},"end":{"line":111,"column":70}},"line":111},"6":{"name":"(anonymous_6)","decl":{"start":{"line":116,"column":22},"end":{"line":116,"column":30}},"loc":{"start":{"line":116,"column":30},"end":{"line":116,"column":82}},"line":116},"7":{"name":"(anonymous_7)","decl":{"start":{"line":121,"column":49},"end":{"line":121,"column":50}},"loc":{"start":{"line":122,"column":14},"end":{"line":123,"column":null}},"line":122},"8":{"name":"(anonymous_8)","decl":{"start":{"line":140,"column":12},"end":{"line":140,"column":18}},"loc":{"start":{"line":140,"column":18},"end":{"line":179,"column":5}},"line":140},"9":{"name":"(anonymous_9)","decl":{"start":{"line":141,"column":27},"end":{"line":141,"column":39}},"loc":{"start":{"line":141,"column":39},"end":{"line":177,"column":null}},"line":141},"10":{"name":"(anonymous_10)","decl":{"start":{"line":161,"column":49},"end":{"line":161,"column":54}},"loc":{"start":{"line":161,"column":54},"end":{"line":161,"column":58}},"line":161},"11":{"name":"(anonymous_11)","decl":{"start":{"line":164,"column":77},"end":{"line":164,"column":82}},"loc":{"start":{"line":164,"column":82},"end":{"line":164,"column":104}},"line":164},"12":{"name":"(anonymous_12)","decl":{"start":{"line":181,"column":12},"end":{"line":181,"column":18}},"loc":{"start":{"line":181,"column":18},"end":{"line":187,"column":5}},"line":181},"13":{"name":"(anonymous_13)","decl":{"start":{"line":203,"column":25},"end":{"line":203,"column":31}},"loc":{"start":{"line":203,"column":31},"end":{"line":203,"column":54}},"line":203},"14":{"name":"(anonymous_14)","decl":{"start":{"line":212,"column":23},"end":{"line":212,"column":24}},"loc":{"start":{"line":212,"column":43},"end":{"line":215,"column":null}},"line":212},"15":{"name":"(anonymous_15)","decl":{"start":{"line":217,"column":21},"end":{"line":217,"column":27}},"loc":{"start":{"line":217,"column":27},"end":{"line":234,"column":null}},"line":217},"16":{"name":"(anonymo
[...]
:{"loc":{"start":{"line":514,"column":16},"end":{"line":514,"column":47}},"type":"binary-expr","locations":[{"start":{"line":514,"column":16},"end":{"line":514,"column":42}},{"start":{"line":514,"column":42},"end":{"line":514,"column":47}}],"line":514},"106":{"loc":{"start":{"line":515,"column":154},"end":{"line":515,"column":181}},"type":"binary-expr","locations":[{"start":{"line":515,"column":154},"end":{"line":515,"column":180}},{"start":{"line":515,"column":180},"end":{"line":515,"column":181}}],"line":515},"107":{"loc":{"start":{"line":519,"column":50},"end":{"line":519,"column":78}},"type":"binary-expr","locations":[{"start":{"line":519,"column":50},"end":{"line":519,"column":76}},{"start":{"line":519,"column":76},"end":{"line":519,"column":78}}],"line":519},"108":{"loc":{"start":{"line":540,"column":25},"end":{"line":540,"column":null}},"type":"binary-expr","locations":[{"start":{"line":540,"column":25},"end":{"line":540,"column":48}},{"start":{"line":540,"column":48},"end":{"line":540,"column":null}}],"line":540},"109":{"loc":{"start":{"line":545,"column":21},"end":{"line":548,"column":null}},"type":"cond-expr","locations":[{"start":{"line":545,"column":46},"end":{"line":545,"column":null}},{"start":{"line":546,"column":22},"end":{"line":548,"column":null}}],"line":545},"110":{"loc":{"start":{"line":546,"column":22},"end":{"line":548,"column":null}},"type":"cond-expr","locations":[{"start":{"line":546,"column":48},"end":{"line":546,"column":null}},{"start":{"line":547,"column":24},"end":{"line":548,"column":null}}],"line":546},"111":{"loc":{"start":{"line":547,"column":24},"end":{"line":548,"column":null}},"type":"cond-expr","locations":[{"start":{"line":547,"column":50},"end":{"line":547,"column":null}},{"start":{"line":548,"column":26},"end":{"line":548,"column":null}}],"line":547},"112":{"loc":{"start":{"line":559,"column":55},"end":{"line":559,"column":95}},"type":"binary-expr","locations":[{"start":{"line":559,"column":55},"end":{"line":559,"column":75}},{"start":{"line":559,"column":75},"end":{"line":559,"column":95}}],"line":559},"113":{"loc":{"start":{"line":588,"column":15},"end":{"line":588,"column":null}},"type":"binary-expr","locations":[{"start":{"line":588,"column":15},"end":{"line":588,"column":45}},{"start":{"line":588,"column":45},"end":{"line":588,"column":null}}],"line":588},"114":{"loc":{"start":{"line":613,"column":7},"end":{"line":613,"column":null}},"type":"binary-expr","locations":[{"start":{"line":613,"column":7},"end":{"line":613,"column":19}},{"start":{"line":613,"column":7},"end":{"line":613,"column":null}}],"line":613}},"s":{"0":1,"1":0,"2":1,"3":1,"4":27,"5":27,"6":27,"7":27,"8":27,"9":27,"10":27,"11":27,"12":27,"13":27,"14":27,"15":27,"16":27,"17":27,"18":27,"19":27,"20":27,"21":27,"22":27,"23":27,"24":27,"25":10,"26":10,"27":0,"28":10,"29":10,"30":8,"31":7,"32":14,"33":7,"34":7,"35":7,"36":7,"37":7,"38":7,"39":7,"40":7,"41":7,"42":7,"43":7,"44":6,"45":6,"46":6,"47":6,"48":6,"49":1,"50":1,"51":9,"52":10,"53":27,"54":10,"55":10,"56":10,"57":10,"58":10,"59":10,"60":10,"61":10,"62":10,"63":10,"64":10,"65":10,"66":10,"67":10,"68":20,"69":10,"70":20,"71":10,"72":0,"73":0,"74":0,"75":10,"76":0,"77":10,"78":27,"79":12,"80":1,"81":1,"82":1,"83":27,"84":11,"85":16,"86":2,"87":1,"88":14,"89":27,"90":98,"91":98,"92":27,"93":1,"94":1,"95":1,"96":1,"97":27,"98":0,"99":27,"100":1,"101":1,"102":1,"103":0,"104":56,"105":56,"106":56,"107":56,"108":1,"109":0,"110":0,"111":1,"112":2,"113":1,"114":1,"115":1,"116":1,"117":1,"118":28,"119":1,"120":0,"121":56,"122":56,"123":28,"124":1,"125":0,"126":0,"127":1,"128":1},"f":{"0":0,"1":27,"2":10,"3":10,"4":14,"5":7,"6":7,"7":6,"8":10,"9":10,"10":20,"11":20,"12":12,"13":1,"14":98,"15":1,"16":0,"17":1,"18":1,"19":1,"20":0,"21":56,"22":1,"23":0,"24":0,"25":1,"26":2,"27":28,"28":1,"29":0,"30":56,"31":56,"32":28,"33":1,"34":0,"35":0,"36":1},"b":{"0":[0,10],"1":[7,1],"2":[7,0],"3":[7,0],"4":[7,0],"5":[7,0],"6":[7,7],"7":[14,7],"8":[7,0,0,0],"9":[7,0],"10":[7,0],"11":[7,0],"12":[7,0],"13":[7,0],"14":[7,0],"15":[0,0],"16":[0,0],"17":[7,0],"18":[0,0],"19":[7,0],"20":[7,0],"21":[7,0],"22":[7,0],"23":[7,0],"24":[6,1],"25":[7,6],"26":[6,6,0],"27":[6,0],"28":[10,0],"29":[10,0],"30":[10,0],"31":[10,0],"32":[10,10],"33":[10,0],"34":[10,0],"35":[0,10],"36":[10,0],"37":[10,10],"38":[1,11],"39":[12,2],"40":[1,0],"41":[11,16],"42":[2,14],"43":[14,0],"44":[98,0],"45":[1,0],"46":[1,0],"47":[1,0],"48":[1,0],"49":[1,0],"50":[1,0],"51":[1,0],"52":[0,0],"53":[0,0],"54":[0,0],"55":[0,0],"56":[0,14],"57":[27,0],"58":[1,0],"59":[13,1],"60":[27,14],"61":[27,0],"62":[27,0,0],"63":[14,0],"64":[27,0],"65":[14,0],"66":[27,14],"67":[27,0],"68":[0,14],"69":[0,14],"70":[56,0],"71":[56,0],"72":[1,0],"73":[56,14,14],"74":[56,14,0,0],"75":[1,0],"76":[27,0],"77":[27,0],"78":[27,0,0],"79":[14,0],"80":[27,0],"81":[14,0],"82":[27,0],"83":[27,0],"84":[27,0],"85":[27,0],"86":[27,0],"87":[14,0],"88":[27,0],"89":[27,14,14,0],"90":[0,0],"91":[0,0],"92":[1,1],"93":[1,0],"94":[27,0],"95":[27,0],"96":[27,11],"97":[27,14],"98":[27,0],"99":[14,0],"100":[27,0],"101":[27,11],"102":[27,0],"103":[27,0],"104":[27,14],"105":[27,0],"106":[14,0],"107":[27,0],"108":[28,0],"109":[14,14],"110":[0,14],"111":[0,14],"112":[28,0],"113":[27,0],"114":[27,1]},"meta":{"lastBranch":115,"lastFunction":37,"lastStatement":129,"seen":{"s:33:18:40:Infinity":0,"f:33:58:33:59":0,"s:34:2:39:Infinity":1,"s:47:22:47:Infinity":2,"s:49:41:616:Infinity":3,"f:49:41:49:47":1,"s:50:13:50:Infinity":4,"s:51:8:51:Infinity":5,"s:52:20:52:Infinity":6,"s:53:12:53:Infinity":7,"s:54:23:54:Infinity":8,"s:55:28:55:Infinity":9,"s:56:36:56:Infinity":10,"s:57:30:57:Infinity":11,"s:58:42:58:Infinity":12,"s:60:30:60:Infinity":13,"s:61:36:61:Infinity":14,"s:62:28:62:Infinity":15,"s:63:34:63:Infinity":16,"s:64:26:64:Infinity":17,"s:65:32:65:Infinity":18,"s:66:19:66:Infinity":19,"s:68:38:68:Infinity":20,"s:69:28:69:Infinity":21,"s:70:30:70:Infinity":22,"s:71:48:71:Infinity":23,"s:73:2:138:Infinity":24,"f:73:12:73:18":2,"s:74:26:136:Infinity":25,"f:74:26:74:38":3,"b:75:6:75:Infinity:undefined:undefined:undefined:undefined":0,"s:75:6:75:Infinity":26,"s:75:15:75:Infinity":27,"s:76:6:135:Infinity":28,"s:77:21:77:Infinity":29,"b:78:8:129:Infinity:undefined:undefined:undefined:undefined":1,"s:78:8:129:Infinity":30,"s:80:54:104:Infinity":31,"b:82:19:82:33:82:33:82:Infinity":2,"b:83:25:83:45:83:45:83:Infinity":3,"b:84:49:84:63:84:63:84:Infinity":4,"b:86:16:91:Infinity:92:16:92:Infinity":5,"f:86:35:86:36":4,"b:87:16:89:Infinity:undefined:undefined:undefined:undefined":6,"s:87:16:89:Infinity":32,"b:87:20:87:45:87:45:87:57":7,"s:88:18:88:Infinity":33,"b:88:25:88:36:88:36:88:46:88:46:88:57:88:57:88:Infinity":8,"s:90:16:90:Infinity":34,"b:93:27:93:59:93:59:93:Infinity":9,"b:94:20:94:39:94:39:94:Infinity":10,"b:95:22:95:39:95:39:95:Infinity":11,"b:96:18:96:31:96:31:96:Infinity":12,"b:97:23:97:41:97:41:97:Infinity":13,"b:99:22:99:48:99:48:99:Infinity":14,"b:99:74:99:144:99:144:99:Infinity":15,"b:99:74:99:110:99:110:99:144":16,"b:100:24:100:51:100:51:100:Infinity":17,"b:100:76:100:111:100:111:100:Infinity":18,"b:101:20:101:35:101:35:101:Infinity":19,"b:102:26:102:48:102:48:102:Infinity":20,"b:103:26:103:55:103:55:103:Infinity":21,"s:106:10:106:Infinity":35,"s:109:30:109:Infinity":36,"b:110:10:112:Infinity:undefined:undefined:undefined:undefined":22,"s:110:10:112:Infinity":37,"s:111:12:111:Infinity":38,"f:111:44:111:45":5,"s:111:59:111:70":39,"s:115:30:115:Infinity":40,"s:116:10:116:Infinity":41,"f:116:22:116:30":6,"s:116:30:116:82":42,"b:116:37:116:78:116:78:116:82":23,"b:119:10:128:Infinity:undefined:undefined:undefined:undefined":24,"s:119:10:128:Infinity":43,"b:119:14:119:33:119:33:119:39":25,"s:120:29:120:Infinity":44,"s:121:34:124:Infinity":45,"f:121:49:121:50":7,"s:122:14:123:Infinity":46,"b:122:14:122:Infinity:123:15:123:43:123:43:123:Infinity":26,"b:125:12:127:Infinity:undefined:undefined:undefined:undefined":27,"s:125:12:127:Infinity":47,"s:126:14:126:Infinity":48,"s:131:8:131:Infinity":49,"s:132:8:132:Infinity":50,"s:134:8:134:Infinity":51,"s:137:4:137:Infinity":52,"s:140:2:179:Infinity":53,"f:140:12:140:18":8,"s:141:27:177:Infinity":54,"f:141:27:141:39":9,"s:142:6:176:Infinity":55,"s:144:31:144:Infinity":56,"s:145:32:145:Infinity":57,"s:146:24:146:Infinity":58,"b:146:29:146:37:146:37:146:42":28,"b:146:46:146:55:146:55:146:58":29,"s:147:29:147:Infinity":59,"b:147:50:147:104:147:104:147:Infinity":30,"s:150:32:150:Infinity":60,"s:151:28:151:Infinity":61,"b:151:57:151:107:151:107:151:Infinity":31,"b:151:28:151:37:151:37:151:57":32,"s:154:32:154:Infinity":62,"s:155:32:155:Infinity":63,"s:156:27:156:Infinity":64,"b:156:32:156:41:156:41:156:46":33,"b:156:50:156:59:156:59:156:62":34,"s:157:33:157:Infinity":65,"b:157:57:157:117:157:117:157:Infinity":35,"s:160:25:160:Infinity":66,"s:161:28:161:Infinity":67,"f:161:49:161:54":10,"s:161:54:161:58":68,"s:164:24:164:Infinity":69,"b:164:41:164:50:164:50:164:55":36,"f:164:77:164:82":11,"s:164:82:164:104":70,"s:167:8:171:Infinity":71,"b:167:15:167:38:167:38:167:58":37,"s:168:30:168:Infinity":72,"s:169:10:169:Infinity":73,"s:170:10:170:Infinity":74,"s:173:8:173:Infinity":75,"s:175:8:175:Infinity":76,"s:178:4:178:Infinity":77,"s:181:2:187:Infinity":78,"f:181:12:181:18":12,"b:182:4:186:Infinity:undefined:undefined:undefined:undefined":38,"s:182:4:186:Infinity":79,"b:182:8:182:19:182:19:182:29":39,"s:183:23:183:Infinity":80,"s:184:23:184:Infinity":81,"s:185:6:185:Infinity":82,"b:185:31:185:42:185:42:185:43":40,"b:189:2:196:Infinity:undefined:undefined:undefined:undefined":41,"s:189:2:196:Infinity":83,"s:190:4:194:Infinity":84,"b:198:2:206:Infinity:undefined:undefined:undefined:undefined":42,"s:198:2:206:Infinity":85,"s:199:4:204:Infinity":86,"f:203:25:203:31":13,"s:203:31:203:54":87,"s:208:8:208:Infinity":88,"b:208:22:208:49:208:49:208:54":43,"s:212:23:215:Infinity":89,"f:212:23:212:24":14,"s:213:22:213:Infinity":90,"b:213:35:213:45:213:45:213:48":44,"s:214:4:214:Infinity":91,"s:217:21:234:Infinity":92,"f:217:21:217:27":15,"s:218:4:231:Infinity":93,"b:222:27:222:52:222:52:222:Infinity":45,"b:225:27:225:153:225:153:225:Infinity":46,"b:226:26:226:155:226:155:226:Infinity":47,"b:227:21:227:91:227:91:227:92":48,"b:228:19:228:44:228:44:228:Infinity":49,"b:229:21:229:47:229:47:229:Infinity":50,"s:232:29:232:Infinity":94,"b:233:4:233:Infinity:undefined:undefined:undefined:undefined":51,"s:233:4:233:Infinity":95,"s:233:26:233:Infinity":96,"s:236:27:248:Infinity":97,"f:236:27:236:28":16,"s:237:4:247:Infinity":98,"b:243:55:243:77:243:77:243:Infinity":52,"b:244:27:244:153:244:153:244:Infinity":53,"b:245:26:245:155:245:155:245:Infinity":54,"b:246:22:246:148:246:148:246:Infinity":55,"s:250:2:614:Infinity":99,"b:253:151:253:167:253:167:253:Infinity":56,"b:253:112:253:140:253:140:253:147":57,"f:259:19:259:25":17,"s:259:25:259:Infinity":100,"b:259:38:259:58:259:58:259:62":58,"b:262:62:262:83:262:83:262:Infinity":59,"b:262:18:262:43:262:43:262:62":60,"f:265:21:265:27":18,"s:265:27:265:Infinity":101,"f:265:42:265:51":19,"s:265:51:265:72":102,"f:273:21:273:22":20,"s:273:28:273:Infinity":103,"b:277:17:277:36:277:36:277:Infinity":61,"b:280:127:280:148:280:148:280:170:280:170:280:184":62,"b:281:160:281:240:281:240:281:333":63,"b:281:125:281:151:281:151:281:156":64,"b:281:164:281:184:281:184:281:189":65,"b:285:8:288:Infinity:289:10:328:Infinity":66,"b:288:10:288:38:288:38:288:43":67,"b:289:108:289:Infinity:290:13:291:Infinity":68,"b:290:47:290:Infinity:291:14:291:Infinity":69,"f:293:47:293:48":21,"s:294:31:294:Infinity":104,"s:295:29:295:Infinity":105,"b:295:49:295:77:295:77:295:82":70,"s:296:37:296:Infinity":106,"b:296:50:296:78:296:78:296:83":71,"s:298:14:325:Infinity":107,"f:302:27:302:33":22,"s:302:33:302:Infinity":108,"b:302:46:302:66:302:66:302:70":72,"f:308:29:308:35":23,"s:308:35:308:Infinity":109,"f:308:50:308:59":24,"s:308:59:308:89":110,"b:310:19:310:29:310:29:310:Infinity:311:20:315:Infinity":73,"b:317:19:317:29:317:29:317:53:317:53:317:Infinity:318:20:323:Infinity":74,"f:334:21:334:27":25,"s:334:27:334:Infinity":111,"b:334:40:334:60:334:60:334:64":75,"b:338:13:338:41:338:41:338:43":76,"b:346:11:346:30:346:30:346:Infinity":77,"b:350:138:350:159:350:159:350:181:350:181:350:195":78,"b:353:168:353:212:353:212:353:218":79,"b:353:133:353:159:353:159:353:164":80,"b:353:172:353:192:353:192:353:197":81,"b:355:94:355:120:355:120:355:122":82,"b:367:82:367:102:367:102:367:104":83,"b:371:82:371:104:371:104:371:106":84,"b:375:82:375:100:375:100:375:102":85,"b:379:82:379:105:379:105:379:107":86,"b:387:18:387:Infinity:389:18:389:Infinity":87,"b:393:99:393:121:393:121:393:139":88,"b:395:17:395:36:395:36:395:59:395:59:395:Infinity:396:18:399:Infinity":89,"b:397:21:397:44:397:44:397:Infinity":90,"b:398:21:398:44:398:44:398:Infinity":91,"f:404:23:404:29":26,"b:405:16:408:Infinity:undefined:undefined:undefined:undefined":92,"s:405:16:408:Infinity":112,"s:406:18:406:Infinity":113,"s:407:18:407:Infinity":114,"b:409:16:412:Infinity:undefined:undefined:undefined:undefined":93,"s:409:16:412:Infinity":115,"s:410:18:410:Infinity":116,"s:411:18:411:Infinity":117,"b:423:79:423:104:423:104:423:131":94,"b:429:16:429:39:429:39:429:43":95,"f:429:47:429:48":27,"s:430:16:435:Infinity":118,"b:441:11:441:Infinity:442:12:454:Infinity":96,"b:457:11:457:27:457:27:457:Infinity":97,"f:465:21:465:22":28,"s:465:28:465:Infinity":119,"b:469:98:469:125:469:125:469:126":98,"f:474:25:474:31":29,"s:475:18:475:Infinity":120,"b:479:18:479:Infinity:481:18:481:Infinity":99,"b:478:18:478:44:478:44:478:49":100,"b:495:132:495:143:495:143:495:155":101,"b:501:47:501:67:501:67:501:68":102,"f:501:73:501:74":30,"s:501:83:501:88":121,"f:501:94:501:95":31,"s:502:20:502:Infinity":122,"b:513:115:513:142:513:142:513:143":103,"b:513:209:514:Infinity:515:16:515:Infinity":104,"b:514:16:514:42:514:42:514:47":105,"b:515:154:515:180:515:180:515:181":106,"b:519:50:519:76:519:76:519:78":107,"f:531:35:531:Infinity":32,"s:532:14:574:Infinity":123,"f:535:25:535:31":33,"s:535:31:535:Infinity":124,"b:540:25:540:48:540:48:540:Infinity":108,"b:545:46:545:Infinity:546:22:548:Infinity":109,"b:546:48:546:Infinity:547:24:548:Infinity":110,"b:547:50:547:Infinity:548:26:548:Infinity":111,"b:559:55:559:75:559:75:559:95":112,"f:581:46:581:52":34,"s:581:52:581:78":125,"b:588:15:588:45:588:45:588:Infinity":113,"f:594:23:594:29":35,"s:594:29:594:Infinity":126,"f:600:23:600:29":36,"s:601:16:601:Infinity":127,"s:602:16:602:Infinity":128,"b:613:7:613:19:613:7:613:Infinity":114}}}
,"/Users/kachevn1k/Projects/alanya-holidays/types/enums.ts": {"path":"/Users/kachevn1k/Projects/alanya-holidays/types/enums.ts","statementMap":{"0":{"start":{"line":1,"column":7},"end":{"line":1,"column":null}},"1":{"start":{"line":2,"column":2},"end":{"line":2,"column":null}},"2":{"start":{"line":3,"column":2},"end":{"line":3,"column":null}},"3":{"start":{"line":4,"column":2},"end":{"line":4,"column":null}},"4":{"start":{"line":5,"column":2},"end":{"line":5,"column":null}},"5":{"start":{"line":6,"column":2},"end":{"line":6,"column":null}},"6":{"start":{"line":9,"column":2},"end":{"line":9,"column":null}},"7":{"start":{"line":10,"column":2},"end":{"line":10,"column":null}},"8":{"start":{"line":11,"column":2},"end":{"line":11,"column":null}},"9":{"start":{"line":12,"column":2},"end":{"line":12,"column":null}},"10":{"start":{"line":1,"column":12},"end":{"line":1,"column":null}},"11":{"start":{"line":15,"column":7},"end":{"line":15,"column":null}},"12":{"start":{"line":16,"column":2},"end":{"line":16,"column":null}},"13":{"start":{"line":17,"column":2},"end":{"line":17,"column":null}},"14":{"start":{"line":15,"column":12},"end":{"line":15,"column":null}},"15":{"start":{"line":20,"column":7},"end":{"line":20,"column":null}},"16":{"start":{"line":21,"column":2},"end":{"line":21,"column":null}},"17":{"start":{"line":22,"column":2},"end":{"line":22,"column":null}},"18":{"start":{"line":23,"column":2},"end":{"line":23,"column":null}},"19":{"start":{"line":20,"column":12},"end":{"line":20,"column":null}},"20":{"start":{"line":26,"column":7},"end":{"line":26,"column":null}},"21":{"start":{"line":27,"column":2},"end":{"line":27,"column":null}},"22":{"start":{"line":28,"column":2},"end":{"line":28,"column":null}},"23":{"start":{"line":29,"column":2},"end":{"line":29,"column":null}},"24":{"start":{"line":30,"column":2},"end":{"line":30,"column":null}},"25":{"start":{"line":26,"column":12},"end":{"line":26,"column":null}}},"fnMap":{"0":{"name":"(anonymous_0)","decl":{"start":{"line":1,"column":7},"end":{"line":1,"column":12}},"loc":{"start":{"line":1,"column":7},"end":{"line":1,"column":null}},"line":1},"1":{"name":"(anonymous_1)","decl":{"start":{"line":15,"column":7},"end":{"line":15,"column":12}},"loc":{"start":{"line":15,"column":7},"end":{"line":15,"column":null}},"line":15},"2":{"name":"(anonymous_2)","decl":{"start":{"line":20,"column":7},"end":{"line":20,"column":12}},"loc":{"start":{"line":20,"column":7},"end":{"line":20,"column":null}},"line":20},"3":{"name":"(anonymous_3)","decl":{"start":{"line":26,"column":7},"end":{"line":26,"column":12}},"loc":{"start":{"line":26,"column":7},"end":{"line":26,"column":null}},"line":26}},"branchMap":{"0":{"loc":{"start":{"line":1,"column":12},"end":{"line":1,"column":null}},"type":"binary-expr","locations":[{"start":{"line":1,"column":12},"end":{"line":1,"column":null}},{"start":{"line":1,"column":12},"end":{"line":1,"column":null}}],"line":1},"1":{"loc":{"start":{"line":15,"column":12},"end":{"line":15,"column":null}},"type":"binary-expr","locations":[{"start":{"line":15,"column":12},"end":{"line":15,"column":null}},{"start":{"line":15,"column":12},"end":{"line":15,"column":null}}],"line":15},"2":{"loc":{"start":{"line":20,"column":12},"end":{"line":20,"column":null}},"type":"binary-expr","locations":[{"start":{"line":20,"column":12},"end":{"line":20,"column":null}},{"start":{"line":20,"column":12},"end":{"line":20,"column":null}}],"line":20},"3":{"loc":{"start":{"line":26,"column":12},"end":{"line":26,"column":null}},"type":"binary-expr","locations":[{"start":{"line":26,"column":12},"end":{"line":26,"column":null}},{"start":{"line":26,"column":12},"end":{"line":26,"column":null}}],"line":26}},"s":{"0":1,"1":1,"2":1,"3":1,"4":1,"5":1,"6":1,"7":1,"8":1,"9":1,"10":1,"11":1,"12":1,"13":1,"14":1,"15":1,"16":1,"17":1,"18":1,"19":1,"20":1,"21":1,"22":1,"23":1,"24":1,"25":1},"f":{"0":1,"1":1,"2":1,"3":1},"b":{"0":[1,1],"1":[1,1],"2":[1,1],"3":[1,1]},"meta":{"lastBranch":4,"lastFunction":4,"lastStatement":26,"seen":{"s:1:7:1:Infinity":0,"f:1:7:1:12":0,"s:2:2:2:Infinity":1,"s:3:2:3:Infinity":2,"s:4:2:4:Infinity":3,"s:5:2:5:Infinity":4,"s:6:2:6:Infinity":5,"s:9:2:9:Infinity":6,"s:10:2:10:Infinity":7,"s:11:2:11:Infinity":8,"s:12:2:12:Infinity":9,"s:1:12:1:Infinity":10,"b:1:12:1:Infinity:1:12:1:Infinity":0,"s:15:7:15:Infinity":11,"f:15:7:15:12":1,"s:16:2:16:Infinity":12,"s:17:2:17:Infinity":13,"s:15:12:15:Infinity":14,"b:15:12:15:Infinity:15:12:15:Infinity":1,"s:20:7:20:Infinity":15,"f:20:7:20:12":2,"s:21:2:21:Infinity":16,"s:22:2:22:Infinity":17,"s:23:2:23:Infinity":18,"s:20:12:20:Infinity":19,"b:20:12:20:Infinity:20:12:20:Infinity":2,"s:26:7:26:Infinity":20,"f:26:7:26:12":3,"s:27:2:27:Infinity":21,"s:28:2:28:Infinity":22,"s:29:2:29:Infinity":23,"s:30:2:30:Infinity":24,"s:26:12:26:Infinity":25,"b:26:12:26:Infinity:26:12:26:Infinity":3}}}
,"/Users/kachevn1k/Projects/alanya-holidays/types/index.ts": {"path":"/Users/kachevn1k/Projects/alanya-holidays/types/index.ts","statementMap":{"0":{"start":{"line":1,"column":0},"end":{"line":1,"column":null}},"1":{"start":{"line":2,"column":0},"end":{"line":2,"column":null}}},"fnMap":{},"branchMap":{},"s":{"0":1,"1":1},"f":{},"b":{},"meta":{"lastBranch":0,"lastFunction":0,"lastStatement":2,"seen":{"s:1:0:1:Infinity":0,"s:2:0:2:Infinity":1}}}
,"/Users/kachevn1k/Projects/alanya-holidays/types/models.ts": {"path":"/Users/kachevn1k/Projects/alanya-holidays/types/models.ts","statementMap":{},"fnMap":{},"branchMap":{},"s":{},"f":{},"b":{},"meta":{"lastBranch":0,"lastFunction":0,"lastStatement":0,"seen":{}}}
}
